[ 2025-04-09 15:28:59,710 ] botocore.hooks - DEBUG - Changing event name from creating-client-class.iot-data to creating-client-class.iot-data-plane
[ 2025-04-09 15:28:59,711 ] botocore.hooks - DEBUG - Changing event name from before-call.apigateway to before-call.api-gateway
[ 2025-04-09 15:28:59,711 ] botocore.hooks - DEBUG - Changing event name from request-created.machinelearning.Predict to request-created.machine-learning.Predict
[ 2025-04-09 15:28:59,711 ] botocore.hooks - DEBUG - Changing event name from before-parameter-build.autoscaling.CreateLaunchConfiguration to before-parameter-build.auto-scaling.CreateLaunchConfiguration
[ 2025-04-09 15:28:59,711 ] botocore.hooks - DEBUG - Changing event name from before-parameter-build.route53 to before-parameter-build.route-53
[ 2025-04-09 15:28:59,711 ] botocore.hooks - DEBUG - Changing event name from request-created.cloudsearchdomain.Search to request-created.cloudsearch-domain.Search
[ 2025-04-09 15:28:59,712 ] botocore.hooks - DEBUG - Changing event name from docs.*.autoscaling.CreateLaunchConfiguration.complete-section to docs.*.auto-scaling.CreateLaunchConfiguration.complete-section
[ 2025-04-09 15:28:59,712 ] botocore.hooks - DEBUG - Changing event name from before-parameter-build.logs.CreateExportTask to before-parameter-build.cloudwatch-logs.CreateExportTask
[ 2025-04-09 15:28:59,712 ] botocore.hooks - DEBUG - Changing event name from docs.*.logs.CreateExportTask.complete-section to docs.*.cloudwatch-logs.CreateExportTask.complete-section
[ 2025-04-09 15:28:59,712 ] botocore.hooks - DEBUG - Changing event name from before-parameter-build.cloudsearchdomain.Search to before-parameter-build.cloudsearch-domain.Search
[ 2025-04-09 15:28:59,712 ] botocore.hooks - DEBUG - Changing event name from docs.*.cloudsearchdomain.Search.complete-section to docs.*.cloudsearch-domain.Search.complete-section
[ 2025-04-09 15:28:59,714 ] botocore.loaders - DEBUG - Loading JSON file: /Users/khalid/Desktop/ML-Model-Deployment/.venv/lib/python3.9/site-packages/botocore/data/endpoints.json
[ 2025-04-09 15:28:59,720 ] botocore.loaders - DEBUG - Loading JSON file: /Users/khalid/Desktop/ML-Model-Deployment/.venv/lib/python3.9/site-packages/botocore/data/sdk-default-configuration.json
[ 2025-04-09 15:28:59,721 ] botocore.hooks - DEBUG - Event choose-service-name: calling handler <function handle_service_name_alias at 0x14b1ed040>
[ 2025-04-09 15:28:59,731 ] botocore.loaders - DEBUG - Loading JSON file: /Users/khalid/Desktop/ML-Model-Deployment/.venv/lib/python3.9/site-packages/botocore/data/s3/2006-03-01/service-2.json.gz
[ 2025-04-09 15:28:59,735 ] botocore.loaders - DEBUG - Loading JSON file: /Users/khalid/Desktop/ML-Model-Deployment/.venv/lib/python3.9/site-packages/botocore/data/s3/2006-03-01/service-2.sdk-extras.json
[ 2025-04-09 15:28:59,742 ] botocore.loaders - DEBUG - Loading JSON file: /Users/khalid/Desktop/ML-Model-Deployment/.venv/lib/python3.9/site-packages/botocore/data/s3/2006-03-01/endpoint-rule-set-1.json.gz
[ 2025-04-09 15:28:59,743 ] botocore.loaders - DEBUG - Loading JSON file: /Users/khalid/Desktop/ML-Model-Deployment/.venv/lib/python3.9/site-packages/botocore/data/partitions.json
[ 2025-04-09 15:28:59,744 ] botocore.hooks - DEBUG - Event creating-client-class.s3: calling handler <function add_generate_presigned_post at 0x14b145af0>
[ 2025-04-09 15:28:59,744 ] botocore.hooks - DEBUG - Event creating-client-class.s3: calling handler <function lazy_call.<locals>._handler at 0x14b2883a0>
[ 2025-04-09 15:28:59,765 ] botocore.hooks - DEBUG - Event creating-client-class.s3: calling handler <function add_generate_presigned_url at 0x14b1458b0>
[ 2025-04-09 15:28:59,765 ] botocore.configprovider - DEBUG - Looking for endpoint for s3 via: environment_service
[ 2025-04-09 15:28:59,765 ] botocore.configprovider - DEBUG - Looking for endpoint for s3 via: environment_global
[ 2025-04-09 15:28:59,765 ] botocore.configprovider - DEBUG - Looking for endpoint for s3 via: config_service
[ 2025-04-09 15:28:59,765 ] botocore.configprovider - DEBUG - Looking for endpoint for s3 via: config_global
[ 2025-04-09 15:28:59,766 ] botocore.configprovider - DEBUG - No configured endpoint found.
[ 2025-04-09 15:28:59,804 ] botocore.endpoint - DEBUG - Setting s3 timeout as (60, 60)
[ 2025-04-09 15:28:59,805 ] botocore.loaders - DEBUG - Loading JSON file: /Users/khalid/Desktop/ML-Model-Deployment/.venv/lib/python3.9/site-packages/botocore/data/_retry.json
[ 2025-04-09 15:28:59,805 ] botocore.client - DEBUG - Registering retry handlers for service: s3
[ 2025-04-09 15:28:59,805 ] botocore.utils - DEBUG - Registering S3 region redirector handler
[ 2025-04-09 15:28:59,805 ] botocore.utils - DEBUG - Registering S3Express Identity Resolver
[ 2025-04-09 15:28:59,805 ] botocore.hooks - DEBUG - Event before-parameter-build.s3.HeadBucket: calling handler <function validate_bucket_name at 0x14b1f6790>
[ 2025-04-09 15:28:59,805 ] botocore.hooks - DEBUG - Event before-parameter-build.s3.HeadBucket: calling handler <function remove_bucket_from_url_paths_from_model at 0x14b1fb670>
[ 2025-04-09 15:28:59,805 ] botocore.hooks - DEBUG - Event before-parameter-build.s3.HeadBucket: calling handler <bound method S3RegionRedirectorv2.annotate_request_context of <botocore.utils.S3RegionRedirectorv2 object at 0x1542aba60>>
[ 2025-04-09 15:28:59,805 ] botocore.hooks - DEBUG - Event before-parameter-build.s3.HeadBucket: calling handler <bound method ClientCreator._inject_s3_input_parameters of <botocore.client.ClientCreator object at 0x14b2bed00>>
[ 2025-04-09 15:28:59,805 ] botocore.hooks - DEBUG - Event before-parameter-build.s3.HeadBucket: calling handler <function generate_idempotent_uuid at 0x14b1f65e0>
[ 2025-04-09 15:28:59,805 ] botocore.hooks - DEBUG - Event before-parameter-build.s3.HeadBucket: calling handler <function _handle_request_validation_mode_member at 0x14b1fbd30>
[ 2025-04-09 15:28:59,805 ] botocore.hooks - DEBUG - Event before-endpoint-resolution.s3: calling handler <function customize_endpoint_resolver_builtins at 0x14b1fb820>
[ 2025-04-09 15:28:59,805 ] botocore.hooks - DEBUG - Event before-endpoint-resolution.s3: calling handler <bound method S3RegionRedirectorv2.redirect_from_cache of <botocore.utils.S3RegionRedirectorv2 object at 0x1542aba60>>
[ 2025-04-09 15:28:59,806 ] botocore.regions - DEBUG - Calling endpoint provider with parameters: {'Bucket': 'hf-predication-model2025', 'Region': 'us-east-1', 'UseFIPS': False, 'UseDualStack': False, 'ForcePathStyle': False, 'Accelerate': False, 'UseGlobalEndpoint': True, 'DisableMultiRegionAccessPoints': False, 'UseArnRegion': True}
[ 2025-04-09 15:28:59,806 ] botocore.regions - DEBUG - Endpoint provider result: https://hf-predication-model2025.s3.amazonaws.com
[ 2025-04-09 15:28:59,806 ] botocore.regions - DEBUG - Selecting from endpoint provider's list of auth schemes: "sigv4". User selected auth scheme is: "None"
[ 2025-04-09 15:28:59,806 ] botocore.regions - DEBUG - Selected auth type "v4" as "v4" with signing context params: {'region': 'us-east-1', 'signing_name': 's3', 'disableDoubleEncoding': True}
[ 2025-04-09 15:28:59,806 ] botocore.hooks - DEBUG - Event before-call.s3.HeadBucket: calling handler <function add_expect_header at 0x14b1f6af0>
[ 2025-04-09 15:28:59,806 ] botocore.hooks - DEBUG - Event before-call.s3.HeadBucket: calling handler <bound method S3ExpressIdentityResolver.apply_signing_cache_key of <botocore.utils.S3ExpressIdentityResolver object at 0x1542aba90>>
[ 2025-04-09 15:28:59,806 ] botocore.hooks - DEBUG - Event before-call.s3.HeadBucket: calling handler <function add_recursion_detection_header at 0x14b1f61f0>
[ 2025-04-09 15:28:59,806 ] botocore.hooks - DEBUG - Event before-call.s3.HeadBucket: calling handler <function add_query_compatibility_header at 0x14b1fbca0>
[ 2025-04-09 15:28:59,806 ] botocore.hooks - DEBUG - Event before-call.s3.HeadBucket: calling handler <function inject_api_version_header_if_needed at 0x14b1fae50>
[ 2025-04-09 15:28:59,806 ] botocore.endpoint - DEBUG - Making request for OperationModel(name=HeadBucket) with params: {'url_path': '', 'query_string': {}, 'method': 'HEAD', 'headers': {'User-Agent': 'Boto3/1.37.28 md/Botocore#1.37.28 ua/2.1 os/macos#24.3.0 md/arch#arm64 lang/python#3.9.6 md/pyimpl#CPython cfg/retry-mode#legacy Botocore/1.37.28'}, 'body': b'', 'auth_path': '/hf-predication-model2025/', 'url': 'https://hf-predication-model2025.s3.amazonaws.com/', 'context': {'client_region': 'us-east-1', 'client_config': <botocore.config.Config object at 0x1541aa0a0>, 'has_streaming_input': False, 'auth_type': 'v4', 'unsigned_payload': None, 's3_redirect': {'redirected': False, 'bucket': 'hf-predication-model2025', 'params': {'Bucket': 'hf-predication-model2025'}}, 'input_params': {'Bucket': 'hf-predication-model2025'}, 'signing': {'region': 'us-east-1', 'signing_name': 's3', 'disableDoubleEncoding': True}, 'endpoint_properties': {'authSchemes': [{'disableDoubleEncoding': True, 'name': 'sigv4', 'signingName': 's3', 'signingRegion': 'us-east-1'}]}}}
[ 2025-04-09 15:28:59,806 ] botocore.hooks - DEBUG - Event request-created.s3.HeadBucket: calling handler <bound method RequestSigner.handler of <botocore.signers.RequestSigner object at 0x1541aa430>>
[ 2025-04-09 15:28:59,806 ] botocore.hooks - DEBUG - Event choose-signer.s3.HeadBucket: calling handler <bound method ClientCreator._default_s3_presign_to_sigv2 of <botocore.client.ClientCreator object at 0x14b2bed00>>
[ 2025-04-09 15:28:59,806 ] botocore.hooks - DEBUG - Event choose-signer.s3.HeadBucket: calling handler <function set_operation_specific_signer at 0x14b1f6430>
[ 2025-04-09 15:28:59,806 ] botocore.hooks - DEBUG - Event before-sign.s3.HeadBucket: calling handler <function remove_arn_from_signing_path at 0x14b1fb790>
[ 2025-04-09 15:28:59,806 ] botocore.hooks - DEBUG - Event before-sign.s3.HeadBucket: calling handler <function _set_extra_headers_for_unsigned_request at 0x14b1fbdc0>
[ 2025-04-09 15:28:59,806 ] botocore.hooks - DEBUG - Event before-sign.s3.HeadBucket: calling handler <bound method S3ExpressIdentityResolver.resolve_s3express_identity of <botocore.utils.S3ExpressIdentityResolver object at 0x1542aba90>>
[ 2025-04-09 15:28:59,807 ] botocore.auth - DEBUG - Calculating signature using v4 auth.
[ 2025-04-09 15:28:59,807 ] botocore.auth - DEBUG - CanonicalRequest:
HEAD
/

host:hf-predication-model2025.s3.amazonaws.com
x-amz-content-sha256:e3b0c44298fc1c149afbf4c8996fb92427ae41e4649b934ca495991b7852b855
x-amz-date:20250409T092859Z

host;x-amz-content-sha256;x-amz-date
e3b0c44298fc1c149afbf4c8996fb92427ae41e4649b934ca495991b7852b855
[ 2025-04-09 15:28:59,807 ] botocore.auth - DEBUG - StringToSign:
AWS4-HMAC-SHA256
20250409T092859Z
20250409/us-east-1/s3/aws4_request
e77861337b392d7fcdc66b573f3c977a0c384debde246cc6fcadbe294af638fd
[ 2025-04-09 15:28:59,807 ] botocore.auth - DEBUG - Signature:
7ffcaf9a454b1a45a10bb02767985b63dff6560073e613d8548de9620ef38897
[ 2025-04-09 15:28:59,807 ] botocore.hooks - DEBUG - Event request-created.s3.HeadBucket: calling handler <bound method UserAgentString.rebuild_and_replace_user_agent_handler of <botocore.useragent.UserAgentString object at 0x1542ab490>>
[ 2025-04-09 15:28:59,807 ] botocore.hooks - DEBUG - Event request-created.s3.HeadBucket: calling handler <function add_retry_headers at 0x14b1fb5e0>
[ 2025-04-09 15:28:59,807 ] botocore.endpoint - DEBUG - Sending http request: <AWSPreparedRequest stream_output=False, method=HEAD, url=https://hf-predication-model2025.s3.amazonaws.com/, headers={'User-Agent': b'Boto3/1.37.28 md/Botocore#1.37.28 ua/2.1 os/macos#24.3.0 md/arch#arm64 lang/python#3.9.6 md/pyimpl#CPython cfg/retry-mode#legacy Botocore/1.37.28', 'X-Amz-Date': b'20250409T092859Z', 'X-Amz-Content-SHA256': b'e3b0c44298fc1c149afbf4c8996fb92427ae41e4649b934ca495991b7852b855', 'Authorization': b'AWS4-HMAC-SHA256 Credential=AKIA2RP6H2HI34XE4TN5/20250409/us-east-1/s3/aws4_request, SignedHeaders=host;x-amz-content-sha256;x-amz-date, Signature=7ffcaf9a454b1a45a10bb02767985b63dff6560073e613d8548de9620ef38897', 'amz-sdk-invocation-id': b'096b7e64-2586-425d-af24-e39d65481ff0', 'amz-sdk-request': b'attempt=1'}>
[ 2025-04-09 15:28:59,807 ] botocore.httpsession - DEBUG - Certificate path: /Users/khalid/Desktop/ML-Model-Deployment/.venv/lib/python3.9/site-packages/certifi/cacert.pem
[ 2025-04-09 15:28:59,807 ] urllib3.connectionpool - DEBUG - Starting new HTTPS connection (1): hf-predication-model2025.s3.amazonaws.com:443
[ 2025-04-09 15:29:01,226 ] urllib3.connectionpool - DEBUG - https://hf-predication-model2025.s3.amazonaws.com:443 "HEAD / HTTP/1.1" 200 0
[ 2025-04-09 15:29:01,227 ] botocore.hooks - DEBUG - Event before-parse.s3.HeadBucket: calling handler <function _handle_200_error at 0x14b1fbaf0>
[ 2025-04-09 15:29:01,227 ] botocore.hooks - DEBUG - Event before-parse.s3.HeadBucket: calling handler <function handle_expires_header at 0x14b1fb940>
[ 2025-04-09 15:29:01,227 ] botocore.parsers - DEBUG - Response headers: {'x-amz-id-2': 'wZLHLIn7ykRWOOcMa/MM/bVrBZuYFuI8qht6BX+byCerTsmDI4OSz/K48yBru5SHUPnRkp7OFGA=', 'x-amz-request-id': 'N6B9NN920K3DZ7QG', 'Date': 'Wed, 09 Apr 2025 09:29:02 GMT', 'x-amz-bucket-region': 'us-east-1', 'x-amz-access-point-alias': 'false', 'Content-Type': 'application/xml', 'Transfer-Encoding': 'chunked', 'Server': 'AmazonS3'}
[ 2025-04-09 15:29:01,227 ] botocore.parsers - DEBUG - Response body:
b''
[ 2025-04-09 15:29:01,227 ] botocore.hooks - DEBUG - Event needs-retry.s3.HeadBucket: calling handler <function _update_status_code at 0x14b1fbc10>
[ 2025-04-09 15:29:01,227 ] botocore.hooks - DEBUG - Event needs-retry.s3.HeadBucket: calling handler <botocore.retryhandler.RetryHandler object at 0x1542ab9d0>
[ 2025-04-09 15:29:01,227 ] botocore.retryhandler - DEBUG - No retry needed.
[ 2025-04-09 15:29:01,227 ] botocore.hooks - DEBUG - Event needs-retry.s3.HeadBucket: calling handler <bound method S3RegionRedirectorv2.redirect_from_error of <botocore.utils.S3RegionRedirectorv2 object at 0x1542aba60>>
[ 2025-04-09 15:29:01,227 ] root - INFO - Bucket hf-predication-model2025 exists
[ 2025-04-09 15:29:01,227 ] root - INFO - S3Utils initialized with bucket: hf-predication-model2025
[ 2025-04-09 15:29:01,227 ] boto3.s3.transfer - DEBUG - Opting out of CRT Transfer Manager. Preferred client: auto, CRT available: False, Instance Optimized: False.
[ 2025-04-09 15:29:01,227 ] boto3.s3.transfer - DEBUG - Using default client. pid: 10912, thread: 8629061696
[ 2025-04-09 15:29:01,227 ] s3transfer.utils - DEBUG - Acquiring 0
[ 2025-04-09 15:29:01,227 ] s3transfer.tasks - DEBUG - DownloadSubmissionTask(transfer_id=0, {'transfer_future': <s3transfer.futures.TransferFuture object at 0x154412220>}) about to wait for the following futures []
[ 2025-04-09 15:29:01,228 ] s3transfer.tasks - DEBUG - DownloadSubmissionTask(transfer_id=0, {'transfer_future': <s3transfer.futures.TransferFuture object at 0x154412220>}) done waiting for dependent futures
[ 2025-04-09 15:29:01,228 ] s3transfer.tasks - DEBUG - Executing task DownloadSubmissionTask(transfer_id=0, {'transfer_future': <s3transfer.futures.TransferFuture object at 0x154412220>}) with kwargs {'client': <botocore.client.S3 object at 0x1541a4fd0>, 'config': <boto3.s3.transfer.TransferConfig object at 0x1542abbb0>, 'osutil': <s3transfer.utils.OSUtils object at 0x1542abd30>, 'request_executor': <s3transfer.futures.BoundedExecutor object at 0x1542e7ac0>, 'transfer_future': <s3transfer.futures.TransferFuture object at 0x154412220>, 'io_executor': <s3transfer.futures.BoundedExecutor object at 0x1542e72b0>}
[ 2025-04-09 15:29:01,228 ] botocore.hooks - DEBUG - Event before-parameter-build.s3.HeadObject: calling handler <function sse_md5 at 0x14b1f6820>
[ 2025-04-09 15:29:01,228 ] botocore.hooks - DEBUG - Event before-parameter-build.s3.HeadObject: calling handler <function validate_bucket_name at 0x14b1f6790>
[ 2025-04-09 15:29:01,228 ] botocore.hooks - DEBUG - Event before-parameter-build.s3.HeadObject: calling handler <function remove_bucket_from_url_paths_from_model at 0x14b1fb670>
[ 2025-04-09 15:29:01,228 ] botocore.hooks - DEBUG - Event before-parameter-build.s3.HeadObject: calling handler <bound method S3RegionRedirectorv2.annotate_request_context of <botocore.utils.S3RegionRedirectorv2 object at 0x1542aba60>>
[ 2025-04-09 15:29:01,228 ] botocore.hooks - DEBUG - Event before-parameter-build.s3.HeadObject: calling handler <bound method ClientCreator._inject_s3_input_parameters of <botocore.client.ClientCreator object at 0x14b2bed00>>
[ 2025-04-09 15:29:01,228 ] botocore.hooks - DEBUG - Event before-parameter-build.s3.HeadObject: calling handler <function generate_idempotent_uuid at 0x14b1f65e0>
[ 2025-04-09 15:29:01,228 ] botocore.hooks - DEBUG - Event before-parameter-build.s3.HeadObject: calling handler <function _handle_request_validation_mode_member at 0x14b1fbd30>
[ 2025-04-09 15:29:01,228 ] botocore.hooks - DEBUG - Event before-endpoint-resolution.s3: calling handler <function customize_endpoint_resolver_builtins at 0x14b1fb820>
[ 2025-04-09 15:29:01,228 ] botocore.hooks - DEBUG - Event before-endpoint-resolution.s3: calling handler <bound method S3RegionRedirectorv2.redirect_from_cache of <botocore.utils.S3RegionRedirectorv2 object at 0x1542aba60>>
[ 2025-04-09 15:29:01,228 ] botocore.regions - DEBUG - Calling endpoint provider with parameters: {'Bucket': 'hf-predication-model2025', 'Region': 'us-east-1', 'UseFIPS': False, 'UseDualStack': False, 'ForcePathStyle': False, 'Accelerate': False, 'UseGlobalEndpoint': True, 'Key': 'models/20250409_151257/best_xgboost_model.pkl', 'DisableMultiRegionAccessPoints': False, 'UseArnRegion': True}
[ 2025-04-09 15:29:01,228 ] botocore.regions - DEBUG - Endpoint provider result: https://hf-predication-model2025.s3.amazonaws.com
[ 2025-04-09 15:29:01,228 ] botocore.regions - DEBUG - Selecting from endpoint provider's list of auth schemes: "sigv4". User selected auth scheme is: "None"
[ 2025-04-09 15:29:01,228 ] botocore.regions - DEBUG - Selected auth type "v4" as "v4" with signing context params: {'region': 'us-east-1', 'signing_name': 's3', 'disableDoubleEncoding': True}
[ 2025-04-09 15:29:01,228 ] botocore.hooks - DEBUG - Event before-call.s3.HeadObject: calling handler <function add_expect_header at 0x14b1f6af0>
[ 2025-04-09 15:29:01,228 ] botocore.hooks - DEBUG - Event before-call.s3.HeadObject: calling handler <bound method S3ExpressIdentityResolver.apply_signing_cache_key of <botocore.utils.S3ExpressIdentityResolver object at 0x1542aba90>>
[ 2025-04-09 15:29:01,228 ] botocore.hooks - DEBUG - Event before-call.s3.HeadObject: calling handler <function add_recursion_detection_header at 0x14b1f61f0>
[ 2025-04-09 15:29:01,228 ] botocore.hooks - DEBUG - Event before-call.s3.HeadObject: calling handler <function add_query_compatibility_header at 0x14b1fbca0>
[ 2025-04-09 15:29:01,228 ] botocore.hooks - DEBUG - Event before-call.s3.HeadObject: calling handler <function inject_api_version_header_if_needed at 0x14b1fae50>
[ 2025-04-09 15:29:01,228 ] botocore.endpoint - DEBUG - Making request for OperationModel(name=HeadObject) with params: {'url_path': '/models/20250409_151257/best_xgboost_model.pkl', 'query_string': {}, 'method': 'HEAD', 'headers': {'User-Agent': 'Boto3/1.37.28 md/Botocore#1.37.28 ua/2.1 os/macos#24.3.0 md/arch#arm64 lang/python#3.9.6 md/pyimpl#CPython m/G cfg/retry-mode#legacy Botocore/1.37.28'}, 'body': b'', 'auth_path': '/hf-predication-model2025/models/20250409_151257/best_xgboost_model.pkl', 'url': 'https://hf-predication-model2025.s3.amazonaws.com/models/20250409_151257/best_xgboost_model.pkl', 'context': {'client_region': 'us-east-1', 'client_config': <botocore.config.Config object at 0x1541aa0a0>, 'has_streaming_input': False, 'auth_type': 'v4', 'unsigned_payload': None, 's3_redirect': {'redirected': False, 'bucket': 'hf-predication-model2025', 'params': {'Bucket': 'hf-predication-model2025', 'Key': 'models/20250409_151257/best_xgboost_model.pkl'}}, 'input_params': {'Bucket': 'hf-predication-model2025', 'Key': 'models/20250409_151257/best_xgboost_model.pkl'}, 'signing': {'region': 'us-east-1', 'signing_name': 's3', 'disableDoubleEncoding': True}, 'endpoint_properties': {'authSchemes': [{'disableDoubleEncoding': True, 'name': 'sigv4', 'signingName': 's3', 'signingRegion': 'us-east-1'}]}}}
[ 2025-04-09 15:29:01,229 ] botocore.hooks - DEBUG - Event request-created.s3.HeadObject: calling handler <function signal_not_transferring at 0x154211700>
[ 2025-04-09 15:29:01,229 ] botocore.hooks - DEBUG - Event request-created.s3.HeadObject: calling handler <bound method RequestSigner.handler of <botocore.signers.RequestSigner object at 0x1541aa430>>
[ 2025-04-09 15:29:01,229 ] botocore.hooks - DEBUG - Event choose-signer.s3.HeadObject: calling handler <bound method ClientCreator._default_s3_presign_to_sigv2 of <botocore.client.ClientCreator object at 0x14b2bed00>>
[ 2025-04-09 15:29:01,229 ] botocore.hooks - DEBUG - Event choose-signer.s3.HeadObject: calling handler <function set_operation_specific_signer at 0x14b1f6430>
[ 2025-04-09 15:29:01,229 ] botocore.hooks - DEBUG - Event before-sign.s3.HeadObject: calling handler <function remove_arn_from_signing_path at 0x14b1fb790>
[ 2025-04-09 15:29:01,229 ] botocore.hooks - DEBUG - Event before-sign.s3.HeadObject: calling handler <function _set_extra_headers_for_unsigned_request at 0x14b1fbdc0>
[ 2025-04-09 15:29:01,229 ] botocore.hooks - DEBUG - Event before-sign.s3.HeadObject: calling handler <bound method S3ExpressIdentityResolver.resolve_s3express_identity of <botocore.utils.S3ExpressIdentityResolver object at 0x1542aba90>>
[ 2025-04-09 15:29:01,229 ] botocore.auth - DEBUG - Calculating signature using v4 auth.
[ 2025-04-09 15:29:01,229 ] botocore.auth - DEBUG - CanonicalRequest:
HEAD
/models/20250409_151257/best_xgboost_model.pkl

host:hf-predication-model2025.s3.amazonaws.com
x-amz-content-sha256:e3b0c44298fc1c149afbf4c8996fb92427ae41e4649b934ca495991b7852b855
x-amz-date:20250409T092901Z

host;x-amz-content-sha256;x-amz-date
e3b0c44298fc1c149afbf4c8996fb92427ae41e4649b934ca495991b7852b855
[ 2025-04-09 15:29:01,229 ] botocore.auth - DEBUG - StringToSign:
AWS4-HMAC-SHA256
20250409T092901Z
20250409/us-east-1/s3/aws4_request
15f9b16440f7020d6f5c8b74cd1f88a5ee3270f8008dce307719003ce1d2be51
[ 2025-04-09 15:29:01,229 ] botocore.auth - DEBUG - Signature:
a201420fd5b65d6d99ed41c454d26bfecb23d9db04bbc050f2d03d62f3894b91
[ 2025-04-09 15:29:01,229 ] botocore.hooks - DEBUG - Event request-created.s3.HeadObject: calling handler <bound method UserAgentString.rebuild_and_replace_user_agent_handler of <botocore.useragent.UserAgentString object at 0x1542ab490>>
[ 2025-04-09 15:29:01,229 ] botocore.hooks - DEBUG - Event request-created.s3.HeadObject: calling handler <function signal_transferring at 0x154211790>
[ 2025-04-09 15:29:01,229 ] botocore.hooks - DEBUG - Event request-created.s3.HeadObject: calling handler <function add_retry_headers at 0x14b1fb5e0>
[ 2025-04-09 15:29:01,229 ] botocore.endpoint - DEBUG - Sending http request: <AWSPreparedRequest stream_output=False, method=HEAD, url=https://hf-predication-model2025.s3.amazonaws.com/models/20250409_151257/best_xgboost_model.pkl, headers={'User-Agent': b'Boto3/1.37.28 md/Botocore#1.37.28 ua/2.1 os/macos#24.3.0 md/arch#arm64 lang/python#3.9.6 md/pyimpl#CPython m/G cfg/retry-mode#legacy Botocore/1.37.28', 'X-Amz-Date': b'20250409T092901Z', 'X-Amz-Content-SHA256': b'e3b0c44298fc1c149afbf4c8996fb92427ae41e4649b934ca495991b7852b855', 'Authorization': b'AWS4-HMAC-SHA256 Credential=AKIA2RP6H2HI34XE4TN5/20250409/us-east-1/s3/aws4_request, SignedHeaders=host;x-amz-content-sha256;x-amz-date, Signature=a201420fd5b65d6d99ed41c454d26bfecb23d9db04bbc050f2d03d62f3894b91', 'amz-sdk-invocation-id': b'5e8278e2-5936-432d-ba0d-c51117b8d307', 'amz-sdk-request': b'attempt=1'}>
[ 2025-04-09 15:29:01,229 ] botocore.httpsession - DEBUG - Certificate path: /Users/khalid/Desktop/ML-Model-Deployment/.venv/lib/python3.9/site-packages/certifi/cacert.pem
[ 2025-04-09 15:29:01,559 ] urllib3.connectionpool - DEBUG - https://hf-predication-model2025.s3.amazonaws.com:443 "HEAD /models/20250409_151257/best_xgboost_model.pkl HTTP/1.1" 200 0
[ 2025-04-09 15:29:01,559 ] botocore.hooks - DEBUG - Event before-parse.s3.HeadObject: calling handler <function _handle_200_error at 0x14b1fbaf0>
[ 2025-04-09 15:29:01,559 ] botocore.hooks - DEBUG - Event before-parse.s3.HeadObject: calling handler <function handle_expires_header at 0x14b1fb940>
[ 2025-04-09 15:29:01,559 ] botocore.parsers - DEBUG - Response headers: {'x-amz-id-2': 'cJSviXaQFbQqA76THTHyjOyIjAqLYPMNzaP51Fm2IA21rV7AUkZxhCdA8Zi5JNa7+FbQHMzSG64=', 'x-amz-request-id': 'N6BDM84F9MRJXXCB', 'Date': 'Wed, 09 Apr 2025 09:29:02 GMT', 'Last-Modified': 'Wed, 09 Apr 2025 09:12:58 GMT', 'ETag': '"eb69ce20c31adebde4d24c417ef485c1"', 'x-amz-server-side-encryption': 'AES256', 'x-amz-version-id': 'cTw8znHmxnW0CAXpSxfFz57d4.SIR9Go', 'Accept-Ranges': 'bytes', 'Content-Type': 'binary/octet-stream', 'Content-Length': '247611', 'Server': 'AmazonS3'}
[ 2025-04-09 15:29:01,559 ] botocore.parsers - DEBUG - Response body:
b''
[ 2025-04-09 15:29:01,561 ] botocore.hooks - DEBUG - Event needs-retry.s3.HeadObject: calling handler <function _update_status_code at 0x14b1fbc10>
[ 2025-04-09 15:29:01,561 ] botocore.hooks - DEBUG - Event needs-retry.s3.HeadObject: calling handler <botocore.retryhandler.RetryHandler object at 0x1542ab9d0>
[ 2025-04-09 15:29:01,561 ] botocore.retryhandler - DEBUG - No retry needed.
[ 2025-04-09 15:29:01,561 ] botocore.hooks - DEBUG - Event needs-retry.s3.HeadObject: calling handler <bound method S3RegionRedirectorv2.redirect_from_error of <botocore.utils.S3RegionRedirectorv2 object at 0x1542aba60>>
[ 2025-04-09 15:29:01,561 ] s3transfer.futures - DEBUG - Submitting task ImmediatelyWriteIOGetObjectTask(transfer_id=0, {'bucket': 'hf-predication-model2025', 'key': 'models/20250409_151257/best_xgboost_model.pkl', 'extra_args': {}}) to executor <s3transfer.futures.BoundedExecutor object at 0x1542e7ac0> for transfer request: 0.
[ 2025-04-09 15:29:01,562 ] s3transfer.utils - DEBUG - Acquiring 0
[ 2025-04-09 15:29:01,562 ] s3transfer.tasks - DEBUG - ImmediatelyWriteIOGetObjectTask(transfer_id=0, {'bucket': 'hf-predication-model2025', 'key': 'models/20250409_151257/best_xgboost_model.pkl', 'extra_args': {}}) about to wait for the following futures []
[ 2025-04-09 15:29:01,562 ] s3transfer.utils - DEBUG - Releasing acquire 0/None
[ 2025-04-09 15:29:01,562 ] s3transfer.tasks - DEBUG - ImmediatelyWriteIOGetObjectTask(transfer_id=0, {'bucket': 'hf-predication-model2025', 'key': 'models/20250409_151257/best_xgboost_model.pkl', 'extra_args': {}}) done waiting for dependent futures
[ 2025-04-09 15:29:01,562 ] s3transfer.tasks - DEBUG - Executing task ImmediatelyWriteIOGetObjectTask(transfer_id=0, {'bucket': 'hf-predication-model2025', 'key': 'models/20250409_151257/best_xgboost_model.pkl', 'extra_args': {}}) with kwargs {'client': <botocore.client.S3 object at 0x1541a4fd0>, 'bucket': 'hf-predication-model2025', 'key': 'models/20250409_151257/best_xgboost_model.pkl', 'fileobj': <s3transfer.utils.DeferredOpenFile object at 0x1544127c0>, 'extra_args': {}, 'callbacks': [], 'max_attempts': 5, 'download_output_manager': <s3transfer.download.DownloadFilenameOutputManager object at 0x154412640>, 'io_chunksize': 262144, 'bandwidth_limiter': None}
[ 2025-04-09 15:29:01,563 ] botocore.hooks - DEBUG - Event before-parameter-build.s3.GetObject: calling handler <function sse_md5 at 0x14b1f6820>
[ 2025-04-09 15:29:01,563 ] botocore.hooks - DEBUG - Event before-parameter-build.s3.GetObject: calling handler <function validate_bucket_name at 0x14b1f6790>
[ 2025-04-09 15:29:01,563 ] botocore.hooks - DEBUG - Event before-parameter-build.s3.GetObject: calling handler <function remove_bucket_from_url_paths_from_model at 0x14b1fb670>
[ 2025-04-09 15:29:01,563 ] botocore.hooks - DEBUG - Event before-parameter-build.s3.GetObject: calling handler <bound method S3RegionRedirectorv2.annotate_request_context of <botocore.utils.S3RegionRedirectorv2 object at 0x1542aba60>>
[ 2025-04-09 15:29:01,563 ] botocore.hooks - DEBUG - Event before-parameter-build.s3.GetObject: calling handler <bound method ClientCreator._inject_s3_input_parameters of <botocore.client.ClientCreator object at 0x14b2bed00>>
[ 2025-04-09 15:29:01,563 ] botocore.hooks - DEBUG - Event before-parameter-build.s3.GetObject: calling handler <function generate_idempotent_uuid at 0x14b1f65e0>
[ 2025-04-09 15:29:01,563 ] botocore.hooks - DEBUG - Event before-parameter-build.s3.GetObject: calling handler <function _handle_request_validation_mode_member at 0x14b1fbd30>
[ 2025-04-09 15:29:01,563 ] botocore.hooks - DEBUG - Event before-endpoint-resolution.s3: calling handler <function customize_endpoint_resolver_builtins at 0x14b1fb820>
[ 2025-04-09 15:29:01,563 ] botocore.hooks - DEBUG - Event before-endpoint-resolution.s3: calling handler <bound method S3RegionRedirectorv2.redirect_from_cache of <botocore.utils.S3RegionRedirectorv2 object at 0x1542aba60>>
[ 2025-04-09 15:29:01,564 ] botocore.regions - DEBUG - Calling endpoint provider with parameters: {'Bucket': 'hf-predication-model2025', 'Region': 'us-east-1', 'UseFIPS': False, 'UseDualStack': False, 'ForcePathStyle': False, 'Accelerate': False, 'UseGlobalEndpoint': True, 'Key': 'models/20250409_151257/best_xgboost_model.pkl', 'DisableMultiRegionAccessPoints': False, 'UseArnRegion': True}
[ 2025-04-09 15:29:01,564 ] botocore.regions - DEBUG - Endpoint provider result: https://hf-predication-model2025.s3.amazonaws.com
[ 2025-04-09 15:29:01,564 ] botocore.regions - DEBUG - Selecting from endpoint provider's list of auth schemes: "sigv4". User selected auth scheme is: "None"
[ 2025-04-09 15:29:01,564 ] botocore.regions - DEBUG - Selected auth type "v4" as "v4" with signing context params: {'region': 'us-east-1', 'signing_name': 's3', 'disableDoubleEncoding': True}
[ 2025-04-09 15:29:01,564 ] botocore.hooks - DEBUG - Event before-call.s3.GetObject: calling handler <function add_expect_header at 0x14b1f6af0>
[ 2025-04-09 15:29:01,564 ] botocore.hooks - DEBUG - Event before-call.s3.GetObject: calling handler <bound method S3ExpressIdentityResolver.apply_signing_cache_key of <botocore.utils.S3ExpressIdentityResolver object at 0x1542aba90>>
[ 2025-04-09 15:29:01,564 ] botocore.hooks - DEBUG - Event before-call.s3.GetObject: calling handler <function add_recursion_detection_header at 0x14b1f61f0>
[ 2025-04-09 15:29:01,564 ] botocore.hooks - DEBUG - Event before-call.s3.GetObject: calling handler <function add_query_compatibility_header at 0x14b1fbca0>
[ 2025-04-09 15:29:01,564 ] botocore.hooks - DEBUG - Event before-call.s3.GetObject: calling handler <function inject_api_version_header_if_needed at 0x14b1fae50>
[ 2025-04-09 15:29:01,564 ] botocore.endpoint - DEBUG - Making request for OperationModel(name=GetObject) with params: {'url_path': '/models/20250409_151257/best_xgboost_model.pkl', 'query_string': {}, 'method': 'GET', 'headers': {'x-amz-checksum-mode': 'ENABLED', 'User-Agent': 'Boto3/1.37.28 md/Botocore#1.37.28 ua/2.1 os/macos#24.3.0 md/arch#arm64 lang/python#3.9.6 md/pyimpl#CPython m/G cfg/retry-mode#legacy Botocore/1.37.28'}, 'body': b'', 'auth_path': '/hf-predication-model2025/models/20250409_151257/best_xgboost_model.pkl', 'url': 'https://hf-predication-model2025.s3.amazonaws.com/models/20250409_151257/best_xgboost_model.pkl', 'context': {'client_region': 'us-east-1', 'client_config': <botocore.config.Config object at 0x1541aa0a0>, 'has_streaming_input': False, 'auth_type': 'v4', 'unsigned_payload': None, 's3_redirect': {'redirected': False, 'bucket': 'hf-predication-model2025', 'params': {'Bucket': 'hf-predication-model2025', 'Key': 'models/20250409_151257/best_xgboost_model.pkl', 'ChecksumMode': 'ENABLED'}}, 'input_params': {'Bucket': 'hf-predication-model2025', 'Key': 'models/20250409_151257/best_xgboost_model.pkl'}, 'signing': {'region': 'us-east-1', 'signing_name': 's3', 'disableDoubleEncoding': True}, 'endpoint_properties': {'authSchemes': [{'disableDoubleEncoding': True, 'name': 'sigv4', 'signingName': 's3', 'signingRegion': 'us-east-1'}]}, 'checksum': {'response_algorithms': ['crc32', 'sha1', 'sha256']}}}
[ 2025-04-09 15:29:01,565 ] botocore.hooks - DEBUG - Event request-created.s3.GetObject: calling handler <function signal_not_transferring at 0x154211700>
[ 2025-04-09 15:29:01,565 ] botocore.hooks - DEBUG - Event request-created.s3.GetObject: calling handler <bound method RequestSigner.handler of <botocore.signers.RequestSigner object at 0x1541aa430>>
[ 2025-04-09 15:29:01,565 ] botocore.hooks - DEBUG - Event choose-signer.s3.GetObject: calling handler <bound method ClientCreator._default_s3_presign_to_sigv2 of <botocore.client.ClientCreator object at 0x14b2bed00>>
[ 2025-04-09 15:29:01,565 ] botocore.hooks - DEBUG - Event choose-signer.s3.GetObject: calling handler <function set_operation_specific_signer at 0x14b1f6430>
[ 2025-04-09 15:29:01,565 ] botocore.hooks - DEBUG - Event before-sign.s3.GetObject: calling handler <function remove_arn_from_signing_path at 0x14b1fb790>
[ 2025-04-09 15:29:01,565 ] botocore.hooks - DEBUG - Event before-sign.s3.GetObject: calling handler <function _set_extra_headers_for_unsigned_request at 0x14b1fbdc0>
[ 2025-04-09 15:29:01,565 ] botocore.hooks - DEBUG - Event before-sign.s3.GetObject: calling handler <bound method S3ExpressIdentityResolver.resolve_s3express_identity of <botocore.utils.S3ExpressIdentityResolver object at 0x1542aba90>>
[ 2025-04-09 15:29:01,566 ] botocore.auth - DEBUG - Calculating signature using v4 auth.
[ 2025-04-09 15:29:01,566 ] botocore.auth - DEBUG - CanonicalRequest:
GET
/models/20250409_151257/best_xgboost_model.pkl

host:hf-predication-model2025.s3.amazonaws.com
x-amz-checksum-mode:ENABLED
x-amz-content-sha256:e3b0c44298fc1c149afbf4c8996fb92427ae41e4649b934ca495991b7852b855
x-amz-date:20250409T092901Z

host;x-amz-checksum-mode;x-amz-content-sha256;x-amz-date
e3b0c44298fc1c149afbf4c8996fb92427ae41e4649b934ca495991b7852b855
[ 2025-04-09 15:29:01,566 ] botocore.auth - DEBUG - StringToSign:
AWS4-HMAC-SHA256
20250409T092901Z
20250409/us-east-1/s3/aws4_request
d9aa8abffc82664e11348101ec83881b3e25facb2005e1272ce2cf9d3daf5c20
[ 2025-04-09 15:29:01,566 ] botocore.auth - DEBUG - Signature:
8ba5e5fffd2b0e2adfb67100e14c55ffb9ecce8d0ffaf938e1fd50168b1eb4c1
[ 2025-04-09 15:29:01,566 ] botocore.hooks - DEBUG - Event request-created.s3.GetObject: calling handler <bound method UserAgentString.rebuild_and_replace_user_agent_handler of <botocore.useragent.UserAgentString object at 0x1542ab490>>
[ 2025-04-09 15:29:01,566 ] botocore.hooks - DEBUG - Event request-created.s3.GetObject: calling handler <function signal_transferring at 0x154211790>
[ 2025-04-09 15:29:01,566 ] botocore.hooks - DEBUG - Event request-created.s3.GetObject: calling handler <function add_retry_headers at 0x14b1fb5e0>
[ 2025-04-09 15:29:01,566 ] botocore.endpoint - DEBUG - Sending http request: <AWSPreparedRequest stream_output=True, method=GET, url=https://hf-predication-model2025.s3.amazonaws.com/models/20250409_151257/best_xgboost_model.pkl, headers={'x-amz-checksum-mode': b'ENABLED', 'User-Agent': b'Boto3/1.37.28 md/Botocore#1.37.28 ua/2.1 os/macos#24.3.0 md/arch#arm64 lang/python#3.9.6 md/pyimpl#CPython m/G cfg/retry-mode#legacy Botocore/1.37.28', 'X-Amz-Date': b'20250409T092901Z', 'X-Amz-Content-SHA256': b'e3b0c44298fc1c149afbf4c8996fb92427ae41e4649b934ca495991b7852b855', 'Authorization': b'AWS4-HMAC-SHA256 Credential=AKIA2RP6H2HI34XE4TN5/20250409/us-east-1/s3/aws4_request, SignedHeaders=host;x-amz-checksum-mode;x-amz-content-sha256;x-amz-date, Signature=8ba5e5fffd2b0e2adfb67100e14c55ffb9ecce8d0ffaf938e1fd50168b1eb4c1', 'amz-sdk-invocation-id': b'305a7b00-caa2-4a29-bf1c-239b0eec47f8', 'amz-sdk-request': b'attempt=1'}>
[ 2025-04-09 15:29:01,567 ] botocore.httpsession - DEBUG - Certificate path: /Users/khalid/Desktop/ML-Model-Deployment/.venv/lib/python3.9/site-packages/certifi/cacert.pem
[ 2025-04-09 15:29:01,959 ] urllib3.connectionpool - DEBUG - https://hf-predication-model2025.s3.amazonaws.com:443 "GET /models/20250409_151257/best_xgboost_model.pkl HTTP/1.1" 200 247611
[ 2025-04-09 15:29:01,960 ] botocore.hooks - DEBUG - Event before-parse.s3.GetObject: calling handler <function _handle_200_error at 0x14b1fbaf0>
[ 2025-04-09 15:29:01,960 ] botocore.hooks - DEBUG - Event before-parse.s3.GetObject: calling handler <function handle_expires_header at 0x14b1fb940>
[ 2025-04-09 15:29:01,960 ] botocore.parsers - DEBUG - Response headers: {'x-amz-id-2': 'mYDstshsCGjIsWxw/2cBRcV+V5y7N8Nad8WwiXwUYP0XnS74bwxmgp9NsDZAUZ1ri6X1ZEk1jGY=', 'x-amz-request-id': 'N6B5ZYWJ78VPEPZ7', 'Date': 'Wed, 09 Apr 2025 09:29:02 GMT', 'Last-Modified': 'Wed, 09 Apr 2025 09:12:58 GMT', 'ETag': '"eb69ce20c31adebde4d24c417ef485c1"', 'x-amz-checksum-crc32': 'cTDIfw==', 'x-amz-checksum-type': 'FULL_OBJECT', 'x-amz-server-side-encryption': 'AES256', 'x-amz-version-id': 'cTw8znHmxnW0CAXpSxfFz57d4.SIR9Go', 'Accept-Ranges': 'bytes', 'Content-Type': 'binary/octet-stream', 'Content-Length': '247611', 'Server': 'AmazonS3'}
[ 2025-04-09 15:29:01,960 ] botocore.parsers - DEBUG - Response body:
<botocore.httpchecksum.StreamingChecksumBody object at 0x154451250>
[ 2025-04-09 15:29:01,961 ] botocore.hooks - DEBUG - Event needs-retry.s3.GetObject: calling handler <function _update_status_code at 0x14b1fbc10>
[ 2025-04-09 15:29:01,961 ] botocore.hooks - DEBUG - Event needs-retry.s3.GetObject: calling handler <botocore.retryhandler.RetryHandler object at 0x1542ab9d0>
[ 2025-04-09 15:29:01,961 ] botocore.retryhandler - DEBUG - No retry needed.
[ 2025-04-09 15:29:01,961 ] botocore.hooks - DEBUG - Event needs-retry.s3.GetObject: calling handler <bound method S3RegionRedirectorv2.redirect_from_error of <botocore.utils.S3RegionRedirectorv2 object at 0x1542aba60>>
[ 2025-04-09 15:29:03,434 ] s3transfer.tasks - DEBUG - IOWriteTask(transfer_id=0, {'offset': 0}) about to wait for the following futures []
[ 2025-04-09 15:29:03,434 ] s3transfer.tasks - DEBUG - IOWriteTask(transfer_id=0, {'offset': 0}) done waiting for dependent futures
[ 2025-04-09 15:29:03,434 ] s3transfer.tasks - DEBUG - Executing task IOWriteTask(transfer_id=0, {'offset': 0}) with kwargs {'fileobj': <s3transfer.utils.DeferredOpenFile object at 0x1544127c0>, 'offset': 0}
[ 2025-04-09 15:29:03,435 ] s3transfer.tasks - DEBUG - IORenameFileTask(transfer_id=0, {'final_filename': 'temp_model_20250409_151257/model.pkl'}) about to wait for the following futures []
[ 2025-04-09 15:29:03,435 ] s3transfer.tasks - DEBUG - IORenameFileTask(transfer_id=0, {'final_filename': 'temp_model_20250409_151257/model.pkl'}) done waiting for dependent futures
[ 2025-04-09 15:29:03,435 ] s3transfer.tasks - DEBUG - Executing task IORenameFileTask(transfer_id=0, {'final_filename': 'temp_model_20250409_151257/model.pkl'}) with kwargs {'fileobj': <s3transfer.utils.DeferredOpenFile object at 0x1544127c0>, 'final_filename': 'temp_model_20250409_151257/model.pkl', 'osutil': <s3transfer.utils.OSUtils object at 0x1542abd30>}
[ 2025-04-09 15:29:03,436 ] s3transfer.utils - DEBUG - Releasing acquire 0/None
[ 2025-04-09 15:29:03,436 ] root - INFO - File models/20250409_151257/best_xgboost_model.pkl downloaded to temp_model_20250409_151257/model.pkl
[ 2025-04-09 15:29:03,437 ] boto3.s3.transfer - DEBUG - Opting out of CRT Transfer Manager. Preferred client: auto, CRT available: False, Instance Optimized: False.
[ 2025-04-09 15:29:03,437 ] boto3.s3.transfer - DEBUG - Using default client. pid: 10912, thread: 8629061696
[ 2025-04-09 15:29:03,437 ] s3transfer.utils - DEBUG - Acquiring 0
[ 2025-04-09 15:29:03,437 ] s3transfer.tasks - DEBUG - DownloadSubmissionTask(transfer_id=0, {'transfer_future': <s3transfer.futures.TransferFuture object at 0x1542e7cd0>}) about to wait for the following futures []
[ 2025-04-09 15:29:03,437 ] s3transfer.tasks - DEBUG - DownloadSubmissionTask(transfer_id=0, {'transfer_future': <s3transfer.futures.TransferFuture object at 0x1542e7cd0>}) done waiting for dependent futures
[ 2025-04-09 15:29:03,437 ] s3transfer.tasks - DEBUG - Executing task DownloadSubmissionTask(transfer_id=0, {'transfer_future': <s3transfer.futures.TransferFuture object at 0x1542e7cd0>}) with kwargs {'client': <botocore.client.S3 object at 0x1541a4fd0>, 'config': <boto3.s3.transfer.TransferConfig object at 0x1542abeb0>, 'osutil': <s3transfer.utils.OSUtils object at 0x1542abcd0>, 'request_executor': <s3transfer.futures.BoundedExecutor object at 0x154428940>, 'transfer_future': <s3transfer.futures.TransferFuture object at 0x1542e7cd0>, 'io_executor': <s3transfer.futures.BoundedExecutor object at 0x154428a30>}
[ 2025-04-09 15:29:03,437 ] botocore.hooks - DEBUG - Event before-parameter-build.s3.HeadObject: calling handler <function sse_md5 at 0x14b1f6820>
[ 2025-04-09 15:29:03,438 ] botocore.hooks - DEBUG - Event before-parameter-build.s3.HeadObject: calling handler <function validate_bucket_name at 0x14b1f6790>
[ 2025-04-09 15:29:03,438 ] botocore.hooks - DEBUG - Event before-parameter-build.s3.HeadObject: calling handler <function remove_bucket_from_url_paths_from_model at 0x14b1fb670>
[ 2025-04-09 15:29:03,438 ] botocore.hooks - DEBUG - Event before-parameter-build.s3.HeadObject: calling handler <bound method S3RegionRedirectorv2.annotate_request_context of <botocore.utils.S3RegionRedirectorv2 object at 0x1542aba60>>
[ 2025-04-09 15:29:03,438 ] botocore.hooks - DEBUG - Event before-parameter-build.s3.HeadObject: calling handler <bound method ClientCreator._inject_s3_input_parameters of <botocore.client.ClientCreator object at 0x14b2bed00>>
[ 2025-04-09 15:29:03,438 ] botocore.hooks - DEBUG - Event before-parameter-build.s3.HeadObject: calling handler <function generate_idempotent_uuid at 0x14b1f65e0>
[ 2025-04-09 15:29:03,438 ] botocore.hooks - DEBUG - Event before-parameter-build.s3.HeadObject: calling handler <function _handle_request_validation_mode_member at 0x14b1fbd30>
[ 2025-04-09 15:29:03,438 ] botocore.hooks - DEBUG - Event before-endpoint-resolution.s3: calling handler <function customize_endpoint_resolver_builtins at 0x14b1fb820>
[ 2025-04-09 15:29:03,438 ] botocore.hooks - DEBUG - Event before-endpoint-resolution.s3: calling handler <bound method S3RegionRedirectorv2.redirect_from_cache of <botocore.utils.S3RegionRedirectorv2 object at 0x1542aba60>>
[ 2025-04-09 15:29:03,438 ] botocore.regions - DEBUG - Calling endpoint provider with parameters: {'Bucket': 'hf-predication-model2025', 'Region': 'us-east-1', 'UseFIPS': False, 'UseDualStack': False, 'ForcePathStyle': False, 'Accelerate': False, 'UseGlobalEndpoint': True, 'Key': 'config/20250409_151257/prediction_params.yaml', 'DisableMultiRegionAccessPoints': False, 'UseArnRegion': True}
[ 2025-04-09 15:29:03,438 ] botocore.regions - DEBUG - Endpoint provider result: https://hf-predication-model2025.s3.amazonaws.com
[ 2025-04-09 15:29:03,439 ] botocore.regions - DEBUG - Selecting from endpoint provider's list of auth schemes: "sigv4". User selected auth scheme is: "None"
[ 2025-04-09 15:29:03,439 ] botocore.regions - DEBUG - Selected auth type "v4" as "v4" with signing context params: {'region': 'us-east-1', 'signing_name': 's3', 'disableDoubleEncoding': True}
[ 2025-04-09 15:29:03,439 ] botocore.hooks - DEBUG - Event before-call.s3.HeadObject: calling handler <function add_expect_header at 0x14b1f6af0>
[ 2025-04-09 15:29:03,439 ] botocore.hooks - DEBUG - Event before-call.s3.HeadObject: calling handler <bound method S3ExpressIdentityResolver.apply_signing_cache_key of <botocore.utils.S3ExpressIdentityResolver object at 0x1542aba90>>
[ 2025-04-09 15:29:03,439 ] botocore.hooks - DEBUG - Event before-call.s3.HeadObject: calling handler <function add_recursion_detection_header at 0x14b1f61f0>
[ 2025-04-09 15:29:03,439 ] botocore.hooks - DEBUG - Event before-call.s3.HeadObject: calling handler <function add_query_compatibility_header at 0x14b1fbca0>
[ 2025-04-09 15:29:03,439 ] botocore.hooks - DEBUG - Event before-call.s3.HeadObject: calling handler <function inject_api_version_header_if_needed at 0x14b1fae50>
[ 2025-04-09 15:29:03,439 ] botocore.endpoint - DEBUG - Making request for OperationModel(name=HeadObject) with params: {'url_path': '/config/20250409_151257/prediction_params.yaml', 'query_string': {}, 'method': 'HEAD', 'headers': {'User-Agent': 'Boto3/1.37.28 md/Botocore#1.37.28 ua/2.1 os/macos#24.3.0 md/arch#arm64 lang/python#3.9.6 md/pyimpl#CPython m/G cfg/retry-mode#legacy Botocore/1.37.28'}, 'body': b'', 'auth_path': '/hf-predication-model2025/config/20250409_151257/prediction_params.yaml', 'url': 'https://hf-predication-model2025.s3.amazonaws.com/config/20250409_151257/prediction_params.yaml', 'context': {'client_region': 'us-east-1', 'client_config': <botocore.config.Config object at 0x1541aa0a0>, 'has_streaming_input': False, 'auth_type': 'v4', 'unsigned_payload': None, 's3_redirect': {'redirected': False, 'bucket': 'hf-predication-model2025', 'params': {'Bucket': 'hf-predication-model2025', 'Key': 'config/20250409_151257/prediction_params.yaml'}}, 'input_params': {'Bucket': 'hf-predication-model2025', 'Key': 'config/20250409_151257/prediction_params.yaml'}, 'signing': {'region': 'us-east-1', 'signing_name': 's3', 'disableDoubleEncoding': True}, 'endpoint_properties': {'authSchemes': [{'disableDoubleEncoding': True, 'name': 'sigv4', 'signingName': 's3', 'signingRegion': 'us-east-1'}]}}}
[ 2025-04-09 15:29:03,439 ] botocore.hooks - DEBUG - Event request-created.s3.HeadObject: calling handler <function signal_not_transferring at 0x154211700>
[ 2025-04-09 15:29:03,440 ] botocore.hooks - DEBUG - Event request-created.s3.HeadObject: calling handler <bound method RequestSigner.handler of <botocore.signers.RequestSigner object at 0x1541aa430>>
[ 2025-04-09 15:29:03,440 ] botocore.hooks - DEBUG - Event choose-signer.s3.HeadObject: calling handler <bound method ClientCreator._default_s3_presign_to_sigv2 of <botocore.client.ClientCreator object at 0x14b2bed00>>
[ 2025-04-09 15:29:03,440 ] botocore.hooks - DEBUG - Event choose-signer.s3.HeadObject: calling handler <function set_operation_specific_signer at 0x14b1f6430>
[ 2025-04-09 15:29:03,440 ] botocore.hooks - DEBUG - Event before-sign.s3.HeadObject: calling handler <function remove_arn_from_signing_path at 0x14b1fb790>
[ 2025-04-09 15:29:03,440 ] botocore.hooks - DEBUG - Event before-sign.s3.HeadObject: calling handler <function _set_extra_headers_for_unsigned_request at 0x14b1fbdc0>
[ 2025-04-09 15:29:03,440 ] botocore.hooks - DEBUG - Event before-sign.s3.HeadObject: calling handler <bound method S3ExpressIdentityResolver.resolve_s3express_identity of <botocore.utils.S3ExpressIdentityResolver object at 0x1542aba90>>
[ 2025-04-09 15:29:03,440 ] botocore.auth - DEBUG - Calculating signature using v4 auth.
[ 2025-04-09 15:29:03,440 ] botocore.auth - DEBUG - CanonicalRequest:
HEAD
/config/20250409_151257/prediction_params.yaml

host:hf-predication-model2025.s3.amazonaws.com
x-amz-content-sha256:e3b0c44298fc1c149afbf4c8996fb92427ae41e4649b934ca495991b7852b855
x-amz-date:20250409T092903Z

host;x-amz-content-sha256;x-amz-date
e3b0c44298fc1c149afbf4c8996fb92427ae41e4649b934ca495991b7852b855
[ 2025-04-09 15:29:03,440 ] botocore.auth - DEBUG - StringToSign:
AWS4-HMAC-SHA256
20250409T092903Z
20250409/us-east-1/s3/aws4_request
8ec5c91711f485db12bac8514731534e0b86f1fdbab2a96393b047eedafc0ffa
[ 2025-04-09 15:29:03,440 ] botocore.auth - DEBUG - Signature:
5cf034fdd0768ed78d1bb6488ff736e720170339c85d5a2a31e3b876aada872c
[ 2025-04-09 15:29:03,440 ] botocore.hooks - DEBUG - Event request-created.s3.HeadObject: calling handler <bound method UserAgentString.rebuild_and_replace_user_agent_handler of <botocore.useragent.UserAgentString object at 0x1542ab490>>
[ 2025-04-09 15:29:03,440 ] botocore.hooks - DEBUG - Event request-created.s3.HeadObject: calling handler <function signal_transferring at 0x154211790>
[ 2025-04-09 15:29:03,441 ] botocore.hooks - DEBUG - Event request-created.s3.HeadObject: calling handler <function add_retry_headers at 0x14b1fb5e0>
[ 2025-04-09 15:29:03,441 ] botocore.endpoint - DEBUG - Sending http request: <AWSPreparedRequest stream_output=False, method=HEAD, url=https://hf-predication-model2025.s3.amazonaws.com/config/20250409_151257/prediction_params.yaml, headers={'User-Agent': b'Boto3/1.37.28 md/Botocore#1.37.28 ua/2.1 os/macos#24.3.0 md/arch#arm64 lang/python#3.9.6 md/pyimpl#CPython m/G cfg/retry-mode#legacy Botocore/1.37.28', 'X-Amz-Date': b'20250409T092903Z', 'X-Amz-Content-SHA256': b'e3b0c44298fc1c149afbf4c8996fb92427ae41e4649b934ca495991b7852b855', 'Authorization': b'AWS4-HMAC-SHA256 Credential=AKIA2RP6H2HI34XE4TN5/20250409/us-east-1/s3/aws4_request, SignedHeaders=host;x-amz-content-sha256;x-amz-date, Signature=5cf034fdd0768ed78d1bb6488ff736e720170339c85d5a2a31e3b876aada872c', 'amz-sdk-invocation-id': b'4be50c93-cf5a-45b0-bbf9-f859f058c508', 'amz-sdk-request': b'attempt=1'}>
[ 2025-04-09 15:29:03,441 ] botocore.httpsession - DEBUG - Certificate path: /Users/khalid/Desktop/ML-Model-Deployment/.venv/lib/python3.9/site-packages/certifi/cacert.pem
[ 2025-04-09 15:29:03,811 ] urllib3.connectionpool - DEBUG - https://hf-predication-model2025.s3.amazonaws.com:443 "HEAD /config/20250409_151257/prediction_params.yaml HTTP/1.1" 200 0
[ 2025-04-09 15:29:03,811 ] botocore.hooks - DEBUG - Event before-parse.s3.HeadObject: calling handler <function _handle_200_error at 0x14b1fbaf0>
[ 2025-04-09 15:29:03,811 ] botocore.hooks - DEBUG - Event before-parse.s3.HeadObject: calling handler <function handle_expires_header at 0x14b1fb940>
[ 2025-04-09 15:29:03,811 ] botocore.parsers - DEBUG - Response headers: {'x-amz-id-2': 'lfsaViWyYkENiGK+eFIu6Iyil6ibzi54oHOYIFKcNmvNo0IPCqd/lGfZyDSSj6LJUY6zDQQyoXA=', 'x-amz-request-id': '5BW0H83094PSZ7RS', 'Date': 'Wed, 09 Apr 2025 09:29:04 GMT', 'Last-Modified': 'Wed, 09 Apr 2025 09:13:05 GMT', 'ETag': '"aca0498683478f66e3ac510300ba1e07"', 'x-amz-server-side-encryption': 'AES256', 'x-amz-version-id': 'RJ_aHTkQQFmmHk2iewMZqpwYpa2Eppw6', 'Accept-Ranges': 'bytes', 'Content-Type': 'binary/octet-stream', 'Content-Length': '960', 'Server': 'AmazonS3'}
[ 2025-04-09 15:29:03,811 ] botocore.parsers - DEBUG - Response body:
b''
[ 2025-04-09 15:29:03,812 ] botocore.hooks - DEBUG - Event needs-retry.s3.HeadObject: calling handler <function _update_status_code at 0x14b1fbc10>
[ 2025-04-09 15:29:03,812 ] botocore.hooks - DEBUG - Event needs-retry.s3.HeadObject: calling handler <botocore.retryhandler.RetryHandler object at 0x1542ab9d0>
[ 2025-04-09 15:29:03,812 ] botocore.retryhandler - DEBUG - No retry needed.
[ 2025-04-09 15:29:03,812 ] botocore.hooks - DEBUG - Event needs-retry.s3.HeadObject: calling handler <bound method S3RegionRedirectorv2.redirect_from_error of <botocore.utils.S3RegionRedirectorv2 object at 0x1542aba60>>
[ 2025-04-09 15:29:03,812 ] s3transfer.futures - DEBUG - Submitting task ImmediatelyWriteIOGetObjectTask(transfer_id=0, {'bucket': 'hf-predication-model2025', 'key': 'config/20250409_151257/prediction_params.yaml', 'extra_args': {}}) to executor <s3transfer.futures.BoundedExecutor object at 0x154428940> for transfer request: 0.
[ 2025-04-09 15:29:03,812 ] s3transfer.utils - DEBUG - Acquiring 0
[ 2025-04-09 15:29:03,812 ] s3transfer.tasks - DEBUG - ImmediatelyWriteIOGetObjectTask(transfer_id=0, {'bucket': 'hf-predication-model2025', 'key': 'config/20250409_151257/prediction_params.yaml', 'extra_args': {}}) about to wait for the following futures []
[ 2025-04-09 15:29:03,813 ] s3transfer.tasks - DEBUG - ImmediatelyWriteIOGetObjectTask(transfer_id=0, {'bucket': 'hf-predication-model2025', 'key': 'config/20250409_151257/prediction_params.yaml', 'extra_args': {}}) done waiting for dependent futures
[ 2025-04-09 15:29:03,813 ] s3transfer.tasks - DEBUG - Executing task ImmediatelyWriteIOGetObjectTask(transfer_id=0, {'bucket': 'hf-predication-model2025', 'key': 'config/20250409_151257/prediction_params.yaml', 'extra_args': {}}) with kwargs {'client': <botocore.client.S3 object at 0x1541a4fd0>, 'bucket': 'hf-predication-model2025', 'key': 'config/20250409_151257/prediction_params.yaml', 'fileobj': <s3transfer.utils.DeferredOpenFile object at 0x1542e77c0>, 'extra_args': {}, 'callbacks': [], 'max_attempts': 5, 'download_output_manager': <s3transfer.download.DownloadFilenameOutputManager object at 0x1542e78e0>, 'io_chunksize': 262144, 'bandwidth_limiter': None}
[ 2025-04-09 15:29:03,813 ] botocore.hooks - DEBUG - Event before-parameter-build.s3.GetObject: calling handler <function sse_md5 at 0x14b1f6820>
[ 2025-04-09 15:29:03,813 ] botocore.hooks - DEBUG - Event before-parameter-build.s3.GetObject: calling handler <function validate_bucket_name at 0x14b1f6790>
[ 2025-04-09 15:29:03,813 ] botocore.hooks - DEBUG - Event before-parameter-build.s3.GetObject: calling handler <function remove_bucket_from_url_paths_from_model at 0x14b1fb670>
[ 2025-04-09 15:29:03,813 ] botocore.hooks - DEBUG - Event before-parameter-build.s3.GetObject: calling handler <bound method S3RegionRedirectorv2.annotate_request_context of <botocore.utils.S3RegionRedirectorv2 object at 0x1542aba60>>
[ 2025-04-09 15:29:03,813 ] botocore.hooks - DEBUG - Event before-parameter-build.s3.GetObject: calling handler <bound method ClientCreator._inject_s3_input_parameters of <botocore.client.ClientCreator object at 0x14b2bed00>>
[ 2025-04-09 15:29:03,813 ] s3transfer.utils - DEBUG - Releasing acquire 0/None
[ 2025-04-09 15:29:03,813 ] botocore.hooks - DEBUG - Event before-parameter-build.s3.GetObject: calling handler <function generate_idempotent_uuid at 0x14b1f65e0>
[ 2025-04-09 15:29:03,813 ] botocore.hooks - DEBUG - Event before-parameter-build.s3.GetObject: calling handler <function _handle_request_validation_mode_member at 0x14b1fbd30>
[ 2025-04-09 15:29:03,813 ] botocore.hooks - DEBUG - Event before-endpoint-resolution.s3: calling handler <function customize_endpoint_resolver_builtins at 0x14b1fb820>
[ 2025-04-09 15:29:03,813 ] botocore.hooks - DEBUG - Event before-endpoint-resolution.s3: calling handler <bound method S3RegionRedirectorv2.redirect_from_cache of <botocore.utils.S3RegionRedirectorv2 object at 0x1542aba60>>
[ 2025-04-09 15:29:03,813 ] botocore.regions - DEBUG - Calling endpoint provider with parameters: {'Bucket': 'hf-predication-model2025', 'Region': 'us-east-1', 'UseFIPS': False, 'UseDualStack': False, 'ForcePathStyle': False, 'Accelerate': False, 'UseGlobalEndpoint': True, 'Key': 'config/20250409_151257/prediction_params.yaml', 'DisableMultiRegionAccessPoints': False, 'UseArnRegion': True}
[ 2025-04-09 15:29:03,813 ] botocore.regions - DEBUG - Endpoint provider result: https://hf-predication-model2025.s3.amazonaws.com
[ 2025-04-09 15:29:03,813 ] botocore.regions - DEBUG - Selecting from endpoint provider's list of auth schemes: "sigv4". User selected auth scheme is: "None"
[ 2025-04-09 15:29:03,813 ] botocore.regions - DEBUG - Selected auth type "v4" as "v4" with signing context params: {'region': 'us-east-1', 'signing_name': 's3', 'disableDoubleEncoding': True}
[ 2025-04-09 15:29:03,814 ] botocore.hooks - DEBUG - Event before-call.s3.GetObject: calling handler <function add_expect_header at 0x14b1f6af0>
[ 2025-04-09 15:29:03,814 ] botocore.hooks - DEBUG - Event before-call.s3.GetObject: calling handler <bound method S3ExpressIdentityResolver.apply_signing_cache_key of <botocore.utils.S3ExpressIdentityResolver object at 0x1542aba90>>
[ 2025-04-09 15:29:03,814 ] botocore.hooks - DEBUG - Event before-call.s3.GetObject: calling handler <function add_recursion_detection_header at 0x14b1f61f0>
[ 2025-04-09 15:29:03,814 ] botocore.hooks - DEBUG - Event before-call.s3.GetObject: calling handler <function add_query_compatibility_header at 0x14b1fbca0>
[ 2025-04-09 15:29:03,814 ] botocore.hooks - DEBUG - Event before-call.s3.GetObject: calling handler <function inject_api_version_header_if_needed at 0x14b1fae50>
[ 2025-04-09 15:29:03,814 ] botocore.endpoint - DEBUG - Making request for OperationModel(name=GetObject) with params: {'url_path': '/config/20250409_151257/prediction_params.yaml', 'query_string': {}, 'method': 'GET', 'headers': {'x-amz-checksum-mode': 'ENABLED', 'User-Agent': 'Boto3/1.37.28 md/Botocore#1.37.28 ua/2.1 os/macos#24.3.0 md/arch#arm64 lang/python#3.9.6 md/pyimpl#CPython m/G cfg/retry-mode#legacy Botocore/1.37.28'}, 'body': b'', 'auth_path': '/hf-predication-model2025/config/20250409_151257/prediction_params.yaml', 'url': 'https://hf-predication-model2025.s3.amazonaws.com/config/20250409_151257/prediction_params.yaml', 'context': {'client_region': 'us-east-1', 'client_config': <botocore.config.Config object at 0x1541aa0a0>, 'has_streaming_input': False, 'auth_type': 'v4', 'unsigned_payload': None, 's3_redirect': {'redirected': False, 'bucket': 'hf-predication-model2025', 'params': {'Bucket': 'hf-predication-model2025', 'Key': 'config/20250409_151257/prediction_params.yaml', 'ChecksumMode': 'ENABLED'}}, 'input_params': {'Bucket': 'hf-predication-model2025', 'Key': 'config/20250409_151257/prediction_params.yaml'}, 'signing': {'region': 'us-east-1', 'signing_name': 's3', 'disableDoubleEncoding': True}, 'endpoint_properties': {'authSchemes': [{'disableDoubleEncoding': True, 'name': 'sigv4', 'signingName': 's3', 'signingRegion': 'us-east-1'}]}, 'checksum': {'response_algorithms': ['crc32', 'sha1', 'sha256']}}}
[ 2025-04-09 15:29:03,814 ] botocore.hooks - DEBUG - Event request-created.s3.GetObject: calling handler <function signal_not_transferring at 0x154211700>
[ 2025-04-09 15:29:03,814 ] botocore.hooks - DEBUG - Event request-created.s3.GetObject: calling handler <bound method RequestSigner.handler of <botocore.signers.RequestSigner object at 0x1541aa430>>
[ 2025-04-09 15:29:03,814 ] botocore.hooks - DEBUG - Event choose-signer.s3.GetObject: calling handler <bound method ClientCreator._default_s3_presign_to_sigv2 of <botocore.client.ClientCreator object at 0x14b2bed00>>
[ 2025-04-09 15:29:03,814 ] botocore.hooks - DEBUG - Event choose-signer.s3.GetObject: calling handler <function set_operation_specific_signer at 0x14b1f6430>
[ 2025-04-09 15:29:03,814 ] botocore.hooks - DEBUG - Event before-sign.s3.GetObject: calling handler <function remove_arn_from_signing_path at 0x14b1fb790>
[ 2025-04-09 15:29:03,814 ] botocore.hooks - DEBUG - Event before-sign.s3.GetObject: calling handler <function _set_extra_headers_for_unsigned_request at 0x14b1fbdc0>
[ 2025-04-09 15:29:03,814 ] botocore.hooks - DEBUG - Event before-sign.s3.GetObject: calling handler <bound method S3ExpressIdentityResolver.resolve_s3express_identity of <botocore.utils.S3ExpressIdentityResolver object at 0x1542aba90>>
[ 2025-04-09 15:29:03,815 ] botocore.auth - DEBUG - Calculating signature using v4 auth.
[ 2025-04-09 15:29:03,815 ] botocore.auth - DEBUG - CanonicalRequest:
GET
/config/20250409_151257/prediction_params.yaml

host:hf-predication-model2025.s3.amazonaws.com
x-amz-checksum-mode:ENABLED
x-amz-content-sha256:e3b0c44298fc1c149afbf4c8996fb92427ae41e4649b934ca495991b7852b855
x-amz-date:20250409T092903Z

host;x-amz-checksum-mode;x-amz-content-sha256;x-amz-date
e3b0c44298fc1c149afbf4c8996fb92427ae41e4649b934ca495991b7852b855
[ 2025-04-09 15:29:03,815 ] botocore.auth - DEBUG - StringToSign:
AWS4-HMAC-SHA256
20250409T092903Z
20250409/us-east-1/s3/aws4_request
826918bd5ec62238fce32e382064e8dcafc13b0a0831d1d7587dafa13ee89a15
[ 2025-04-09 15:29:03,815 ] botocore.auth - DEBUG - Signature:
1338f2f37a266429d7d0ca5272b46fd6736493ca5cf0b756e7b956697d08b96a
[ 2025-04-09 15:29:03,815 ] botocore.hooks - DEBUG - Event request-created.s3.GetObject: calling handler <bound method UserAgentString.rebuild_and_replace_user_agent_handler of <botocore.useragent.UserAgentString object at 0x1542ab490>>
[ 2025-04-09 15:29:03,815 ] botocore.hooks - DEBUG - Event request-created.s3.GetObject: calling handler <function signal_transferring at 0x154211790>
[ 2025-04-09 15:29:03,815 ] botocore.hooks - DEBUG - Event request-created.s3.GetObject: calling handler <function add_retry_headers at 0x14b1fb5e0>
[ 2025-04-09 15:29:03,815 ] botocore.endpoint - DEBUG - Sending http request: <AWSPreparedRequest stream_output=True, method=GET, url=https://hf-predication-model2025.s3.amazonaws.com/config/20250409_151257/prediction_params.yaml, headers={'x-amz-checksum-mode': b'ENABLED', 'User-Agent': b'Boto3/1.37.28 md/Botocore#1.37.28 ua/2.1 os/macos#24.3.0 md/arch#arm64 lang/python#3.9.6 md/pyimpl#CPython m/G cfg/retry-mode#legacy Botocore/1.37.28', 'X-Amz-Date': b'20250409T092903Z', 'X-Amz-Content-SHA256': b'e3b0c44298fc1c149afbf4c8996fb92427ae41e4649b934ca495991b7852b855', 'Authorization': b'AWS4-HMAC-SHA256 Credential=AKIA2RP6H2HI34XE4TN5/20250409/us-east-1/s3/aws4_request, SignedHeaders=host;x-amz-checksum-mode;x-amz-content-sha256;x-amz-date, Signature=1338f2f37a266429d7d0ca5272b46fd6736493ca5cf0b756e7b956697d08b96a', 'amz-sdk-invocation-id': b'556323d8-98f5-40f4-93b0-d4b9b0fe780b', 'amz-sdk-request': b'attempt=1'}>
[ 2025-04-09 15:29:03,815 ] botocore.httpsession - DEBUG - Certificate path: /Users/khalid/Desktop/ML-Model-Deployment/.venv/lib/python3.9/site-packages/certifi/cacert.pem
[ 2025-04-09 15:29:04,156 ] urllib3.connectionpool - DEBUG - https://hf-predication-model2025.s3.amazonaws.com:443 "GET /config/20250409_151257/prediction_params.yaml HTTP/1.1" 200 960
[ 2025-04-09 15:29:04,157 ] botocore.hooks - DEBUG - Event before-parse.s3.GetObject: calling handler <function _handle_200_error at 0x14b1fbaf0>
[ 2025-04-09 15:29:04,157 ] botocore.hooks - DEBUG - Event before-parse.s3.GetObject: calling handler <function handle_expires_header at 0x14b1fb940>
[ 2025-04-09 15:29:04,157 ] botocore.parsers - DEBUG - Response headers: {'x-amz-id-2': 'Q+55WZnpU0QOgAN33obzkFgLHzfFZfL2X+UfcspzXOsdILJncdB7Dmfxbu0stTtFSJn9oDcVYRg=', 'x-amz-request-id': '94P54M4R3X67BRJS', 'Date': 'Wed, 09 Apr 2025 09:29:05 GMT', 'Last-Modified': 'Wed, 09 Apr 2025 09:13:05 GMT', 'ETag': '"aca0498683478f66e3ac510300ba1e07"', 'x-amz-checksum-crc32': 'FDKv7g==', 'x-amz-checksum-type': 'FULL_OBJECT', 'x-amz-server-side-encryption': 'AES256', 'x-amz-version-id': 'RJ_aHTkQQFmmHk2iewMZqpwYpa2Eppw6', 'Accept-Ranges': 'bytes', 'Content-Type': 'binary/octet-stream', 'Content-Length': '960', 'Server': 'AmazonS3'}
[ 2025-04-09 15:29:04,157 ] botocore.parsers - DEBUG - Response body:
<botocore.httpchecksum.StreamingChecksumBody object at 0x154451a60>
[ 2025-04-09 15:29:04,157 ] botocore.hooks - DEBUG - Event needs-retry.s3.GetObject: calling handler <function _update_status_code at 0x14b1fbc10>
[ 2025-04-09 15:29:04,157 ] botocore.hooks - DEBUG - Event needs-retry.s3.GetObject: calling handler <botocore.retryhandler.RetryHandler object at 0x1542ab9d0>
[ 2025-04-09 15:29:04,157 ] botocore.retryhandler - DEBUG - No retry needed.
[ 2025-04-09 15:29:04,157 ] botocore.hooks - DEBUG - Event needs-retry.s3.GetObject: calling handler <bound method S3RegionRedirectorv2.redirect_from_error of <botocore.utils.S3RegionRedirectorv2 object at 0x1542aba60>>
[ 2025-04-09 15:29:04,158 ] s3transfer.tasks - DEBUG - IOWriteTask(transfer_id=0, {'offset': 0}) about to wait for the following futures []
[ 2025-04-09 15:29:04,158 ] s3transfer.tasks - DEBUG - IOWriteTask(transfer_id=0, {'offset': 0}) done waiting for dependent futures
[ 2025-04-09 15:29:04,158 ] s3transfer.tasks - DEBUG - Executing task IOWriteTask(transfer_id=0, {'offset': 0}) with kwargs {'fileobj': <s3transfer.utils.DeferredOpenFile object at 0x1542e77c0>, 'offset': 0}
[ 2025-04-09 15:29:04,159 ] s3transfer.tasks - DEBUG - IORenameFileTask(transfer_id=0, {'final_filename': 'temp_model_20250409_151257/params.yaml'}) about to wait for the following futures []
[ 2025-04-09 15:29:04,160 ] s3transfer.tasks - DEBUG - IORenameFileTask(transfer_id=0, {'final_filename': 'temp_model_20250409_151257/params.yaml'}) done waiting for dependent futures
[ 2025-04-09 15:29:04,160 ] s3transfer.tasks - DEBUG - Executing task IORenameFileTask(transfer_id=0, {'final_filename': 'temp_model_20250409_151257/params.yaml'}) with kwargs {'fileobj': <s3transfer.utils.DeferredOpenFile object at 0x1542e77c0>, 'final_filename': 'temp_model_20250409_151257/params.yaml', 'osutil': <s3transfer.utils.OSUtils object at 0x1542abcd0>}
[ 2025-04-09 15:29:04,167 ] s3transfer.utils - DEBUG - Releasing acquire 0/None
[ 2025-04-09 15:29:04,168 ] root - INFO - File config/20250409_151257/prediction_params.yaml downloaded to temp_model_20250409_151257/params.yaml
