[ 2025-04-09 15:15:18,416 ] botocore.hooks - DEBUG - Changing event name from creating-client-class.iot-data to creating-client-class.iot-data-plane
[ 2025-04-09 15:15:18,417 ] botocore.hooks - DEBUG - Changing event name from before-call.apigateway to before-call.api-gateway
[ 2025-04-09 15:15:18,417 ] botocore.hooks - DEBUG - Changing event name from request-created.machinelearning.Predict to request-created.machine-learning.Predict
[ 2025-04-09 15:15:18,418 ] botocore.hooks - DEBUG - Changing event name from before-parameter-build.autoscaling.CreateLaunchConfiguration to before-parameter-build.auto-scaling.CreateLaunchConfiguration
[ 2025-04-09 15:15:18,418 ] botocore.hooks - DEBUG - Changing event name from before-parameter-build.route53 to before-parameter-build.route-53
[ 2025-04-09 15:15:18,418 ] botocore.hooks - DEBUG - Changing event name from request-created.cloudsearchdomain.Search to request-created.cloudsearch-domain.Search
[ 2025-04-09 15:15:18,418 ] botocore.hooks - DEBUG - Changing event name from docs.*.autoscaling.CreateLaunchConfiguration.complete-section to docs.*.auto-scaling.CreateLaunchConfiguration.complete-section
[ 2025-04-09 15:15:18,419 ] botocore.hooks - DEBUG - Changing event name from before-parameter-build.logs.CreateExportTask to before-parameter-build.cloudwatch-logs.CreateExportTask
[ 2025-04-09 15:15:18,419 ] botocore.hooks - DEBUG - Changing event name from docs.*.logs.CreateExportTask.complete-section to docs.*.cloudwatch-logs.CreateExportTask.complete-section
[ 2025-04-09 15:15:18,419 ] botocore.hooks - DEBUG - Changing event name from before-parameter-build.cloudsearchdomain.Search to before-parameter-build.cloudsearch-domain.Search
[ 2025-04-09 15:15:18,419 ] botocore.hooks - DEBUG - Changing event name from docs.*.cloudsearchdomain.Search.complete-section to docs.*.cloudsearch-domain.Search.complete-section
[ 2025-04-09 15:15:18,420 ] botocore.loaders - DEBUG - Loading JSON file: /Users/khalid/Desktop/ML-Model-Deployment/.venv/lib/python3.9/site-packages/botocore/data/endpoints.json
[ 2025-04-09 15:15:18,427 ] botocore.loaders - DEBUG - Loading JSON file: /Users/khalid/Desktop/ML-Model-Deployment/.venv/lib/python3.9/site-packages/botocore/data/sdk-default-configuration.json
[ 2025-04-09 15:15:18,427 ] botocore.hooks - DEBUG - Event choose-service-name: calling handler <function handle_service_name_alias at 0x101b77040>
[ 2025-04-09 15:15:18,460 ] botocore.loaders - DEBUG - Loading JSON file: /Users/khalid/Desktop/ML-Model-Deployment/.venv/lib/python3.9/site-packages/botocore/data/s3/2006-03-01/service-2.json.gz
[ 2025-04-09 15:15:18,463 ] botocore.loaders - DEBUG - Loading JSON file: /Users/khalid/Desktop/ML-Model-Deployment/.venv/lib/python3.9/site-packages/botocore/data/s3/2006-03-01/service-2.sdk-extras.json
[ 2025-04-09 15:15:18,470 ] botocore.loaders - DEBUG - Loading JSON file: /Users/khalid/Desktop/ML-Model-Deployment/.venv/lib/python3.9/site-packages/botocore/data/s3/2006-03-01/endpoint-rule-set-1.json.gz
[ 2025-04-09 15:15:18,471 ] botocore.loaders - DEBUG - Loading JSON file: /Users/khalid/Desktop/ML-Model-Deployment/.venv/lib/python3.9/site-packages/botocore/data/partitions.json
[ 2025-04-09 15:15:18,472 ] botocore.hooks - DEBUG - Event creating-client-class.s3: calling handler <function add_generate_presigned_post at 0x101abdaf0>
[ 2025-04-09 15:15:18,472 ] botocore.hooks - DEBUG - Event creating-client-class.s3: calling handler <function lazy_call.<locals>._handler at 0x101c149d0>
[ 2025-04-09 15:15:18,492 ] botocore.hooks - DEBUG - Event creating-client-class.s3: calling handler <function add_generate_presigned_url at 0x101abd8b0>
[ 2025-04-09 15:15:18,492 ] botocore.configprovider - DEBUG - Looking for endpoint for s3 via: environment_service
[ 2025-04-09 15:15:18,492 ] botocore.configprovider - DEBUG - Looking for endpoint for s3 via: environment_global
[ 2025-04-09 15:15:18,492 ] botocore.configprovider - DEBUG - Looking for endpoint for s3 via: config_service
[ 2025-04-09 15:15:18,492 ] botocore.configprovider - DEBUG - Looking for endpoint for s3 via: config_global
[ 2025-04-09 15:15:18,492 ] botocore.configprovider - DEBUG - No configured endpoint found.
[ 2025-04-09 15:15:18,535 ] botocore.endpoint - DEBUG - Setting s3 timeout as (60, 60)
[ 2025-04-09 15:15:18,536 ] botocore.loaders - DEBUG - Loading JSON file: /Users/khalid/Desktop/ML-Model-Deployment/.venv/lib/python3.9/site-packages/botocore/data/_retry.json
[ 2025-04-09 15:15:18,536 ] botocore.client - DEBUG - Registering retry handlers for service: s3
[ 2025-04-09 15:15:18,536 ] botocore.utils - DEBUG - Registering S3 region redirector handler
[ 2025-04-09 15:15:18,537 ] botocore.utils - DEBUG - Registering S3Express Identity Resolver
[ 2025-04-09 15:15:18,537 ] botocore.hooks - DEBUG - Event before-parameter-build.s3.HeadBucket: calling handler <function validate_bucket_name at 0x101b7f790>
[ 2025-04-09 15:15:18,537 ] botocore.hooks - DEBUG - Event before-parameter-build.s3.HeadBucket: calling handler <function remove_bucket_from_url_paths_from_model at 0x101b85670>
[ 2025-04-09 15:15:18,537 ] botocore.hooks - DEBUG - Event before-parameter-build.s3.HeadBucket: calling handler <bound method S3RegionRedirectorv2.annotate_request_context of <botocore.utils.S3RegionRedirectorv2 object at 0x102a13d90>>
[ 2025-04-09 15:15:18,537 ] botocore.hooks - DEBUG - Event before-parameter-build.s3.HeadBucket: calling handler <bound method ClientCreator._inject_s3_input_parameters of <botocore.client.ClientCreator object at 0x101c5d400>>
[ 2025-04-09 15:15:18,537 ] botocore.hooks - DEBUG - Event before-parameter-build.s3.HeadBucket: calling handler <function generate_idempotent_uuid at 0x101b7f5e0>
[ 2025-04-09 15:15:18,537 ] botocore.hooks - DEBUG - Event before-parameter-build.s3.HeadBucket: calling handler <function _handle_request_validation_mode_member at 0x101b85d30>
[ 2025-04-09 15:15:18,537 ] botocore.hooks - DEBUG - Event before-endpoint-resolution.s3: calling handler <function customize_endpoint_resolver_builtins at 0x101b85820>
[ 2025-04-09 15:15:18,537 ] botocore.hooks - DEBUG - Event before-endpoint-resolution.s3: calling handler <bound method S3RegionRedirectorv2.redirect_from_cache of <botocore.utils.S3RegionRedirectorv2 object at 0x102a13d90>>
[ 2025-04-09 15:15:18,537 ] botocore.regions - DEBUG - Calling endpoint provider with parameters: {'Bucket': 'hf-predication-model2025', 'Region': 'us-east-1', 'UseFIPS': False, 'UseDualStack': False, 'ForcePathStyle': False, 'Accelerate': False, 'UseGlobalEndpoint': True, 'DisableMultiRegionAccessPoints': False, 'UseArnRegion': True}
[ 2025-04-09 15:15:18,537 ] botocore.regions - DEBUG - Endpoint provider result: https://hf-predication-model2025.s3.amazonaws.com
[ 2025-04-09 15:15:18,537 ] botocore.regions - DEBUG - Selecting from endpoint provider's list of auth schemes: "sigv4". User selected auth scheme is: "None"
[ 2025-04-09 15:15:18,537 ] botocore.regions - DEBUG - Selected auth type "v4" as "v4" with signing context params: {'region': 'us-east-1', 'signing_name': 's3', 'disableDoubleEncoding': True}
[ 2025-04-09 15:15:18,538 ] botocore.hooks - DEBUG - Event before-call.s3.HeadBucket: calling handler <function add_expect_header at 0x101b7faf0>
[ 2025-04-09 15:15:18,538 ] botocore.hooks - DEBUG - Event before-call.s3.HeadBucket: calling handler <bound method S3ExpressIdentityResolver.apply_signing_cache_key of <botocore.utils.S3ExpressIdentityResolver object at 0x102a13dc0>>
[ 2025-04-09 15:15:18,538 ] botocore.hooks - DEBUG - Event before-call.s3.HeadBucket: calling handler <function add_recursion_detection_header at 0x101b7f1f0>
[ 2025-04-09 15:15:18,538 ] botocore.hooks - DEBUG - Event before-call.s3.HeadBucket: calling handler <function add_query_compatibility_header at 0x101b85ca0>
[ 2025-04-09 15:15:18,538 ] botocore.hooks - DEBUG - Event before-call.s3.HeadBucket: calling handler <function inject_api_version_header_if_needed at 0x101b82e50>
[ 2025-04-09 15:15:18,538 ] botocore.endpoint - DEBUG - Making request for OperationModel(name=HeadBucket) with params: {'url_path': '', 'query_string': {}, 'method': 'HEAD', 'headers': {'User-Agent': 'Boto3/1.37.28 md/Botocore#1.37.28 ua/2.1 os/macos#24.3.0 md/arch#arm64 lang/python#3.9.6 md/pyimpl#CPython cfg/retry-mode#legacy Botocore/1.37.28'}, 'body': b'', 'auth_path': '/hf-predication-model2025/', 'url': 'https://hf-predication-model2025.s3.amazonaws.com/', 'context': {'client_region': 'us-east-1', 'client_config': <botocore.config.Config object at 0x1027c9850>, 'has_streaming_input': False, 'auth_type': 'v4', 'unsigned_payload': None, 's3_redirect': {'redirected': False, 'bucket': 'hf-predication-model2025', 'params': {'Bucket': 'hf-predication-model2025'}}, 'input_params': {'Bucket': 'hf-predication-model2025'}, 'signing': {'region': 'us-east-1', 'signing_name': 's3', 'disableDoubleEncoding': True}, 'endpoint_properties': {'authSchemes': [{'disableDoubleEncoding': True, 'name': 'sigv4', 'signingName': 's3', 'signingRegion': 'us-east-1'}]}}}
[ 2025-04-09 15:15:18,538 ] botocore.hooks - DEBUG - Event request-created.s3.HeadBucket: calling handler <bound method RequestSigner.handler of <botocore.signers.RequestSigner object at 0x1027c9880>>
[ 2025-04-09 15:15:18,538 ] botocore.hooks - DEBUG - Event choose-signer.s3.HeadBucket: calling handler <bound method ClientCreator._default_s3_presign_to_sigv2 of <botocore.client.ClientCreator object at 0x101c5d400>>
[ 2025-04-09 15:15:18,538 ] botocore.hooks - DEBUG - Event choose-signer.s3.HeadBucket: calling handler <function set_operation_specific_signer at 0x101b7f430>
[ 2025-04-09 15:15:18,538 ] botocore.hooks - DEBUG - Event before-sign.s3.HeadBucket: calling handler <function remove_arn_from_signing_path at 0x101b85790>
[ 2025-04-09 15:15:18,538 ] botocore.hooks - DEBUG - Event before-sign.s3.HeadBucket: calling handler <function _set_extra_headers_for_unsigned_request at 0x101b85dc0>
[ 2025-04-09 15:15:18,538 ] botocore.hooks - DEBUG - Event before-sign.s3.HeadBucket: calling handler <bound method S3ExpressIdentityResolver.resolve_s3express_identity of <botocore.utils.S3ExpressIdentityResolver object at 0x102a13dc0>>
[ 2025-04-09 15:15:18,538 ] botocore.auth - DEBUG - Calculating signature using v4 auth.
[ 2025-04-09 15:15:18,538 ] botocore.auth - DEBUG - CanonicalRequest:
HEAD
/

host:hf-predication-model2025.s3.amazonaws.com
x-amz-content-sha256:e3b0c44298fc1c149afbf4c8996fb92427ae41e4649b934ca495991b7852b855
x-amz-date:20250409T091518Z

host;x-amz-content-sha256;x-amz-date
e3b0c44298fc1c149afbf4c8996fb92427ae41e4649b934ca495991b7852b855
[ 2025-04-09 15:15:18,538 ] botocore.auth - DEBUG - StringToSign:
AWS4-HMAC-SHA256
20250409T091518Z
20250409/us-east-1/s3/aws4_request
242a3c3901bf264fc84cc126a8918bd355842aa7efaef6ab8093db922912cff7
[ 2025-04-09 15:15:18,538 ] botocore.auth - DEBUG - Signature:
5cfbd4dbe1dde26b2e065702656d2cad2b7d377a07639586ac9fd0b65d17e710
[ 2025-04-09 15:15:18,538 ] botocore.hooks - DEBUG - Event request-created.s3.HeadBucket: calling handler <bound method UserAgentString.rebuild_and_replace_user_agent_handler of <botocore.useragent.UserAgentString object at 0x102a137c0>>
[ 2025-04-09 15:15:18,538 ] botocore.hooks - DEBUG - Event request-created.s3.HeadBucket: calling handler <function add_retry_headers at 0x101b855e0>
[ 2025-04-09 15:15:18,538 ] botocore.endpoint - DEBUG - Sending http request: <AWSPreparedRequest stream_output=False, method=HEAD, url=https://hf-predication-model2025.s3.amazonaws.com/, headers={'User-Agent': b'Boto3/1.37.28 md/Botocore#1.37.28 ua/2.1 os/macos#24.3.0 md/arch#arm64 lang/python#3.9.6 md/pyimpl#CPython cfg/retry-mode#legacy Botocore/1.37.28', 'X-Amz-Date': b'20250409T091518Z', 'X-Amz-Content-SHA256': b'e3b0c44298fc1c149afbf4c8996fb92427ae41e4649b934ca495991b7852b855', 'Authorization': b'AWS4-HMAC-SHA256 Credential=AKIA2RP6H2HI34XE4TN5/20250409/us-east-1/s3/aws4_request, SignedHeaders=host;x-amz-content-sha256;x-amz-date, Signature=5cfbd4dbe1dde26b2e065702656d2cad2b7d377a07639586ac9fd0b65d17e710', 'amz-sdk-invocation-id': b'f8988e21-6f69-40e0-891d-56fb7de9d25e', 'amz-sdk-request': b'attempt=1'}>
[ 2025-04-09 15:15:18,539 ] botocore.httpsession - DEBUG - Certificate path: /Users/khalid/Desktop/ML-Model-Deployment/.venv/lib/python3.9/site-packages/certifi/cacert.pem
[ 2025-04-09 15:15:18,539 ] urllib3.connectionpool - DEBUG - Starting new HTTPS connection (1): hf-predication-model2025.s3.amazonaws.com:443
[ 2025-04-09 15:15:19,932 ] urllib3.connectionpool - DEBUG - https://hf-predication-model2025.s3.amazonaws.com:443 "HEAD / HTTP/1.1" 200 0
[ 2025-04-09 15:15:19,933 ] botocore.hooks - DEBUG - Event before-parse.s3.HeadBucket: calling handler <function _handle_200_error at 0x101b85af0>
[ 2025-04-09 15:15:19,933 ] botocore.hooks - DEBUG - Event before-parse.s3.HeadBucket: calling handler <function handle_expires_header at 0x101b85940>
[ 2025-04-09 15:15:19,933 ] botocore.parsers - DEBUG - Response headers: {'x-amz-id-2': 'kyXYbp/wGdgkeb08ujcalvST248hLjWpuVooUgB9CqAZef5WRT9TztALKuOjWDFnW4+A6YtOM2YoSoAGhFaCe/sXTj0gaPdG', 'x-amz-request-id': 'ME34G2HNRQ4DM8XP', 'Date': 'Wed, 09 Apr 2025 09:15:20 GMT', 'x-amz-bucket-region': 'us-east-1', 'x-amz-access-point-alias': 'false', 'Content-Type': 'application/xml', 'Transfer-Encoding': 'chunked', 'Server': 'AmazonS3'}
[ 2025-04-09 15:15:19,933 ] botocore.parsers - DEBUG - Response body:
b''
[ 2025-04-09 15:15:19,934 ] botocore.hooks - DEBUG - Event needs-retry.s3.HeadBucket: calling handler <function _update_status_code at 0x101b85c10>
[ 2025-04-09 15:15:19,934 ] botocore.hooks - DEBUG - Event needs-retry.s3.HeadBucket: calling handler <botocore.retryhandler.RetryHandler object at 0x102a13d00>
[ 2025-04-09 15:15:19,934 ] botocore.retryhandler - DEBUG - No retry needed.
[ 2025-04-09 15:15:19,934 ] botocore.hooks - DEBUG - Event needs-retry.s3.HeadBucket: calling handler <bound method S3RegionRedirectorv2.redirect_from_error of <botocore.utils.S3RegionRedirectorv2 object at 0x102a13d90>>
[ 2025-04-09 15:15:19,934 ] root - INFO - Bucket hf-predication-model2025 exists
[ 2025-04-09 15:15:19,934 ] root - INFO - S3Utils initialized with bucket: hf-predication-model2025
[ 2025-04-09 15:15:19,934 ] botocore.hooks - DEBUG - Event before-parameter-build.s3.ListObjectsV2: calling handler <function set_list_objects_encoding_type_url at 0x101b82a60>
[ 2025-04-09 15:15:19,934 ] botocore.hooks - DEBUG - Event before-parameter-build.s3.ListObjectsV2: calling handler <function validate_bucket_name at 0x101b7f790>
[ 2025-04-09 15:15:19,935 ] botocore.hooks - DEBUG - Event before-parameter-build.s3.ListObjectsV2: calling handler <function remove_bucket_from_url_paths_from_model at 0x101b85670>
[ 2025-04-09 15:15:19,935 ] botocore.hooks - DEBUG - Event before-parameter-build.s3.ListObjectsV2: calling handler <bound method S3RegionRedirectorv2.annotate_request_context of <botocore.utils.S3RegionRedirectorv2 object at 0x102a13d90>>
[ 2025-04-09 15:15:19,935 ] botocore.hooks - DEBUG - Event before-parameter-build.s3.ListObjectsV2: calling handler <bound method ClientCreator._inject_s3_input_parameters of <botocore.client.ClientCreator object at 0x101c5d400>>
[ 2025-04-09 15:15:19,935 ] botocore.hooks - DEBUG - Event before-parameter-build.s3.ListObjectsV2: calling handler <function generate_idempotent_uuid at 0x101b7f5e0>
[ 2025-04-09 15:15:19,935 ] botocore.hooks - DEBUG - Event before-parameter-build.s3.ListObjectsV2: calling handler <function _handle_request_validation_mode_member at 0x101b85d30>
[ 2025-04-09 15:15:19,935 ] botocore.hooks - DEBUG - Event before-endpoint-resolution.s3: calling handler <function customize_endpoint_resolver_builtins at 0x101b85820>
[ 2025-04-09 15:15:19,935 ] botocore.hooks - DEBUG - Event before-endpoint-resolution.s3: calling handler <bound method S3RegionRedirectorv2.redirect_from_cache of <botocore.utils.S3RegionRedirectorv2 object at 0x102a13d90>>
[ 2025-04-09 15:15:19,936 ] botocore.regions - DEBUG - Calling endpoint provider with parameters: {'Bucket': 'hf-predication-model2025', 'Region': 'us-east-1', 'UseFIPS': False, 'UseDualStack': False, 'ForcePathStyle': False, 'Accelerate': False, 'UseGlobalEndpoint': True, 'Prefix': 'manifests/', 'DisableMultiRegionAccessPoints': False, 'UseArnRegion': True}
[ 2025-04-09 15:15:19,936 ] botocore.regions - DEBUG - Endpoint provider result: https://hf-predication-model2025.s3.amazonaws.com
[ 2025-04-09 15:15:19,936 ] botocore.regions - DEBUG - Selecting from endpoint provider's list of auth schemes: "sigv4". User selected auth scheme is: "None"
[ 2025-04-09 15:15:19,937 ] botocore.regions - DEBUG - Selected auth type "v4" as "v4" with signing context params: {'region': 'us-east-1', 'signing_name': 's3', 'disableDoubleEncoding': True}
[ 2025-04-09 15:15:19,937 ] botocore.hooks - DEBUG - Event before-call.s3.ListObjectsV2: calling handler <function add_expect_header at 0x101b7faf0>
[ 2025-04-09 15:15:19,937 ] botocore.hooks - DEBUG - Event before-call.s3.ListObjectsV2: calling handler <bound method S3ExpressIdentityResolver.apply_signing_cache_key of <botocore.utils.S3ExpressIdentityResolver object at 0x102a13dc0>>
[ 2025-04-09 15:15:19,937 ] botocore.hooks - DEBUG - Event before-call.s3.ListObjectsV2: calling handler <function add_recursion_detection_header at 0x101b7f1f0>
[ 2025-04-09 15:15:19,937 ] botocore.hooks - DEBUG - Event before-call.s3.ListObjectsV2: calling handler <function add_query_compatibility_header at 0x101b85ca0>
[ 2025-04-09 15:15:19,937 ] botocore.hooks - DEBUG - Event before-call.s3.ListObjectsV2: calling handler <function inject_api_version_header_if_needed at 0x101b82e50>
[ 2025-04-09 15:15:19,937 ] botocore.endpoint - DEBUG - Making request for OperationModel(name=ListObjectsV2) with params: {'url_path': '?list-type=2', 'query_string': {'prefix': 'manifests/', 'encoding-type': 'url'}, 'method': 'GET', 'headers': {'User-Agent': 'Boto3/1.37.28 md/Botocore#1.37.28 ua/2.1 os/macos#24.3.0 md/arch#arm64 lang/python#3.9.6 md/pyimpl#CPython cfg/retry-mode#legacy Botocore/1.37.28'}, 'body': b'', 'auth_path': '/hf-predication-model2025/', 'url': 'https://hf-predication-model2025.s3.amazonaws.com/?list-type=2&prefix=manifests%2F&encoding-type=url', 'context': {'client_region': 'us-east-1', 'client_config': <botocore.config.Config object at 0x1027c9850>, 'has_streaming_input': False, 'auth_type': 'v4', 'unsigned_payload': None, 'encoding_type_auto_set': True, 's3_redirect': {'redirected': False, 'bucket': 'hf-predication-model2025', 'params': {'Bucket': 'hf-predication-model2025', 'Prefix': 'manifests/', 'EncodingType': 'url'}}, 'input_params': {'Bucket': 'hf-predication-model2025', 'Prefix': 'manifests/'}, 'signing': {'region': 'us-east-1', 'signing_name': 's3', 'disableDoubleEncoding': True}, 'endpoint_properties': {'authSchemes': [{'disableDoubleEncoding': True, 'name': 'sigv4', 'signingName': 's3', 'signingRegion': 'us-east-1'}]}}}
[ 2025-04-09 15:15:19,938 ] botocore.hooks - DEBUG - Event request-created.s3.ListObjectsV2: calling handler <bound method RequestSigner.handler of <botocore.signers.RequestSigner object at 0x1027c9880>>
[ 2025-04-09 15:15:19,938 ] botocore.hooks - DEBUG - Event choose-signer.s3.ListObjectsV2: calling handler <bound method ClientCreator._default_s3_presign_to_sigv2 of <botocore.client.ClientCreator object at 0x101c5d400>>
[ 2025-04-09 15:15:19,938 ] botocore.hooks - DEBUG - Event choose-signer.s3.ListObjectsV2: calling handler <function set_operation_specific_signer at 0x101b7f430>
[ 2025-04-09 15:15:19,938 ] botocore.hooks - DEBUG - Event before-sign.s3.ListObjectsV2: calling handler <function remove_arn_from_signing_path at 0x101b85790>
[ 2025-04-09 15:15:19,938 ] botocore.hooks - DEBUG - Event before-sign.s3.ListObjectsV2: calling handler <function _set_extra_headers_for_unsigned_request at 0x101b85dc0>
[ 2025-04-09 15:15:19,938 ] botocore.hooks - DEBUG - Event before-sign.s3.ListObjectsV2: calling handler <bound method S3ExpressIdentityResolver.resolve_s3express_identity of <botocore.utils.S3ExpressIdentityResolver object at 0x102a13dc0>>
[ 2025-04-09 15:15:19,938 ] botocore.auth - DEBUG - Calculating signature using v4 auth.
[ 2025-04-09 15:15:19,938 ] botocore.auth - DEBUG - CanonicalRequest:
GET
/
encoding-type=url&list-type=2&prefix=manifests%2F
host:hf-predication-model2025.s3.amazonaws.com
x-amz-content-sha256:e3b0c44298fc1c149afbf4c8996fb92427ae41e4649b934ca495991b7852b855
x-amz-date:20250409T091519Z

host;x-amz-content-sha256;x-amz-date
e3b0c44298fc1c149afbf4c8996fb92427ae41e4649b934ca495991b7852b855
[ 2025-04-09 15:15:19,939 ] botocore.auth - DEBUG - StringToSign:
AWS4-HMAC-SHA256
20250409T091519Z
20250409/us-east-1/s3/aws4_request
27a06de7afb61df036b4becdfefbba4666206b42793cad7c6cbfc7e337731415
[ 2025-04-09 15:15:19,939 ] botocore.auth - DEBUG - Signature:
95e4610fb8a4f32435e688410049f1ab983f8e9cc9fad2738609e98e08092b43
[ 2025-04-09 15:15:19,939 ] botocore.hooks - DEBUG - Event request-created.s3.ListObjectsV2: calling handler <bound method UserAgentString.rebuild_and_replace_user_agent_handler of <botocore.useragent.UserAgentString object at 0x102a137c0>>
[ 2025-04-09 15:15:19,939 ] botocore.hooks - DEBUG - Event request-created.s3.ListObjectsV2: calling handler <function add_retry_headers at 0x101b855e0>
[ 2025-04-09 15:15:19,939 ] botocore.endpoint - DEBUG - Sending http request: <AWSPreparedRequest stream_output=False, method=GET, url=https://hf-predication-model2025.s3.amazonaws.com/?list-type=2&prefix=manifests%2F&encoding-type=url, headers={'User-Agent': b'Boto3/1.37.28 md/Botocore#1.37.28 ua/2.1 os/macos#24.3.0 md/arch#arm64 lang/python#3.9.6 md/pyimpl#CPython cfg/retry-mode#legacy Botocore/1.37.28', 'X-Amz-Date': b'20250409T091519Z', 'X-Amz-Content-SHA256': b'e3b0c44298fc1c149afbf4c8996fb92427ae41e4649b934ca495991b7852b855', 'Authorization': b'AWS4-HMAC-SHA256 Credential=AKIA2RP6H2HI34XE4TN5/20250409/us-east-1/s3/aws4_request, SignedHeaders=host;x-amz-content-sha256;x-amz-date, Signature=95e4610fb8a4f32435e688410049f1ab983f8e9cc9fad2738609e98e08092b43', 'amz-sdk-invocation-id': b'faead55a-7119-4f3b-b21e-2a6d90d5bb5a', 'amz-sdk-request': b'attempt=1'}>
[ 2025-04-09 15:15:19,939 ] botocore.httpsession - DEBUG - Certificate path: /Users/khalid/Desktop/ML-Model-Deployment/.venv/lib/python3.9/site-packages/certifi/cacert.pem
[ 2025-04-09 15:15:20,303 ] urllib3.connectionpool - DEBUG - https://hf-predication-model2025.s3.amazonaws.com:443 "GET /?list-type=2&prefix=manifests%2F&encoding-type=url HTTP/1.1" 200 None
[ 2025-04-09 15:15:20,304 ] botocore.hooks - DEBUG - Event before-parse.s3.ListObjectsV2: calling handler <function _handle_200_error at 0x101b85af0>
[ 2025-04-09 15:15:20,304 ] botocore.hooks - DEBUG - Event before-parse.s3.ListObjectsV2: calling handler <function handle_expires_header at 0x101b85940>
[ 2025-04-09 15:15:20,304 ] botocore.parsers - DEBUG - Response headers: {'x-amz-id-2': 'iDRRosiO7Qdqcy7Ktm7UBIVzO8efR1iqTRlDOmDGc3LPLyaDvDY9UIV+3Hv+NaBT48Cnj1m2usWjNfhsGKxH4z9IRiVkxBqL', 'x-amz-request-id': 'QB5GE58YZFK5C3EA', 'Date': 'Wed, 09 Apr 2025 09:15:21 GMT', 'x-amz-bucket-region': 'us-east-1', 'Content-Type': 'application/xml', 'Transfer-Encoding': 'chunked', 'Server': 'AmazonS3'}
[ 2025-04-09 15:15:20,304 ] botocore.parsers - DEBUG - Response body:
b'<?xml version="1.0" encoding="UTF-8"?>\n<ListBucketResult xmlns="http://s3.amazonaws.com/doc/2006-03-01/"><Name>hf-predication-model2025</Name><Prefix>manifests/</Prefix><KeyCount>1</KeyCount><MaxKeys>1000</MaxKeys><EncodingType>url</EncodingType><IsTruncated>false</IsTruncated><Contents><Key>manifests/20250409_151257_manifest.txt</Key><LastModified>2025-04-09T09:13:21.000Z</LastModified><ETag>&quot;0e1af4bfb27582c0a7c7039f1048cdb9&quot;</ETag><ChecksumAlgorithm>CRC32</ChecksumAlgorithm><ChecksumType>FULL_OBJECT</ChecksumType><Size>3783</Size><StorageClass>STANDARD</StorageClass></Contents></ListBucketResult>'
[ 2025-04-09 15:15:20,304 ] botocore.hooks - DEBUG - Event needs-retry.s3.ListObjectsV2: calling handler <function _update_status_code at 0x101b85c10>
[ 2025-04-09 15:15:20,304 ] botocore.hooks - DEBUG - Event needs-retry.s3.ListObjectsV2: calling handler <botocore.retryhandler.RetryHandler object at 0x102a13d00>
[ 2025-04-09 15:15:20,304 ] botocore.retryhandler - DEBUG - No retry needed.
[ 2025-04-09 15:15:20,304 ] botocore.hooks - DEBUG - Event needs-retry.s3.ListObjectsV2: calling handler <bound method S3RegionRedirectorv2.redirect_from_error of <botocore.utils.S3RegionRedirectorv2 object at 0x102a13d90>>
[ 2025-04-09 15:15:20,304 ] botocore.hooks - DEBUG - Event after-call.s3.ListObjectsV2: calling handler <function decode_list_object_v2 at 0x101b82b80>
[ 2025-04-09 15:15:20,305 ] root - INFO - Found 1 files with prefix manifests/
[ 2025-04-09 15:15:20,305 ] boto3.s3.transfer - DEBUG - Opting out of CRT Transfer Manager. Preferred client: auto, CRT available: False, Instance Optimized: False.
[ 2025-04-09 15:15:20,305 ] boto3.s3.transfer - DEBUG - Using default client. pid: 10408, thread: 8629061696
[ 2025-04-09 15:15:20,305 ] s3transfer.utils - DEBUG - Acquiring 0
[ 2025-04-09 15:15:20,305 ] s3transfer.tasks - DEBUG - DownloadSubmissionTask(transfer_id=0, {'transfer_future': <s3transfer.futures.TransferFuture object at 0x102a6eeb0>}) about to wait for the following futures []
[ 2025-04-09 15:15:20,305 ] s3transfer.tasks - DEBUG - DownloadSubmissionTask(transfer_id=0, {'transfer_future': <s3transfer.futures.TransferFuture object at 0x102a6eeb0>}) done waiting for dependent futures
[ 2025-04-09 15:15:20,305 ] s3transfer.tasks - DEBUG - Executing task DownloadSubmissionTask(transfer_id=0, {'transfer_future': <s3transfer.futures.TransferFuture object at 0x102a6eeb0>}) with kwargs {'client': <botocore.client.S3 object at 0x1027c98b0>, 'config': <boto3.s3.transfer.TransferConfig object at 0x102a2e760>, 'osutil': <s3transfer.utils.OSUtils object at 0x102a2ef70>, 'request_executor': <s3transfer.futures.BoundedExecutor object at 0x102a2e2b0>, 'transfer_future': <s3transfer.futures.TransferFuture object at 0x102a6eeb0>, 'io_executor': <s3transfer.futures.BoundedExecutor object at 0x102a2e070>}
[ 2025-04-09 15:15:20,305 ] botocore.hooks - DEBUG - Event before-parameter-build.s3.HeadObject: calling handler <function sse_md5 at 0x101b7f820>
[ 2025-04-09 15:15:20,305 ] botocore.hooks - DEBUG - Event before-parameter-build.s3.HeadObject: calling handler <function validate_bucket_name at 0x101b7f790>
[ 2025-04-09 15:15:20,306 ] botocore.hooks - DEBUG - Event before-parameter-build.s3.HeadObject: calling handler <function remove_bucket_from_url_paths_from_model at 0x101b85670>
[ 2025-04-09 15:15:20,306 ] botocore.hooks - DEBUG - Event before-parameter-build.s3.HeadObject: calling handler <bound method S3RegionRedirectorv2.annotate_request_context of <botocore.utils.S3RegionRedirectorv2 object at 0x102a13d90>>
[ 2025-04-09 15:15:20,306 ] botocore.hooks - DEBUG - Event before-parameter-build.s3.HeadObject: calling handler <bound method ClientCreator._inject_s3_input_parameters of <botocore.client.ClientCreator object at 0x101c5d400>>
[ 2025-04-09 15:15:20,306 ] botocore.hooks - DEBUG - Event before-parameter-build.s3.HeadObject: calling handler <function generate_idempotent_uuid at 0x101b7f5e0>
[ 2025-04-09 15:15:20,306 ] botocore.hooks - DEBUG - Event before-parameter-build.s3.HeadObject: calling handler <function _handle_request_validation_mode_member at 0x101b85d30>
[ 2025-04-09 15:15:20,306 ] botocore.hooks - DEBUG - Event before-endpoint-resolution.s3: calling handler <function customize_endpoint_resolver_builtins at 0x101b85820>
[ 2025-04-09 15:15:20,306 ] botocore.hooks - DEBUG - Event before-endpoint-resolution.s3: calling handler <bound method S3RegionRedirectorv2.redirect_from_cache of <botocore.utils.S3RegionRedirectorv2 object at 0x102a13d90>>
[ 2025-04-09 15:15:20,306 ] botocore.regions - DEBUG - Calling endpoint provider with parameters: {'Bucket': 'hf-predication-model2025', 'Region': 'us-east-1', 'UseFIPS': False, 'UseDualStack': False, 'ForcePathStyle': False, 'Accelerate': False, 'UseGlobalEndpoint': True, 'Key': 'manifests/20250409_151257_manifest.txt', 'DisableMultiRegionAccessPoints': False, 'UseArnRegion': True}
[ 2025-04-09 15:15:20,306 ] botocore.regions - DEBUG - Endpoint provider result: https://hf-predication-model2025.s3.amazonaws.com
[ 2025-04-09 15:15:20,306 ] botocore.regions - DEBUG - Selecting from endpoint provider's list of auth schemes: "sigv4". User selected auth scheme is: "None"
[ 2025-04-09 15:15:20,306 ] botocore.regions - DEBUG - Selected auth type "v4" as "v4" with signing context params: {'region': 'us-east-1', 'signing_name': 's3', 'disableDoubleEncoding': True}
[ 2025-04-09 15:15:20,306 ] botocore.hooks - DEBUG - Event before-call.s3.HeadObject: calling handler <function add_expect_header at 0x101b7faf0>
[ 2025-04-09 15:15:20,306 ] botocore.hooks - DEBUG - Event before-call.s3.HeadObject: calling handler <bound method S3ExpressIdentityResolver.apply_signing_cache_key of <botocore.utils.S3ExpressIdentityResolver object at 0x102a13dc0>>
[ 2025-04-09 15:15:20,306 ] botocore.hooks - DEBUG - Event before-call.s3.HeadObject: calling handler <function add_recursion_detection_header at 0x101b7f1f0>
[ 2025-04-09 15:15:20,306 ] botocore.hooks - DEBUG - Event before-call.s3.HeadObject: calling handler <function add_query_compatibility_header at 0x101b85ca0>
[ 2025-04-09 15:15:20,306 ] botocore.hooks - DEBUG - Event before-call.s3.HeadObject: calling handler <function inject_api_version_header_if_needed at 0x101b82e50>
[ 2025-04-09 15:15:20,307 ] botocore.endpoint - DEBUG - Making request for OperationModel(name=HeadObject) with params: {'url_path': '/manifests/20250409_151257_manifest.txt', 'query_string': {}, 'method': 'HEAD', 'headers': {'User-Agent': 'Boto3/1.37.28 md/Botocore#1.37.28 ua/2.1 os/macos#24.3.0 md/arch#arm64 lang/python#3.9.6 md/pyimpl#CPython m/G cfg/retry-mode#legacy Botocore/1.37.28'}, 'body': b'', 'auth_path': '/hf-predication-model2025/manifests/20250409_151257_manifest.txt', 'url': 'https://hf-predication-model2025.s3.amazonaws.com/manifests/20250409_151257_manifest.txt', 'context': {'client_region': 'us-east-1', 'client_config': <botocore.config.Config object at 0x1027c9850>, 'has_streaming_input': False, 'auth_type': 'v4', 'unsigned_payload': None, 's3_redirect': {'redirected': False, 'bucket': 'hf-predication-model2025', 'params': {'Bucket': 'hf-predication-model2025', 'Key': 'manifests/20250409_151257_manifest.txt'}}, 'input_params': {'Bucket': 'hf-predication-model2025', 'Key': 'manifests/20250409_151257_manifest.txt'}, 'signing': {'region': 'us-east-1', 'signing_name': 's3', 'disableDoubleEncoding': True}, 'endpoint_properties': {'authSchemes': [{'disableDoubleEncoding': True, 'name': 'sigv4', 'signingName': 's3', 'signingRegion': 'us-east-1'}]}}}
[ 2025-04-09 15:15:20,307 ] botocore.hooks - DEBUG - Event request-created.s3.HeadObject: calling handler <function signal_not_transferring at 0x1028e3af0>
[ 2025-04-09 15:15:20,307 ] botocore.hooks - DEBUG - Event request-created.s3.HeadObject: calling handler <bound method RequestSigner.handler of <botocore.signers.RequestSigner object at 0x1027c9880>>
[ 2025-04-09 15:15:20,307 ] botocore.hooks - DEBUG - Event choose-signer.s3.HeadObject: calling handler <bound method ClientCreator._default_s3_presign_to_sigv2 of <botocore.client.ClientCreator object at 0x101c5d400>>
[ 2025-04-09 15:15:20,307 ] botocore.hooks - DEBUG - Event choose-signer.s3.HeadObject: calling handler <function set_operation_specific_signer at 0x101b7f430>
[ 2025-04-09 15:15:20,307 ] botocore.hooks - DEBUG - Event before-sign.s3.HeadObject: calling handler <function remove_arn_from_signing_path at 0x101b85790>
[ 2025-04-09 15:15:20,307 ] botocore.hooks - DEBUG - Event before-sign.s3.HeadObject: calling handler <function _set_extra_headers_for_unsigned_request at 0x101b85dc0>
[ 2025-04-09 15:15:20,307 ] botocore.hooks - DEBUG - Event before-sign.s3.HeadObject: calling handler <bound method S3ExpressIdentityResolver.resolve_s3express_identity of <botocore.utils.S3ExpressIdentityResolver object at 0x102a13dc0>>
[ 2025-04-09 15:15:20,307 ] botocore.auth - DEBUG - Calculating signature using v4 auth.
[ 2025-04-09 15:15:20,307 ] botocore.auth - DEBUG - CanonicalRequest:
HEAD
/manifests/20250409_151257_manifest.txt

host:hf-predication-model2025.s3.amazonaws.com
x-amz-content-sha256:e3b0c44298fc1c149afbf4c8996fb92427ae41e4649b934ca495991b7852b855
x-amz-date:20250409T091520Z

host;x-amz-content-sha256;x-amz-date
e3b0c44298fc1c149afbf4c8996fb92427ae41e4649b934ca495991b7852b855
[ 2025-04-09 15:15:20,307 ] botocore.auth - DEBUG - StringToSign:
AWS4-HMAC-SHA256
20250409T091520Z
20250409/us-east-1/s3/aws4_request
f541b44bea1f3cea772b2f73976d2f715cce7744f7650949c90deafaa1d4d6d2
[ 2025-04-09 15:15:20,307 ] botocore.auth - DEBUG - Signature:
9d0e8c4e26d170ef12a8da1751c9f77902269528006b0cc37b2f1a26590c7a05
[ 2025-04-09 15:15:20,307 ] botocore.hooks - DEBUG - Event request-created.s3.HeadObject: calling handler <bound method UserAgentString.rebuild_and_replace_user_agent_handler of <botocore.useragent.UserAgentString object at 0x102a137c0>>
[ 2025-04-09 15:15:20,307 ] botocore.hooks - DEBUG - Event request-created.s3.HeadObject: calling handler <function signal_transferring at 0x1028e3b80>
[ 2025-04-09 15:15:20,307 ] botocore.hooks - DEBUG - Event request-created.s3.HeadObject: calling handler <function add_retry_headers at 0x101b855e0>
[ 2025-04-09 15:15:20,307 ] botocore.endpoint - DEBUG - Sending http request: <AWSPreparedRequest stream_output=False, method=HEAD, url=https://hf-predication-model2025.s3.amazonaws.com/manifests/20250409_151257_manifest.txt, headers={'User-Agent': b'Boto3/1.37.28 md/Botocore#1.37.28 ua/2.1 os/macos#24.3.0 md/arch#arm64 lang/python#3.9.6 md/pyimpl#CPython m/G cfg/retry-mode#legacy Botocore/1.37.28', 'X-Amz-Date': b'20250409T091520Z', 'X-Amz-Content-SHA256': b'e3b0c44298fc1c149afbf4c8996fb92427ae41e4649b934ca495991b7852b855', 'Authorization': b'AWS4-HMAC-SHA256 Credential=AKIA2RP6H2HI34XE4TN5/20250409/us-east-1/s3/aws4_request, SignedHeaders=host;x-amz-content-sha256;x-amz-date, Signature=9d0e8c4e26d170ef12a8da1751c9f77902269528006b0cc37b2f1a26590c7a05', 'amz-sdk-invocation-id': b'f77ef566-8a1a-47b3-9d7d-73db76d99d8c', 'amz-sdk-request': b'attempt=1'}>
[ 2025-04-09 15:15:20,308 ] botocore.httpsession - DEBUG - Certificate path: /Users/khalid/Desktop/ML-Model-Deployment/.venv/lib/python3.9/site-packages/certifi/cacert.pem
[ 2025-04-09 15:15:20,713 ] urllib3.connectionpool - DEBUG - https://hf-predication-model2025.s3.amazonaws.com:443 "HEAD /manifests/20250409_151257_manifest.txt HTTP/1.1" 200 0
[ 2025-04-09 15:15:20,714 ] botocore.hooks - DEBUG - Event before-parse.s3.HeadObject: calling handler <function _handle_200_error at 0x101b85af0>
[ 2025-04-09 15:15:20,714 ] botocore.hooks - DEBUG - Event before-parse.s3.HeadObject: calling handler <function handle_expires_header at 0x101b85940>
[ 2025-04-09 15:15:20,714 ] botocore.parsers - DEBUG - Response headers: {'x-amz-id-2': 'TF+Hd+fSmrbVMsjoAhP5mQLfq37AfkTEMJyQELT4TPEN0vNPEo9/6sMfIVbJin+JtafDkw0XJaV2Zj89zsTZjQToIKenyTe5', 'x-amz-request-id': 'QB5PBJ430Z6DEP5A', 'Date': 'Wed, 09 Apr 2025 09:15:21 GMT', 'Last-Modified': 'Wed, 09 Apr 2025 09:13:21 GMT', 'ETag': '"0e1af4bfb27582c0a7c7039f1048cdb9"', 'x-amz-server-side-encryption': 'AES256', 'x-amz-version-id': 'i0nw22Kvkv5kFeJ1eZFzoktrLdwPTcp2', 'Accept-Ranges': 'bytes', 'Content-Type': 'binary/octet-stream', 'Content-Length': '3783', 'Server': 'AmazonS3'}
[ 2025-04-09 15:15:20,714 ] botocore.parsers - DEBUG - Response body:
b''
[ 2025-04-09 15:15:20,715 ] botocore.hooks - DEBUG - Event needs-retry.s3.HeadObject: calling handler <function _update_status_code at 0x101b85c10>
[ 2025-04-09 15:15:20,716 ] botocore.hooks - DEBUG - Event needs-retry.s3.HeadObject: calling handler <botocore.retryhandler.RetryHandler object at 0x102a13d00>
[ 2025-04-09 15:15:20,716 ] botocore.retryhandler - DEBUG - No retry needed.
[ 2025-04-09 15:15:20,716 ] botocore.hooks - DEBUG - Event needs-retry.s3.HeadObject: calling handler <bound method S3RegionRedirectorv2.redirect_from_error of <botocore.utils.S3RegionRedirectorv2 object at 0x102a13d90>>
[ 2025-04-09 15:15:20,716 ] s3transfer.futures - DEBUG - Submitting task ImmediatelyWriteIOGetObjectTask(transfer_id=0, {'bucket': 'hf-predication-model2025', 'key': 'manifests/20250409_151257_manifest.txt', 'extra_args': {}}) to executor <s3transfer.futures.BoundedExecutor object at 0x102a2e2b0> for transfer request: 0.
[ 2025-04-09 15:15:20,716 ] s3transfer.utils - DEBUG - Acquiring 0
[ 2025-04-09 15:15:20,717 ] s3transfer.tasks - DEBUG - ImmediatelyWriteIOGetObjectTask(transfer_id=0, {'bucket': 'hf-predication-model2025', 'key': 'manifests/20250409_151257_manifest.txt', 'extra_args': {}}) about to wait for the following futures []
[ 2025-04-09 15:15:20,717 ] s3transfer.utils - DEBUG - Releasing acquire 0/None
[ 2025-04-09 15:15:20,717 ] s3transfer.tasks - DEBUG - ImmediatelyWriteIOGetObjectTask(transfer_id=0, {'bucket': 'hf-predication-model2025', 'key': 'manifests/20250409_151257_manifest.txt', 'extra_args': {}}) done waiting for dependent futures
[ 2025-04-09 15:15:20,717 ] s3transfer.tasks - DEBUG - Executing task ImmediatelyWriteIOGetObjectTask(transfer_id=0, {'bucket': 'hf-predication-model2025', 'key': 'manifests/20250409_151257_manifest.txt', 'extra_args': {}}) with kwargs {'client': <botocore.client.S3 object at 0x1027c98b0>, 'bucket': 'hf-predication-model2025', 'key': 'manifests/20250409_151257_manifest.txt', 'fileobj': <s3transfer.utils.DeferredOpenFile object at 0x102a7f550>, 'extra_args': {}, 'callbacks': [], 'max_attempts': 5, 'download_output_manager': <s3transfer.download.DownloadFilenameOutputManager object at 0x102a7f3d0>, 'io_chunksize': 262144, 'bandwidth_limiter': None}
[ 2025-04-09 15:15:20,717 ] botocore.hooks - DEBUG - Event before-parameter-build.s3.GetObject: calling handler <function sse_md5 at 0x101b7f820>
[ 2025-04-09 15:15:20,717 ] botocore.hooks - DEBUG - Event before-parameter-build.s3.GetObject: calling handler <function validate_bucket_name at 0x101b7f790>
[ 2025-04-09 15:15:20,717 ] botocore.hooks - DEBUG - Event before-parameter-build.s3.GetObject: calling handler <function remove_bucket_from_url_paths_from_model at 0x101b85670>
[ 2025-04-09 15:15:20,717 ] botocore.hooks - DEBUG - Event before-parameter-build.s3.GetObject: calling handler <bound method S3RegionRedirectorv2.annotate_request_context of <botocore.utils.S3RegionRedirectorv2 object at 0x102a13d90>>
[ 2025-04-09 15:15:20,718 ] botocore.hooks - DEBUG - Event before-parameter-build.s3.GetObject: calling handler <bound method ClientCreator._inject_s3_input_parameters of <botocore.client.ClientCreator object at 0x101c5d400>>
[ 2025-04-09 15:15:20,718 ] botocore.hooks - DEBUG - Event before-parameter-build.s3.GetObject: calling handler <function generate_idempotent_uuid at 0x101b7f5e0>
[ 2025-04-09 15:15:20,718 ] botocore.hooks - DEBUG - Event before-parameter-build.s3.GetObject: calling handler <function _handle_request_validation_mode_member at 0x101b85d30>
[ 2025-04-09 15:15:20,718 ] botocore.hooks - DEBUG - Event before-endpoint-resolution.s3: calling handler <function customize_endpoint_resolver_builtins at 0x101b85820>
[ 2025-04-09 15:15:20,718 ] botocore.hooks - DEBUG - Event before-endpoint-resolution.s3: calling handler <bound method S3RegionRedirectorv2.redirect_from_cache of <botocore.utils.S3RegionRedirectorv2 object at 0x102a13d90>>
[ 2025-04-09 15:15:20,718 ] botocore.regions - DEBUG - Calling endpoint provider with parameters: {'Bucket': 'hf-predication-model2025', 'Region': 'us-east-1', 'UseFIPS': False, 'UseDualStack': False, 'ForcePathStyle': False, 'Accelerate': False, 'UseGlobalEndpoint': True, 'Key': 'manifests/20250409_151257_manifest.txt', 'DisableMultiRegionAccessPoints': False, 'UseArnRegion': True}
[ 2025-04-09 15:15:20,718 ] botocore.regions - DEBUG - Endpoint provider result: https://hf-predication-model2025.s3.amazonaws.com
[ 2025-04-09 15:15:20,718 ] botocore.regions - DEBUG - Selecting from endpoint provider's list of auth schemes: "sigv4". User selected auth scheme is: "None"
[ 2025-04-09 15:15:20,718 ] botocore.regions - DEBUG - Selected auth type "v4" as "v4" with signing context params: {'region': 'us-east-1', 'signing_name': 's3', 'disableDoubleEncoding': True}
[ 2025-04-09 15:15:20,719 ] botocore.hooks - DEBUG - Event before-call.s3.GetObject: calling handler <function add_expect_header at 0x101b7faf0>
[ 2025-04-09 15:15:20,719 ] botocore.hooks - DEBUG - Event before-call.s3.GetObject: calling handler <bound method S3ExpressIdentityResolver.apply_signing_cache_key of <botocore.utils.S3ExpressIdentityResolver object at 0x102a13dc0>>
[ 2025-04-09 15:15:20,719 ] botocore.hooks - DEBUG - Event before-call.s3.GetObject: calling handler <function add_recursion_detection_header at 0x101b7f1f0>
[ 2025-04-09 15:15:20,719 ] botocore.hooks - DEBUG - Event before-call.s3.GetObject: calling handler <function add_query_compatibility_header at 0x101b85ca0>
[ 2025-04-09 15:15:20,719 ] botocore.hooks - DEBUG - Event before-call.s3.GetObject: calling handler <function inject_api_version_header_if_needed at 0x101b82e50>
[ 2025-04-09 15:15:20,719 ] botocore.endpoint - DEBUG - Making request for OperationModel(name=GetObject) with params: {'url_path': '/manifests/20250409_151257_manifest.txt', 'query_string': {}, 'method': 'GET', 'headers': {'x-amz-checksum-mode': 'ENABLED', 'User-Agent': 'Boto3/1.37.28 md/Botocore#1.37.28 ua/2.1 os/macos#24.3.0 md/arch#arm64 lang/python#3.9.6 md/pyimpl#CPython m/G cfg/retry-mode#legacy Botocore/1.37.28'}, 'body': b'', 'auth_path': '/hf-predication-model2025/manifests/20250409_151257_manifest.txt', 'url': 'https://hf-predication-model2025.s3.amazonaws.com/manifests/20250409_151257_manifest.txt', 'context': {'client_region': 'us-east-1', 'client_config': <botocore.config.Config object at 0x1027c9850>, 'has_streaming_input': False, 'auth_type': 'v4', 'unsigned_payload': None, 's3_redirect': {'redirected': False, 'bucket': 'hf-predication-model2025', 'params': {'Bucket': 'hf-predication-model2025', 'Key': 'manifests/20250409_151257_manifest.txt', 'ChecksumMode': 'ENABLED'}}, 'input_params': {'Bucket': 'hf-predication-model2025', 'Key': 'manifests/20250409_151257_manifest.txt'}, 'signing': {'region': 'us-east-1', 'signing_name': 's3', 'disableDoubleEncoding': True}, 'endpoint_properties': {'authSchemes': [{'disableDoubleEncoding': True, 'name': 'sigv4', 'signingName': 's3', 'signingRegion': 'us-east-1'}]}, 'checksum': {'response_algorithms': ['crc32', 'sha1', 'sha256']}}}
[ 2025-04-09 15:15:20,719 ] botocore.hooks - DEBUG - Event request-created.s3.GetObject: calling handler <function signal_not_transferring at 0x1028e3af0>
[ 2025-04-09 15:15:20,720 ] botocore.hooks - DEBUG - Event request-created.s3.GetObject: calling handler <bound method RequestSigner.handler of <botocore.signers.RequestSigner object at 0x1027c9880>>
[ 2025-04-09 15:15:20,720 ] botocore.hooks - DEBUG - Event choose-signer.s3.GetObject: calling handler <bound method ClientCreator._default_s3_presign_to_sigv2 of <botocore.client.ClientCreator object at 0x101c5d400>>
[ 2025-04-09 15:15:20,720 ] botocore.hooks - DEBUG - Event choose-signer.s3.GetObject: calling handler <function set_operation_specific_signer at 0x101b7f430>
[ 2025-04-09 15:15:20,720 ] botocore.hooks - DEBUG - Event before-sign.s3.GetObject: calling handler <function remove_arn_from_signing_path at 0x101b85790>
[ 2025-04-09 15:15:20,720 ] botocore.hooks - DEBUG - Event before-sign.s3.GetObject: calling handler <function _set_extra_headers_for_unsigned_request at 0x101b85dc0>
[ 2025-04-09 15:15:20,720 ] botocore.hooks - DEBUG - Event before-sign.s3.GetObject: calling handler <bound method S3ExpressIdentityResolver.resolve_s3express_identity of <botocore.utils.S3ExpressIdentityResolver object at 0x102a13dc0>>
[ 2025-04-09 15:15:20,720 ] botocore.auth - DEBUG - Calculating signature using v4 auth.
[ 2025-04-09 15:15:20,720 ] botocore.auth - DEBUG - CanonicalRequest:
GET
/manifests/20250409_151257_manifest.txt

host:hf-predication-model2025.s3.amazonaws.com
x-amz-checksum-mode:ENABLED
x-amz-content-sha256:e3b0c44298fc1c149afbf4c8996fb92427ae41e4649b934ca495991b7852b855
x-amz-date:20250409T091520Z

host;x-amz-checksum-mode;x-amz-content-sha256;x-amz-date
e3b0c44298fc1c149afbf4c8996fb92427ae41e4649b934ca495991b7852b855
[ 2025-04-09 15:15:20,720 ] botocore.auth - DEBUG - StringToSign:
AWS4-HMAC-SHA256
20250409T091520Z
20250409/us-east-1/s3/aws4_request
4970d5f8de35b888c1b2b12fec49140cca99bd04fb22ba79764e463137925b60
[ 2025-04-09 15:15:20,720 ] botocore.auth - DEBUG - Signature:
1893ae54b6595a675a368b132505b8530afbac481184815630a7d0bb92ee0426
[ 2025-04-09 15:15:20,720 ] botocore.hooks - DEBUG - Event request-created.s3.GetObject: calling handler <bound method UserAgentString.rebuild_and_replace_user_agent_handler of <botocore.useragent.UserAgentString object at 0x102a137c0>>
[ 2025-04-09 15:15:20,720 ] botocore.hooks - DEBUG - Event request-created.s3.GetObject: calling handler <function signal_transferring at 0x1028e3b80>
[ 2025-04-09 15:15:20,721 ] botocore.hooks - DEBUG - Event request-created.s3.GetObject: calling handler <function add_retry_headers at 0x101b855e0>
[ 2025-04-09 15:15:20,721 ] botocore.endpoint - DEBUG - Sending http request: <AWSPreparedRequest stream_output=True, method=GET, url=https://hf-predication-model2025.s3.amazonaws.com/manifests/20250409_151257_manifest.txt, headers={'x-amz-checksum-mode': b'ENABLED', 'User-Agent': b'Boto3/1.37.28 md/Botocore#1.37.28 ua/2.1 os/macos#24.3.0 md/arch#arm64 lang/python#3.9.6 md/pyimpl#CPython m/G cfg/retry-mode#legacy Botocore/1.37.28', 'X-Amz-Date': b'20250409T091520Z', 'X-Amz-Content-SHA256': b'e3b0c44298fc1c149afbf4c8996fb92427ae41e4649b934ca495991b7852b855', 'Authorization': b'AWS4-HMAC-SHA256 Credential=AKIA2RP6H2HI34XE4TN5/20250409/us-east-1/s3/aws4_request, SignedHeaders=host;x-amz-checksum-mode;x-amz-content-sha256;x-amz-date, Signature=1893ae54b6595a675a368b132505b8530afbac481184815630a7d0bb92ee0426', 'amz-sdk-invocation-id': b'9f3ca600-ad92-46ed-9d6a-832f7137f2b0', 'amz-sdk-request': b'attempt=1'}>
[ 2025-04-09 15:15:20,721 ] botocore.httpsession - DEBUG - Certificate path: /Users/khalid/Desktop/ML-Model-Deployment/.venv/lib/python3.9/site-packages/certifi/cacert.pem
[ 2025-04-09 15:15:21,055 ] urllib3.connectionpool - DEBUG - https://hf-predication-model2025.s3.amazonaws.com:443 "GET /manifests/20250409_151257_manifest.txt HTTP/1.1" 200 3783
[ 2025-04-09 15:15:21,056 ] botocore.hooks - DEBUG - Event before-parse.s3.GetObject: calling handler <function _handle_200_error at 0x101b85af0>
[ 2025-04-09 15:15:21,056 ] botocore.hooks - DEBUG - Event before-parse.s3.GetObject: calling handler <function handle_expires_header at 0x101b85940>
[ 2025-04-09 15:15:21,056 ] botocore.parsers - DEBUG - Response headers: {'x-amz-id-2': 'etAHSqu7n/0X88hwGkPfKFYVJRwornC+p2tFM5mKL2yGgFDvcg+23D8CHB//qXN95IH8KCjfmXfEaxIIONASLVbm2VpX6hYZ', 'x-amz-request-id': 'QB5GWSS1Z232AFGA', 'Date': 'Wed, 09 Apr 2025 09:15:21 GMT', 'Last-Modified': 'Wed, 09 Apr 2025 09:13:21 GMT', 'ETag': '"0e1af4bfb27582c0a7c7039f1048cdb9"', 'x-amz-checksum-crc32': 'BuMWUw==', 'x-amz-checksum-type': 'FULL_OBJECT', 'x-amz-server-side-encryption': 'AES256', 'x-amz-version-id': 'i0nw22Kvkv5kFeJ1eZFzoktrLdwPTcp2', 'Accept-Ranges': 'bytes', 'Content-Type': 'binary/octet-stream', 'Content-Length': '3783', 'Server': 'AmazonS3'}
[ 2025-04-09 15:15:21,056 ] botocore.parsers - DEBUG - Response body:
<botocore.httpchecksum.StreamingChecksumBody object at 0x102aaae20>
[ 2025-04-09 15:15:21,057 ] botocore.hooks - DEBUG - Event needs-retry.s3.GetObject: calling handler <function _update_status_code at 0x101b85c10>
[ 2025-04-09 15:15:21,057 ] botocore.hooks - DEBUG - Event needs-retry.s3.GetObject: calling handler <botocore.retryhandler.RetryHandler object at 0x102a13d00>
[ 2025-04-09 15:15:21,057 ] botocore.retryhandler - DEBUG - No retry needed.
[ 2025-04-09 15:15:21,057 ] botocore.hooks - DEBUG - Event needs-retry.s3.GetObject: calling handler <bound method S3RegionRedirectorv2.redirect_from_error of <botocore.utils.S3RegionRedirectorv2 object at 0x102a13d90>>
[ 2025-04-09 15:15:21,058 ] s3transfer.tasks - DEBUG - IOWriteTask(transfer_id=0, {'offset': 0}) about to wait for the following futures []
[ 2025-04-09 15:15:21,058 ] s3transfer.tasks - DEBUG - IOWriteTask(transfer_id=0, {'offset': 0}) done waiting for dependent futures
[ 2025-04-09 15:15:21,058 ] s3transfer.tasks - DEBUG - Executing task IOWriteTask(transfer_id=0, {'offset': 0}) with kwargs {'fileobj': <s3transfer.utils.DeferredOpenFile object at 0x102a7f550>, 'offset': 0}
[ 2025-04-09 15:15:21,059 ] s3transfer.tasks - DEBUG - IORenameFileTask(transfer_id=0, {'final_filename': 'temp_manifest_20250409.txt'}) about to wait for the following futures []
[ 2025-04-09 15:15:21,059 ] s3transfer.tasks - DEBUG - IORenameFileTask(transfer_id=0, {'final_filename': 'temp_manifest_20250409.txt'}) done waiting for dependent futures
[ 2025-04-09 15:15:21,059 ] s3transfer.tasks - DEBUG - Executing task IORenameFileTask(transfer_id=0, {'final_filename': 'temp_manifest_20250409.txt'}) with kwargs {'fileobj': <s3transfer.utils.DeferredOpenFile object at 0x102a7f550>, 'final_filename': 'temp_manifest_20250409.txt', 'osutil': <s3transfer.utils.OSUtils object at 0x102a2ef70>}
[ 2025-04-09 15:15:21,060 ] s3transfer.utils - DEBUG - Releasing acquire 0/None
[ 2025-04-09 15:15:21,060 ] root - INFO - File manifests/20250409_151257_manifest.txt downloaded to temp_manifest_20250409.txt
