[ 2025-04-09 12:40:07,565 ] asyncio - DEBUG - Using selector: KqueueSelector
[ 2025-04-09 12:40:08,182 ] root - INFO - Pipeline started
[ 2025-04-09 12:40:08,182 ] root - INFO - Starting data validation
[ 2025-04-09 12:40:08,182 ] root - INFO - Starting data ingestion
[ 2025-04-09 12:40:08,182 ] root - INFO - Initiating data ingestion
[ 2025-04-09 12:40:08,183 ] root - INFO - Creating directory: /Users/khalid/Desktop/ML-Model-Deployment/artifact/HF_09_04_2025_12_40_06/data_ingestion/feature_store
[ 2025-04-09 12:40:08,183 ] root - INFO - Creating directory: /Users/khalid/Desktop/ML-Model-Deployment/artifact/HF_09_04_2025_12_40_06/data_ingestion/ingested
[ 2025-04-09 12:40:08,183 ] root - INFO - Loading sample data
[ 2025-04-09 12:40:08,183 ] root - INFO - Loading sample data from existing train.csv
[ 2025-04-09 12:40:08,185 ] root - INFO - Shape of dataframe: (400, 45)
[ 2025-04-09 12:40:08,189 ] root - INFO - Data saved to feature store at: /Users/khalid/Desktop/ML-Model-Deployment/artifact/HF_09_04_2025_12_40_06/data_ingestion/feature_store/Study_Data.csv
[ 2025-04-09 12:40:08,189 ] root - INFO - Splitting data into train and test sets
[ 2025-04-09 12:40:08,192 ] root - INFO - Train and test data saved at: /Users/khalid/Desktop/ML-Model-Deployment/artifact/HF_09_04_2025_12_40_06/data_ingestion/ingested/train.csv, /Users/khalid/Desktop/ML-Model-Deployment/artifact/HF_09_04_2025_12_40_06/data_ingestion/ingested/test.csv
[ 2025-04-09 12:40:08,192 ] root - INFO - Data ingestion completed
[ 2025-04-09 12:40:08,195 ] root - INFO - Validation status of columns: True
[ 2025-04-09 12:40:08,195 ] root - INFO - Validation status of columns: True
[ 2025-04-09 12:40:08,199 ] root - DEBUG - Executing <class 'evidently.calculation_engine.python_engine.PythonEngine.get_metric_implementation.<locals>._Wrapper'>...
[ 2025-04-09 12:40:08,290 ] root - DEBUG - Executing <class 'evidently.calculation_engine.python_engine.PythonEngine.get_metric_implementation.<locals>._Wrapper'>...
[ 2025-04-09 12:40:08,381 ] root - INFO - Data validation completed
[ 2025-04-09 12:40:08,381 ] root - INFO - Starting data transformation
[ 2025-04-09 12:40:08,381 ] root - INFO - Starting data ingestion
[ 2025-04-09 12:40:08,381 ] root - INFO - Initiating data ingestion
[ 2025-04-09 12:40:08,381 ] root - INFO - Loading sample data
[ 2025-04-09 12:40:08,381 ] root - INFO - Loading sample data from existing train.csv
[ 2025-04-09 12:40:08,383 ] root - INFO - Shape of dataframe: (400, 45)
[ 2025-04-09 12:40:08,386 ] root - INFO - Data saved to feature store at: /Users/khalid/Desktop/ML-Model-Deployment/artifact/HF_09_04_2025_12_40_06/data_ingestion/feature_store/Study_Data.csv
[ 2025-04-09 12:40:08,386 ] root - INFO - Splitting data into train and test sets
[ 2025-04-09 12:40:08,390 ] root - INFO - Train and test data saved at: /Users/khalid/Desktop/ML-Model-Deployment/artifact/HF_09_04_2025_12_40_06/data_ingestion/ingested/train.csv, /Users/khalid/Desktop/ML-Model-Deployment/artifact/HF_09_04_2025_12_40_06/data_ingestion/ingested/test.csv
[ 2025-04-09 12:40:08,390 ] root - INFO - Data ingestion completed
[ 2025-04-09 12:40:08,390 ] root - INFO - Data Transformation Initialization
[ 2025-04-09 12:40:08,390 ] root - INFO - Starting data transformation
[ 2025-04-09 12:40:08,393 ] root - INFO - Creating data transformer object
