[ 2025-04-09 12:39:35,947 ] asyncio - DEBUG - Using selector: KqueueSelector
[ 2025-04-09 12:39:36,592 ] root - INFO - Pipeline started
[ 2025-04-09 12:39:36,592 ] root - INFO - Starting data validation
[ 2025-04-09 12:39:36,592 ] root - INFO - Starting data ingestion
[ 2025-04-09 12:39:36,592 ] root - INFO - Initiating data ingestion
[ 2025-04-09 12:39:36,592 ] root - INFO - Creating directory: /Users/khalid/Desktop/ML-Model-Deployment/artifact/HF_09_04_2025_12_39_35/data_ingestion/feature_store
[ 2025-04-09 12:39:36,592 ] root - INFO - Creating directory: /Users/khalid/Desktop/ML-Model-Deployment/artifact/HF_09_04_2025_12_39_35/data_ingestion/ingested
[ 2025-04-09 12:39:36,592 ] root - INFO - Loading sample data
[ 2025-04-09 12:39:36,593 ] root - INFO - Loading sample data from existing train.csv
[ 2025-04-09 12:39:36,596 ] root - INFO - Shape of dataframe: (400, 45)
[ 2025-04-09 12:39:36,599 ] root - INFO - Data saved to feature store at: /Users/khalid/Desktop/ML-Model-Deployment/artifact/HF_09_04_2025_12_39_35/data_ingestion/feature_store/Study_Data.csv
[ 2025-04-09 12:39:36,599 ] root - INFO - Splitting data into train and test sets
[ 2025-04-09 12:39:36,603 ] root - INFO - Train and test data saved at: /Users/khalid/Desktop/ML-Model-Deployment/artifact/HF_09_04_2025_12_39_35/data_ingestion/ingested/train.csv, /Users/khalid/Desktop/ML-Model-Deployment/artifact/HF_09_04_2025_12_39_35/data_ingestion/ingested/test.csv
[ 2025-04-09 12:39:36,603 ] root - INFO - Data ingestion completed
[ 2025-04-09 12:39:36,605 ] root - INFO - Validation status of columns: True
[ 2025-04-09 12:39:36,605 ] root - INFO - Validation status of columns: True
[ 2025-04-09 12:39:36,610 ] root - DEBUG - Executing <class 'evidently.calculation_engine.python_engine.PythonEngine.get_metric_implementation.<locals>._Wrapper'>...
[ 2025-04-09 12:39:36,702 ] root - DEBUG - Executing <class 'evidently.calculation_engine.python_engine.PythonEngine.get_metric_implementation.<locals>._Wrapper'>...
[ 2025-04-09 12:39:36,793 ] root - INFO - Data validation completed
[ 2025-04-09 12:39:36,793 ] root - INFO - Starting data transformation
[ 2025-04-09 12:39:36,793 ] root - INFO - Starting data ingestion
[ 2025-04-09 12:39:36,793 ] root - INFO - Initiating data ingestion
[ 2025-04-09 12:39:36,793 ] root - INFO - Loading sample data
[ 2025-04-09 12:39:36,793 ] root - INFO - Loading sample data from existing train.csv
[ 2025-04-09 12:39:36,795 ] root - INFO - Shape of dataframe: (400, 45)
[ 2025-04-09 12:39:36,798 ] root - INFO - Data saved to feature store at: /Users/khalid/Desktop/ML-Model-Deployment/artifact/HF_09_04_2025_12_39_35/data_ingestion/feature_store/Study_Data.csv
[ 2025-04-09 12:39:36,798 ] root - INFO - Splitting data into train and test sets
[ 2025-04-09 12:39:36,801 ] root - INFO - Train and test data saved at: /Users/khalid/Desktop/ML-Model-Deployment/artifact/HF_09_04_2025_12_39_35/data_ingestion/ingested/train.csv, /Users/khalid/Desktop/ML-Model-Deployment/artifact/HF_09_04_2025_12_39_35/data_ingestion/ingested/test.csv
[ 2025-04-09 12:39:36,801 ] root - INFO - Data ingestion completed
[ 2025-04-09 12:39:36,801 ] root - INFO - Data Transformation Initialization
[ 2025-04-09 12:39:36,801 ] root - INFO - Starting data transformation
[ 2025-04-09 12:39:36,804 ] root - INFO - Creating data transformer object
