[ 2025-04-09 12:40:55,974 ] asyncio - DEBUG - Using selector: KqueueSelector
[ 2025-04-09 12:40:56,612 ] root - INFO - Pipeline started
[ 2025-04-09 12:40:56,613 ] root - INFO - Starting data validation
[ 2025-04-09 12:40:56,613 ] root - INFO - Starting data ingestion
[ 2025-04-09 12:40:56,613 ] root - INFO - Initiating data ingestion
[ 2025-04-09 12:40:56,613 ] root - INFO - Creating directory: /Users/khalid/Desktop/ML-Model-Deployment/artifact/HF_09_04_2025_12_40_55/data_ingestion/feature_store
[ 2025-04-09 12:40:56,613 ] root - INFO - Creating directory: /Users/khalid/Desktop/ML-Model-Deployment/artifact/HF_09_04_2025_12_40_55/data_ingestion/ingested
[ 2025-04-09 12:40:56,613 ] root - INFO - Loading sample data
[ 2025-04-09 12:40:56,613 ] root - INFO - Loading sample data from existing train.csv
[ 2025-04-09 12:40:56,615 ] root - INFO - Shape of dataframe: (400, 45)
[ 2025-04-09 12:40:56,618 ] root - INFO - Data saved to feature store at: /Users/khalid/Desktop/ML-Model-Deployment/artifact/HF_09_04_2025_12_40_55/data_ingestion/feature_store/Study_Data.csv
[ 2025-04-09 12:40:56,618 ] root - INFO - Splitting data into train and test sets
[ 2025-04-09 12:40:56,622 ] root - INFO - Train and test data saved at: /Users/khalid/Desktop/ML-Model-Deployment/artifact/HF_09_04_2025_12_40_55/data_ingestion/ingested/train.csv, /Users/khalid/Desktop/ML-Model-Deployment/artifact/HF_09_04_2025_12_40_55/data_ingestion/ingested/test.csv
[ 2025-04-09 12:40:56,622 ] root - INFO - Data ingestion completed
[ 2025-04-09 12:40:56,624 ] root - INFO - Validation status of columns: True
[ 2025-04-09 12:40:56,624 ] root - INFO - Validation status of columns: True
[ 2025-04-09 12:40:56,629 ] root - DEBUG - Executing <class 'evidently.calculation_engine.python_engine.PythonEngine.get_metric_implementation.<locals>._Wrapper'>...
[ 2025-04-09 12:40:56,733 ] root - DEBUG - Executing <class 'evidently.calculation_engine.python_engine.PythonEngine.get_metric_implementation.<locals>._Wrapper'>...
[ 2025-04-09 12:40:56,825 ] root - INFO - Data validation completed
[ 2025-04-09 12:40:56,825 ] root - INFO - Starting data transformation
[ 2025-04-09 12:40:56,825 ] root - INFO - Starting data ingestion
[ 2025-04-09 12:40:56,825 ] root - INFO - Initiating data ingestion
[ 2025-04-09 12:40:56,825 ] root - INFO - Loading sample data
[ 2025-04-09 12:40:56,825 ] root - INFO - Loading sample data from existing train.csv
[ 2025-04-09 12:40:56,826 ] root - INFO - Shape of dataframe: (400, 45)
[ 2025-04-09 12:40:56,830 ] root - INFO - Data saved to feature store at: /Users/khalid/Desktop/ML-Model-Deployment/artifact/HF_09_04_2025_12_40_55/data_ingestion/feature_store/Study_Data.csv
[ 2025-04-09 12:40:56,830 ] root - INFO - Splitting data into train and test sets
[ 2025-04-09 12:40:56,833 ] root - INFO - Train and test data saved at: /Users/khalid/Desktop/ML-Model-Deployment/artifact/HF_09_04_2025_12_40_55/data_ingestion/ingested/train.csv, /Users/khalid/Desktop/ML-Model-Deployment/artifact/HF_09_04_2025_12_40_55/data_ingestion/ingested/test.csv
[ 2025-04-09 12:40:56,833 ] root - INFO - Data ingestion completed
[ 2025-04-09 12:40:56,833 ] root - INFO - Data Transformation Initialization
[ 2025-04-09 12:40:56,833 ] root - INFO - Starting data transformation
[ 2025-04-09 12:40:56,836 ] root - INFO - Available columns in train_df: ['Age', 'Sex', 'BMI', 'NYHA', 'HR', 'HTN', 'DM', 'Smoker', 'DL', 'BA', 'RBS', 'HbA1C', 'Creatinine', 'Na', 'K', 'Cl', 'Hb', 'TropI', 'CXR', 'ECG', 'LVIDd', 'FS', 'LVIDs', 'LVEF', 'RWMA', 'LAV', 'MI', 'ACS', 'Wall', 'Thrombolysis', 'ICT', 'IRT', 'MR', 'EA', 'DT', 'MPI', 'RR', 'Chest_pain', 'TC', 'LDLc', 'HDLc', 'TG', 'BNP', 'HF']
[ 2025-04-09 12:40:56,836 ] root - INFO - Creating data transformer object
[ 2025-04-09 12:40:56,845 ] root - INFO - Handling imbalanced data using SMOTEENN
[ 2025-04-09 12:40:56,996 ] root - INFO - Data Transformation Artifact: <HF.entity.artifact_entity.DataTransformationArtifact object at 0x317b6cb50>
[ 2025-04-09 12:40:56,997 ] root - INFO - Data transformation completed
[ 2025-04-09 12:40:56,997 ] root - INFO - Pipeline completed successfully
