[ 2025-04-09 13:57:58,872 ] asyncio - DEBUG - Using selector: KqueueSelector
[ 2025-04-09 13:57:59,479 ] root - INFO - Pipeline started
[ 2025-04-09 13:57:59,479 ] root - INFO - Starting model pusher
[ 2025-04-09 13:57:59,479 ] root - INFO - Starting model trainer
[ 2025-04-09 13:57:59,479 ] root - INFO - Starting data transformation
[ 2025-04-09 13:57:59,479 ] root - INFO - Starting data ingestion
[ 2025-04-09 13:57:59,479 ] root - INFO - Initiating data ingestion
[ 2025-04-09 13:57:59,479 ] root - INFO - Creating directory: /Users/khalid/Desktop/ML-Model-Deployment/artifact/HF_09_04_2025_13_57_58/data_ingestion/feature_store
[ 2025-04-09 13:57:59,479 ] root - INFO - Creating directory: /Users/khalid/Desktop/ML-Model-Deployment/artifact/HF_09_04_2025_13_57_58/data_ingestion/ingested
[ 2025-04-09 13:57:59,479 ] root - INFO - Loading sample data
[ 2025-04-09 13:57:59,479 ] root - INFO - Loading sample data from existing train.csv
[ 2025-04-09 13:57:59,481 ] root - INFO - Shape of dataframe: (400, 45)
[ 2025-04-09 13:57:59,485 ] root - INFO - Data saved to feature store at: /Users/khalid/Desktop/ML-Model-Deployment/artifact/HF_09_04_2025_13_57_58/data_ingestion/feature_store/Study_Data.csv
[ 2025-04-09 13:57:59,485 ] root - INFO - Splitting data into train and test sets
[ 2025-04-09 13:57:59,505 ] root - INFO - Train and test data saved at: /Users/khalid/Desktop/ML-Model-Deployment/artifact/HF_09_04_2025_13_57_58/data_ingestion/ingested/train.csv, /Users/khalid/Desktop/ML-Model-Deployment/artifact/HF_09_04_2025_13_57_58/data_ingestion/ingested/test.csv
[ 2025-04-09 13:57:59,506 ] root - INFO - Data ingestion completed
[ 2025-04-09 13:57:59,506 ] root - INFO - Data Transformation Initialization
[ 2025-04-09 13:57:59,506 ] root - INFO - Starting data transformation
[ 2025-04-09 13:57:59,509 ] root - INFO - Available columns in train_df: ['Age', 'Sex', 'BMI', 'NYHA', 'HR', 'HTN', 'DM', 'Smoker', 'DL', 'BA', 'RBS', 'HbA1C', 'Creatinine', 'Na', 'K', 'Cl', 'Hb', 'TropI', 'CXR', 'ECG', 'LVIDd', 'FS', 'LVIDs', 'LVEF', 'RWMA', 'LAV', 'MI', 'ACS', 'Wall', 'Thrombolysis', 'ICT', 'IRT', 'MR', 'EA', 'DT', 'MPI', 'RR', 'Chest_pain', 'TC', 'LDLc', 'HDLc', 'TG', 'BNP', 'HF']
[ 2025-04-09 13:57:59,509 ] root - INFO - Creating data transformer object
[ 2025-04-09 13:57:59,519 ] root - INFO - Handling imbalanced data using SMOTEENN
[ 2025-04-09 13:57:59,564 ] root - INFO - Data Transformation Artifact: <HF.entity.artifact_entity.DataTransformationArtifact object at 0x31be60f10>
[ 2025-04-09 13:57:59,570 ] root - INFO - Data transformation completed
[ 2025-04-09 13:57:59,570 ] root - INFO - Initiating model trainer
[ 2025-04-09 13:57:59,570 ] root - INFO - Loading transformed training data from /Users/khalid/Desktop/ML-Model-Deployment/artifact/HF_09_04_2025_13_57_58/data_transformation/transformed/train.npy
[ 2025-04-09 13:57:59,571 ] root - INFO - Loading transformed testing data from /Users/khalid/Desktop/ML-Model-Deployment/artifact/HF_09_04_2025_13_57_58/data_transformation/transformed/test.npy
[ 2025-04-09 13:57:59,571 ] root - INFO - X_train shape: (190, 75), y_train shape: (190,)
[ 2025-04-09 13:57:59,571 ] root - INFO - X_test shape: (80, 75), y_test shape: (80,)
[ 2025-04-09 13:57:59,571 ] root - INFO - Training XGBoost model with optimized parameters
