[ 2025-04-09 13:59:59,834 ] asyncio - DEBUG - Using selector: KqueueSelector
[ 2025-04-09 14:00:00,447 ] root - INFO - Starting model training
[ 2025-04-09 14:00:00,447 ] root - INFO - Pipeline started
[ 2025-04-09 14:00:00,447 ] root - INFO - Starting model pusher
[ 2025-04-09 14:00:00,447 ] root - INFO - Starting model trainer
[ 2025-04-09 14:00:00,447 ] root - INFO - Starting data transformation
[ 2025-04-09 14:00:00,447 ] root - INFO - Starting data ingestion
[ 2025-04-09 14:00:00,447 ] root - INFO - Initiating data ingestion
[ 2025-04-09 14:00:00,447 ] root - INFO - Creating directory: /Users/khalid/Desktop/ML-Model-Deployment/artifact/HF_09_04_2025_13_59_59/data_ingestion/feature_store
[ 2025-04-09 14:00:00,447 ] root - INFO - Creating directory: /Users/khalid/Desktop/ML-Model-Deployment/artifact/HF_09_04_2025_13_59_59/data_ingestion/ingested
[ 2025-04-09 14:00:00,447 ] root - INFO - Loading sample data
[ 2025-04-09 14:00:00,447 ] root - INFO - Loading sample data from existing train.csv
[ 2025-04-09 14:00:00,449 ] root - INFO - Shape of dataframe: (400, 45)
[ 2025-04-09 14:00:00,453 ] root - INFO - Data saved to feature store at: /Users/khalid/Desktop/ML-Model-Deployment/artifact/HF_09_04_2025_13_59_59/data_ingestion/feature_store/Study_Data.csv
[ 2025-04-09 14:00:00,453 ] root - INFO - Splitting data into train and test sets
[ 2025-04-09 14:00:00,456 ] root - INFO - Train and test data saved at: /Users/khalid/Desktop/ML-Model-Deployment/artifact/HF_09_04_2025_13_59_59/data_ingestion/ingested/train.csv, /Users/khalid/Desktop/ML-Model-Deployment/artifact/HF_09_04_2025_13_59_59/data_ingestion/ingested/test.csv
[ 2025-04-09 14:00:00,456 ] root - INFO - Data ingestion completed
[ 2025-04-09 14:00:00,456 ] root - INFO - Data Transformation Initialization
[ 2025-04-09 14:00:00,456 ] root - INFO - Starting data transformation
[ 2025-04-09 14:00:00,459 ] root - INFO - Available columns in train_df: ['Age', 'Sex', 'BMI', 'NYHA', 'HR', 'HTN', 'DM', 'Smoker', 'DL', 'BA', 'RBS', 'HbA1C', 'Creatinine', 'Na', 'K', 'Cl', 'Hb', 'TropI', 'CXR', 'ECG', 'LVIDd', 'FS', 'LVIDs', 'LVEF', 'RWMA', 'LAV', 'MI', 'ACS', 'Wall', 'Thrombolysis', 'ICT', 'IRT', 'MR', 'EA', 'DT', 'MPI', 'RR', 'Chest_pain', 'TC', 'LDLc', 'HDLc', 'TG', 'BNP', 'HF']
[ 2025-04-09 14:00:00,459 ] root - INFO - Creating data transformer object
[ 2025-04-09 14:00:00,468 ] root - INFO - Handling imbalanced data using SMOTEENN
[ 2025-04-09 14:00:00,769 ] root - INFO - Data Transformation Artifact: <HF.entity.artifact_entity.DataTransformationArtifact object at 0x177a0e310>
[ 2025-04-09 14:00:00,769 ] root - INFO - Data transformation completed
[ 2025-04-09 14:00:00,769 ] root - INFO - Initiating model trainer
[ 2025-04-09 14:00:00,769 ] root - INFO - Loading transformed training data from /Users/khalid/Desktop/ML-Model-Deployment/artifact/HF_09_04_2025_13_59_59/data_transformation/transformed/train.npy
[ 2025-04-09 14:00:00,770 ] root - INFO - Loading transformed testing data from /Users/khalid/Desktop/ML-Model-Deployment/artifact/HF_09_04_2025_13_59_59/data_transformation/transformed/test.npy
[ 2025-04-09 14:00:00,770 ] root - INFO - Converting string target values to numeric
[ 2025-04-09 14:00:00,770 ] root - INFO - X_train shape: (210, 75), y_train shape: (210,)
[ 2025-04-09 14:00:00,770 ] root - INFO - X_test shape: (80, 75), y_test shape: (80,)
[ 2025-04-09 14:00:00,770 ] root - INFO - Training XGBoost model with optimized parameters
[ 2025-04-09 14:00:00,974 ] root - INFO - Evaluating model performance
[ 2025-04-09 14:00:00,978 ] root - INFO - Classification Report:
              precision    recall  f1-score   support

           0       0.87      0.68      0.76        40
           1       0.73      0.90      0.81        40

    accuracy                           0.79        80
   macro avg       0.80      0.79      0.78        80
weighted avg       0.80      0.79      0.78        80

[ 2025-04-09 14:00:00,978 ] root - WARNING - Model accuracy 0.7875 is below expected accuracy 0.85
[ 2025-04-09 14:00:00,978 ] root - INFO - Model performance - Accuracy: 0.7875, ROC AUC: 0.88125, F1 Score: 0.8089887640449438
[ 2025-04-09 14:00:00,979 ] root - INFO - Model saved at: /Users/khalid/Desktop/ML-Model-Deployment/artifact/HF_09_04_2025_13_59_59/model_trainer/trained_model/xgboost_model.pkl
[ 2025-04-09 14:00:00,979 ] root - INFO - Model trainer artifact: <HF.entity.artifact_entity.ModelTrainerArtifact object at 0x177b87df0>
[ 2025-04-09 14:00:00,979 ] root - INFO - Model training completed
[ 2025-04-09 14:00:00,979 ] root - INFO - Initiating model pusher
[ 2025-04-09 14:00:00,979 ] root - INFO - Copied model to: /Users/khalid/Desktop/ML-Model-Deployment/artifact/HF_09_04_2025_13_59_59/model_pusher/xgboost_model.pkl
[ 2025-04-09 14:00:00,980 ] root - INFO - Saved model for deployment at: saved_models/09_04_2025_13_59_59/xgboost_model.pkl
[ 2025-04-09 14:00:00,980 ] root - INFO - Created latest model at: /Users/khalid/Desktop/ML-Model-Deployment/artifact/HF_09_04_2025_13_59_59/model_pusher/latest/xgboost_model.pkl
[ 2025-04-09 14:00:00,980 ] root - INFO - Model pusher artifact: <HF.entity.artifact_entity.ModelPusherArtifact object at 0x177b87fa0>
[ 2025-04-09 14:00:00,980 ] root - INFO - Model pushing completed
[ 2025-04-09 14:00:00,980 ] root - INFO - Pipeline completed successfully
[ 2025-04-09 14:00:00,980 ] root - INFO - Model training completed. Model saved at: saved_models/09_04_2025_13_59_59/xgboost_model.pkl
[ 2025-04-09 14:00:00,980 ] root - INFO - Starting sample prediction
[ 2025-04-09 14:00:00,981 ] root - INFO - Sample data saved to sample_data.csv
[ 2025-04-09 14:00:00,981 ] root - INFO - Starting batch prediction on file: sample_data.csv
[ 2025-04-09 14:00:00,981 ] root - INFO - Loaded data with shape: (4, 34)
[ 2025-04-09 14:00:00,981 ] root - INFO - Starting prediction pipeline
[ 2025-04-09 14:00:00,982 ] root - INFO - Initiating model prediction
[ 2025-04-09 14:00:00,982 ] root - INFO - Making predictions
[ 2025-04-09 14:00:00,982 ] root - INFO - Loading model from saved_models/latest/xgboost_model.pkl
[ 2025-04-09 14:00:00,982 ] root - ERROR - Error in sample prediction: Error occurred python script name [/Users/khalid/Desktop/ML-Model-Deployment/HF/pipline/prediction_pipeline.py] line number [41] error message [Error in batch prediction: Error occurred python script name [/Users/khalid/Desktop/ML-Model-Deployment/HF/pipline/prediction_pipeline.py] line number [24] error message [Error in prediction pipeline: Error occurred python script name [/Users/khalid/Desktop/ML-Model-Deployment/HF/components/model_prediction.py] line number [157] error message [Error in model prediction: Error occurred python script name [/Users/khalid/Desktop/ML-Model-Deployment/HF/components/model_prediction.py] line number [90] error message [Error making predictions: Error occurred python script name [/Users/khalid/Desktop/ML-Model-Deployment/HF/components/model_prediction.py] line number [23] error message [Error loading model: [Errno 2] No such file or directory: 'saved_models/latest/xgboost_model.pkl']]]]]
[ 2025-04-09 14:00:00,982 ] root - ERROR - Error in demo: Error occurred python script name [/Users/khalid/Desktop/ML-Model-Deployment/HF/pipline/prediction_pipeline.py] line number [41] error message [Error in batch prediction: Error occurred python script name [/Users/khalid/Desktop/ML-Model-Deployment/HF/pipline/prediction_pipeline.py] line number [24] error message [Error in prediction pipeline: Error occurred python script name [/Users/khalid/Desktop/ML-Model-Deployment/HF/components/model_prediction.py] line number [157] error message [Error in model prediction: Error occurred python script name [/Users/khalid/Desktop/ML-Model-Deployment/HF/components/model_prediction.py] line number [90] error message [Error making predictions: Error occurred python script name [/Users/khalid/Desktop/ML-Model-Deployment/HF/components/model_prediction.py] line number [23] error message [Error loading model: [Errno 2] No such file or directory: 'saved_models/latest/xgboost_model.pkl']]]]]
