[ 2025-04-09 13:08:53,185 ] asyncio - DEBUG - Using selector: KqueueSelector
[ 2025-04-09 13:08:53,938 ] root - INFO - Pipeline started
[ 2025-04-09 13:08:53,938 ] root - INFO - Starting data validation
[ 2025-04-09 13:08:53,938 ] root - INFO - Starting data ingestion
[ 2025-04-09 13:08:53,938 ] root - INFO - Initiating data ingestion
[ 2025-04-09 13:08:53,938 ] root - INFO - Creating directory: /Users/khalid/Desktop/ML-Model-Deployment/artifact/HF_09_04_2025_13_08_52/data_ingestion/feature_store
[ 2025-04-09 13:08:53,938 ] root - INFO - Creating directory: /Users/khalid/Desktop/ML-Model-Deployment/artifact/HF_09_04_2025_13_08_52/data_ingestion/ingested
[ 2025-04-09 13:08:53,938 ] root - INFO - Loading sample data
[ 2025-04-09 13:08:53,938 ] root - INFO - Loading sample data from existing train.csv
[ 2025-04-09 13:08:53,942 ] root - INFO - Shape of dataframe: (400, 45)
[ 2025-04-09 13:08:53,945 ] root - INFO - Data saved to feature store at: /Users/khalid/Desktop/ML-Model-Deployment/artifact/HF_09_04_2025_13_08_52/data_ingestion/feature_store/Study_Data.csv
[ 2025-04-09 13:08:53,945 ] root - INFO - Splitting data into train and test sets
[ 2025-04-09 13:08:53,950 ] root - INFO - Train and test data saved at: /Users/khalid/Desktop/ML-Model-Deployment/artifact/HF_09_04_2025_13_08_52/data_ingestion/ingested/train.csv, /Users/khalid/Desktop/ML-Model-Deployment/artifact/HF_09_04_2025_13_08_52/data_ingestion/ingested/test.csv
[ 2025-04-09 13:08:53,951 ] root - INFO - Data ingestion completed
[ 2025-04-09 13:08:53,953 ] root - INFO - Validation status of columns: False
[ 2025-04-09 13:08:53,957 ] root - DEBUG - Executing <class 'evidently.calculation_engine.python_engine.PythonEngine.get_metric_implementation.<locals>._Wrapper'>...
[ 2025-04-09 13:08:54,048 ] root - DEBUG - Executing <class 'evidently.calculation_engine.python_engine.PythonEngine.get_metric_implementation.<locals>._Wrapper'>...
[ 2025-04-09 13:08:54,135 ] root - INFO - Data validation completed
[ 2025-04-09 13:08:54,135 ] root - INFO - Starting data transformation
[ 2025-04-09 13:08:54,135 ] root - INFO - Starting data ingestion
[ 2025-04-09 13:08:54,136 ] root - INFO - Initiating data ingestion
[ 2025-04-09 13:08:54,136 ] root - INFO - Loading sample data
[ 2025-04-09 13:08:54,136 ] root - INFO - Loading sample data from existing train.csv
[ 2025-04-09 13:08:54,137 ] root - INFO - Shape of dataframe: (400, 45)
[ 2025-04-09 13:08:54,140 ] root - INFO - Data saved to feature store at: /Users/khalid/Desktop/ML-Model-Deployment/artifact/HF_09_04_2025_13_08_52/data_ingestion/feature_store/Study_Data.csv
[ 2025-04-09 13:08:54,140 ] root - INFO - Splitting data into train and test sets
[ 2025-04-09 13:08:54,144 ] root - INFO - Train and test data saved at: /Users/khalid/Desktop/ML-Model-Deployment/artifact/HF_09_04_2025_13_08_52/data_ingestion/ingested/train.csv, /Users/khalid/Desktop/ML-Model-Deployment/artifact/HF_09_04_2025_13_08_52/data_ingestion/ingested/test.csv
[ 2025-04-09 13:08:54,144 ] root - INFO - Data ingestion completed
[ 2025-04-09 13:08:54,144 ] root - INFO - Data Transformation Initialization
[ 2025-04-09 13:08:54,144 ] root - INFO - Starting data transformation
[ 2025-04-09 13:08:54,146 ] root - INFO - Available columns in train_df: ['Age', 'Sex', 'BMI', 'NYHA', 'HR', 'HTN', 'DM', 'Smoker', 'DL', 'BA', 'RBS', 'HbA1C', 'Creatinine', 'Na', 'K', 'Cl', 'Hb', 'TropI', 'CXR', 'ECG', 'LVIDd', 'FS', 'LVIDs', 'LVEF', 'RWMA', 'LAV', 'MI', 'ACS', 'Wall', 'Thrombolysis', 'ICT', 'IRT', 'MR', 'EA', 'DT', 'MPI', 'RR', 'Chest_pain', 'TC', 'LDLc', 'HDLc', 'TG', 'BNP', 'HF']
[ 2025-04-09 13:08:54,147 ] root - INFO - Creating data transformer object
[ 2025-04-09 13:08:54,155 ] root - INFO - Handling imbalanced data using SMOTEENN
[ 2025-04-09 13:08:54,209 ] root - INFO - Data Transformation Artifact: <HF.entity.artifact_entity.DataTransformationArtifact object at 0x311b71eb0>
[ 2025-04-09 13:08:54,210 ] root - INFO - Data transformation completed
[ 2025-04-09 13:08:54,210 ] root - INFO - Pipeline completed successfully
