[ 2025-04-09 15:12:46,880 ] botocore.hooks - DEBUG - Changing event name from creating-client-class.iot-data to creating-client-class.iot-data-plane
[ 2025-04-09 15:12:46,881 ] botocore.hooks - DEBUG - Changing event name from before-call.apigateway to before-call.api-gateway
[ 2025-04-09 15:12:46,881 ] botocore.hooks - DEBUG - Changing event name from request-created.machinelearning.Predict to request-created.machine-learning.Predict
[ 2025-04-09 15:12:46,882 ] botocore.hooks - DEBUG - Changing event name from before-parameter-build.autoscaling.CreateLaunchConfiguration to before-parameter-build.auto-scaling.CreateLaunchConfiguration
[ 2025-04-09 15:12:46,882 ] botocore.hooks - DEBUG - Changing event name from before-parameter-build.route53 to before-parameter-build.route-53
[ 2025-04-09 15:12:46,882 ] botocore.hooks - DEBUG - Changing event name from request-created.cloudsearchdomain.Search to request-created.cloudsearch-domain.Search
[ 2025-04-09 15:12:46,882 ] botocore.hooks - DEBUG - Changing event name from docs.*.autoscaling.CreateLaunchConfiguration.complete-section to docs.*.auto-scaling.CreateLaunchConfiguration.complete-section
[ 2025-04-09 15:12:46,883 ] botocore.hooks - DEBUG - Changing event name from before-parameter-build.logs.CreateExportTask to before-parameter-build.cloudwatch-logs.CreateExportTask
[ 2025-04-09 15:12:46,883 ] botocore.hooks - DEBUG - Changing event name from docs.*.logs.CreateExportTask.complete-section to docs.*.cloudwatch-logs.CreateExportTask.complete-section
[ 2025-04-09 15:12:46,883 ] botocore.hooks - DEBUG - Changing event name from before-parameter-build.cloudsearchdomain.Search to before-parameter-build.cloudsearch-domain.Search
[ 2025-04-09 15:12:46,883 ] botocore.hooks - DEBUG - Changing event name from docs.*.cloudsearchdomain.Search.complete-section to docs.*.cloudsearch-domain.Search.complete-section
[ 2025-04-09 15:12:46,884 ] botocore.loaders - DEBUG - Loading JSON file: /Users/khalid/Desktop/ML-Model-Deployment/.venv/lib/python3.9/site-packages/botocore/data/endpoints.json
[ 2025-04-09 15:12:46,892 ] botocore.loaders - DEBUG - Loading JSON file: /Users/khalid/Desktop/ML-Model-Deployment/.venv/lib/python3.9/site-packages/botocore/data/sdk-default-configuration.json
[ 2025-04-09 15:12:46,892 ] botocore.hooks - DEBUG - Event choose-service-name: calling handler <function handle_service_name_alias at 0x10113b430>
[ 2025-04-09 15:12:46,929 ] botocore.loaders - DEBUG - Loading JSON file: /Users/khalid/Desktop/ML-Model-Deployment/.venv/lib/python3.9/site-packages/botocore/data/s3/2006-03-01/service-2.json.gz
[ 2025-04-09 15:12:46,932 ] botocore.loaders - DEBUG - Loading JSON file: /Users/khalid/Desktop/ML-Model-Deployment/.venv/lib/python3.9/site-packages/botocore/data/s3/2006-03-01/service-2.sdk-extras.json
[ 2025-04-09 15:12:46,940 ] botocore.loaders - DEBUG - Loading JSON file: /Users/khalid/Desktop/ML-Model-Deployment/.venv/lib/python3.9/site-packages/botocore/data/s3/2006-03-01/endpoint-rule-set-1.json.gz
[ 2025-04-09 15:12:46,942 ] botocore.loaders - DEBUG - Loading JSON file: /Users/khalid/Desktop/ML-Model-Deployment/.venv/lib/python3.9/site-packages/botocore/data/partitions.json
[ 2025-04-09 15:12:46,943 ] botocore.hooks - DEBUG - Event creating-client-class.s3: calling handler <function add_generate_presigned_post at 0x101d11b80>
[ 2025-04-09 15:12:46,943 ] botocore.hooks - DEBUG - Event creating-client-class.s3: calling handler <function lazy_call.<locals>._handler at 0x101e4c4c0>
[ 2025-04-09 15:12:46,986 ] botocore.hooks - DEBUG - Event creating-client-class.s3: calling handler <function add_generate_presigned_url at 0x101d11940>
[ 2025-04-09 15:12:46,986 ] botocore.configprovider - DEBUG - Looking for endpoint for s3 via: environment_service
[ 2025-04-09 15:12:46,986 ] botocore.configprovider - DEBUG - Looking for endpoint for s3 via: environment_global
[ 2025-04-09 15:12:46,986 ] botocore.configprovider - DEBUG - Looking for endpoint for s3 via: config_service
[ 2025-04-09 15:12:46,986 ] botocore.configprovider - DEBUG - Looking for endpoint for s3 via: config_global
[ 2025-04-09 15:12:46,986 ] botocore.configprovider - DEBUG - No configured endpoint found.
[ 2025-04-09 15:12:47,043 ] botocore.endpoint - DEBUG - Setting s3 timeout as (60, 60)
[ 2025-04-09 15:12:47,044 ] botocore.loaders - DEBUG - Loading JSON file: /Users/khalid/Desktop/ML-Model-Deployment/.venv/lib/python3.9/site-packages/botocore/data/_retry.json
[ 2025-04-09 15:12:47,044 ] botocore.client - DEBUG - Registering retry handlers for service: s3
[ 2025-04-09 15:12:47,045 ] botocore.utils - DEBUG - Registering S3 region redirector handler
[ 2025-04-09 15:12:47,045 ] botocore.utils - DEBUG - Registering S3Express Identity Resolver
[ 2025-04-09 15:12:47,045 ] botocore.hooks - DEBUG - Event before-parameter-build.s3.HeadBucket: calling handler <function validate_bucket_name at 0x101d3c700>
[ 2025-04-09 15:12:47,045 ] botocore.hooks - DEBUG - Event before-parameter-build.s3.HeadBucket: calling handler <function remove_bucket_from_url_paths_from_model at 0x101d3a5e0>
[ 2025-04-09 15:12:47,045 ] botocore.hooks - DEBUG - Event before-parameter-build.s3.HeadBucket: calling handler <bound method S3RegionRedirectorv2.annotate_request_context of <botocore.utils.S3RegionRedirectorv2 object at 0x101d10ca0>>
[ 2025-04-09 15:12:47,045 ] botocore.hooks - DEBUG - Event before-parameter-build.s3.HeadBucket: calling handler <bound method ClientCreator._inject_s3_input_parameters of <botocore.client.ClientCreator object at 0x101c576d0>>
[ 2025-04-09 15:12:47,045 ] botocore.hooks - DEBUG - Event before-parameter-build.s3.HeadBucket: calling handler <function generate_idempotent_uuid at 0x101d3c550>
[ 2025-04-09 15:12:47,045 ] botocore.hooks - DEBUG - Event before-parameter-build.s3.HeadBucket: calling handler <function _handle_request_validation_mode_member at 0x101d3aca0>
[ 2025-04-09 15:12:47,045 ] botocore.hooks - DEBUG - Event before-endpoint-resolution.s3: calling handler <function customize_endpoint_resolver_builtins at 0x101d3a790>
[ 2025-04-09 15:12:47,045 ] botocore.hooks - DEBUG - Event before-endpoint-resolution.s3: calling handler <bound method S3RegionRedirectorv2.redirect_from_cache of <botocore.utils.S3RegionRedirectorv2 object at 0x101d10ca0>>
[ 2025-04-09 15:12:47,045 ] botocore.regions - DEBUG - Calling endpoint provider with parameters: {'Bucket': 'hf-predication-model2025', 'Region': 'us-east-1', 'UseFIPS': False, 'UseDualStack': False, 'ForcePathStyle': False, 'Accelerate': False, 'UseGlobalEndpoint': True, 'DisableMultiRegionAccessPoints': False, 'UseArnRegion': True}
[ 2025-04-09 15:12:47,046 ] botocore.regions - DEBUG - Endpoint provider result: https://hf-predication-model2025.s3.amazonaws.com
[ 2025-04-09 15:12:47,046 ] botocore.regions - DEBUG - Selecting from endpoint provider's list of auth schemes: "sigv4". User selected auth scheme is: "None"
[ 2025-04-09 15:12:47,046 ] botocore.regions - DEBUG - Selected auth type "v4" as "v4" with signing context params: {'region': 'us-east-1', 'signing_name': 's3', 'disableDoubleEncoding': True}
[ 2025-04-09 15:12:47,046 ] botocore.hooks - DEBUG - Event before-call.s3.HeadBucket: calling handler <function add_expect_header at 0x101d3ca60>
[ 2025-04-09 15:12:47,046 ] botocore.hooks - DEBUG - Event before-call.s3.HeadBucket: calling handler <bound method S3ExpressIdentityResolver.apply_signing_cache_key of <botocore.utils.S3ExpressIdentityResolver object at 0x101d10d00>>
[ 2025-04-09 15:12:47,046 ] botocore.hooks - DEBUG - Event before-call.s3.HeadBucket: calling handler <function add_recursion_detection_header at 0x101d3c160>
[ 2025-04-09 15:12:47,046 ] botocore.hooks - DEBUG - Event before-call.s3.HeadBucket: calling handler <function add_query_compatibility_header at 0x101d3ac10>
[ 2025-04-09 15:12:47,046 ] botocore.hooks - DEBUG - Event before-call.s3.HeadBucket: calling handler <function inject_api_version_header_if_needed at 0x101d38dc0>
[ 2025-04-09 15:12:47,046 ] botocore.endpoint - DEBUG - Making request for OperationModel(name=HeadBucket) with params: {'url_path': '', 'query_string': {}, 'method': 'HEAD', 'headers': {'User-Agent': 'Boto3/1.37.28 md/Botocore#1.37.28 ua/2.1 os/macos#24.3.0 md/arch#arm64 lang/python#3.9.6 md/pyimpl#CPython cfg/retry-mode#legacy Botocore/1.37.28'}, 'body': b'', 'auth_path': '/hf-predication-model2025/', 'url': 'https://hf-predication-model2025.s3.amazonaws.com/', 'context': {'client_region': 'us-east-1', 'client_config': <botocore.config.Config object at 0x102b2b4f0>, 'has_streaming_input': False, 'auth_type': 'v4', 'unsigned_payload': None, 's3_redirect': {'redirected': False, 'bucket': 'hf-predication-model2025', 'params': {'Bucket': 'hf-predication-model2025'}}, 'input_params': {'Bucket': 'hf-predication-model2025'}, 'signing': {'region': 'us-east-1', 'signing_name': 's3', 'disableDoubleEncoding': True}, 'endpoint_properties': {'authSchemes': [{'disableDoubleEncoding': True, 'name': 'sigv4', 'signingName': 's3', 'signingRegion': 'us-east-1'}]}}}
[ 2025-04-09 15:12:47,046 ] botocore.hooks - DEBUG - Event request-created.s3.HeadBucket: calling handler <bound method RequestSigner.handler of <botocore.signers.RequestSigner object at 0x102a06910>>
[ 2025-04-09 15:12:47,046 ] botocore.hooks - DEBUG - Event choose-signer.s3.HeadBucket: calling handler <bound method ClientCreator._default_s3_presign_to_sigv2 of <botocore.client.ClientCreator object at 0x101c576d0>>
[ 2025-04-09 15:12:47,046 ] botocore.hooks - DEBUG - Event choose-signer.s3.HeadBucket: calling handler <function set_operation_specific_signer at 0x101d3c3a0>
[ 2025-04-09 15:12:47,046 ] botocore.hooks - DEBUG - Event before-sign.s3.HeadBucket: calling handler <function remove_arn_from_signing_path at 0x101d3a700>
[ 2025-04-09 15:12:47,046 ] botocore.hooks - DEBUG - Event before-sign.s3.HeadBucket: calling handler <function _set_extra_headers_for_unsigned_request at 0x101d3ad30>
[ 2025-04-09 15:12:47,046 ] botocore.hooks - DEBUG - Event before-sign.s3.HeadBucket: calling handler <bound method S3ExpressIdentityResolver.resolve_s3express_identity of <botocore.utils.S3ExpressIdentityResolver object at 0x101d10d00>>
[ 2025-04-09 15:12:47,046 ] botocore.auth - DEBUG - Calculating signature using v4 auth.
[ 2025-04-09 15:12:47,046 ] botocore.auth - DEBUG - CanonicalRequest:
HEAD
/

host:hf-predication-model2025.s3.amazonaws.com
x-amz-content-sha256:e3b0c44298fc1c149afbf4c8996fb92427ae41e4649b934ca495991b7852b855
x-amz-date:20250409T091247Z

host;x-amz-content-sha256;x-amz-date
e3b0c44298fc1c149afbf4c8996fb92427ae41e4649b934ca495991b7852b855
[ 2025-04-09 15:12:47,046 ] botocore.auth - DEBUG - StringToSign:
AWS4-HMAC-SHA256
20250409T091247Z
20250409/us-east-1/s3/aws4_request
17a907a263124b89f09f9d9d2581f3c42254fa51a72f9486d8da6d7f63ed45af
[ 2025-04-09 15:12:47,046 ] botocore.auth - DEBUG - Signature:
cb3f737b747080ea55e6e8b0d885b8d237feff78bee015acf665f981d4f78c2c
[ 2025-04-09 15:12:47,046 ] botocore.hooks - DEBUG - Event request-created.s3.HeadBucket: calling handler <bound method UserAgentString.rebuild_and_replace_user_agent_handler of <botocore.useragent.UserAgentString object at 0x101d10d60>>
[ 2025-04-09 15:12:47,046 ] botocore.hooks - DEBUG - Event request-created.s3.HeadBucket: calling handler <function add_retry_headers at 0x101d3a550>
[ 2025-04-09 15:12:47,047 ] botocore.endpoint - DEBUG - Sending http request: <AWSPreparedRequest stream_output=False, method=HEAD, url=https://hf-predication-model2025.s3.amazonaws.com/, headers={'User-Agent': b'Boto3/1.37.28 md/Botocore#1.37.28 ua/2.1 os/macos#24.3.0 md/arch#arm64 lang/python#3.9.6 md/pyimpl#CPython cfg/retry-mode#legacy Botocore/1.37.28', 'X-Amz-Date': b'20250409T091247Z', 'X-Amz-Content-SHA256': b'e3b0c44298fc1c149afbf4c8996fb92427ae41e4649b934ca495991b7852b855', 'Authorization': b'AWS4-HMAC-SHA256 Credential=AKIA2RP6H2HI34XE4TN5/20250409/us-east-1/s3/aws4_request, SignedHeaders=host;x-amz-content-sha256;x-amz-date, Signature=cb3f737b747080ea55e6e8b0d885b8d237feff78bee015acf665f981d4f78c2c', 'amz-sdk-invocation-id': b'4d93a140-4a3a-49c9-8532-e6b07986ec10', 'amz-sdk-request': b'attempt=1'}>
[ 2025-04-09 15:12:47,047 ] botocore.httpsession - DEBUG - Certificate path: /Users/khalid/Desktop/ML-Model-Deployment/.venv/lib/python3.9/site-packages/certifi/cacert.pem
[ 2025-04-09 15:12:47,047 ] urllib3.connectionpool - DEBUG - Starting new HTTPS connection (1): hf-predication-model2025.s3.amazonaws.com:443
[ 2025-04-09 15:12:48,545 ] urllib3.connectionpool - DEBUG - https://hf-predication-model2025.s3.amazonaws.com:443 "HEAD / HTTP/1.1" 200 0
[ 2025-04-09 15:12:48,546 ] botocore.hooks - DEBUG - Event before-parse.s3.HeadBucket: calling handler <function _handle_200_error at 0x101d3aa60>
[ 2025-04-09 15:12:48,546 ] botocore.hooks - DEBUG - Event before-parse.s3.HeadBucket: calling handler <function handle_expires_header at 0x101d3a8b0>
[ 2025-04-09 15:12:48,547 ] botocore.parsers - DEBUG - Response headers: {'x-amz-id-2': 'oAAcU2wrWO8+g4GqNz2RNDHYlleO7uFWLyfl6jgnWD6WTBLcLzXyXlGAk8/YEcebCalBGligLXw=', 'x-amz-request-id': '7SDS99Y75AXZEF6V', 'Date': 'Wed, 09 Apr 2025 09:12:49 GMT', 'x-amz-bucket-region': 'us-east-1', 'x-amz-access-point-alias': 'false', 'Content-Type': 'application/xml', 'Transfer-Encoding': 'chunked', 'Server': 'AmazonS3'}
[ 2025-04-09 15:12:48,547 ] botocore.parsers - DEBUG - Response body:
b''
[ 2025-04-09 15:12:48,547 ] botocore.hooks - DEBUG - Event needs-retry.s3.HeadBucket: calling handler <function _update_status_code at 0x101d3ab80>
[ 2025-04-09 15:12:48,547 ] botocore.hooks - DEBUG - Event needs-retry.s3.HeadBucket: calling handler <botocore.retryhandler.RetryHandler object at 0x101d10190>
[ 2025-04-09 15:12:48,548 ] botocore.retryhandler - DEBUG - No retry needed.
[ 2025-04-09 15:12:48,548 ] botocore.hooks - DEBUG - Event needs-retry.s3.HeadBucket: calling handler <bound method S3RegionRedirectorv2.redirect_from_error of <botocore.utils.S3RegionRedirectorv2 object at 0x101d10ca0>>
[ 2025-04-09 15:12:48,548 ] root - INFO - Bucket hf-predication-model2025 exists
[ 2025-04-09 15:12:48,548 ] root - INFO - S3Utils initialized with bucket: hf-predication-model2025
[ 2025-04-09 15:12:48,550 ] boto3.s3.transfer - DEBUG - Opting out of CRT Transfer Manager. Preferred client: auto, CRT available: False, Instance Optimized: False.
[ 2025-04-09 15:12:48,550 ] boto3.s3.transfer - DEBUG - Using default client. pid: 10303, thread: 8629061696
[ 2025-04-09 15:12:48,550 ] s3transfer.utils - DEBUG - Acquiring 0
[ 2025-04-09 15:12:48,551 ] s3transfer.tasks - DEBUG - UploadSubmissionTask(transfer_id=0, {'transfer_future': <s3transfer.futures.TransferFuture object at 0x101a24220>}) about to wait for the following futures []
[ 2025-04-09 15:12:48,551 ] s3transfer.tasks - DEBUG - UploadSubmissionTask(transfer_id=0, {'transfer_future': <s3transfer.futures.TransferFuture object at 0x101a24220>}) done waiting for dependent futures
[ 2025-04-09 15:12:48,551 ] s3transfer.tasks - DEBUG - Executing task UploadSubmissionTask(transfer_id=0, {'transfer_future': <s3transfer.futures.TransferFuture object at 0x101a24220>}) with kwargs {'client': <botocore.client.S3 object at 0x102a06580>, 'config': <boto3.s3.transfer.TransferConfig object at 0x101d10070>, 'osutil': <s3transfer.utils.OSUtils object at 0x101d10fa0>, 'request_executor': <s3transfer.futures.BoundedExecutor object at 0x101c0b0a0>, 'transfer_future': <s3transfer.futures.TransferFuture object at 0x101a24220>}
[ 2025-04-09 15:12:48,551 ] s3transfer.futures - DEBUG - Submitting task PutObjectTask(transfer_id=0, {'bucket': 'hf-predication-model2025', 'key': 'tests/s3_test_20250409_151248.txt', 'extra_args': {'ChecksumAlgorithm': 'CRC32'}}) to executor <s3transfer.futures.BoundedExecutor object at 0x101c0b0a0> for transfer request: 0.
[ 2025-04-09 15:12:48,551 ] s3transfer.utils - DEBUG - Acquiring 0
[ 2025-04-09 15:12:48,552 ] s3transfer.tasks - DEBUG - PutObjectTask(transfer_id=0, {'bucket': 'hf-predication-model2025', 'key': 'tests/s3_test_20250409_151248.txt', 'extra_args': {'ChecksumAlgorithm': 'CRC32'}}) about to wait for the following futures []
[ 2025-04-09 15:12:48,552 ] s3transfer.utils - DEBUG - Releasing acquire 0/None
[ 2025-04-09 15:12:48,552 ] s3transfer.tasks - DEBUG - PutObjectTask(transfer_id=0, {'bucket': 'hf-predication-model2025', 'key': 'tests/s3_test_20250409_151248.txt', 'extra_args': {'ChecksumAlgorithm': 'CRC32'}}) done waiting for dependent futures
[ 2025-04-09 15:12:48,552 ] s3transfer.tasks - DEBUG - Executing task PutObjectTask(transfer_id=0, {'bucket': 'hf-predication-model2025', 'key': 'tests/s3_test_20250409_151248.txt', 'extra_args': {'ChecksumAlgorithm': 'CRC32'}}) with kwargs {'client': <botocore.client.S3 object at 0x102a06580>, 'fileobj': <s3transfer.utils.ReadFileChunk object at 0x1018028b0>, 'bucket': 'hf-predication-model2025', 'key': 'tests/s3_test_20250409_151248.txt', 'extra_args': {'ChecksumAlgorithm': 'CRC32'}}
[ 2025-04-09 15:12:48,553 ] botocore.hooks - DEBUG - Event before-parameter-build.s3.PutObject: calling handler <function validate_ascii_metadata at 0x101d383a0>
[ 2025-04-09 15:12:48,553 ] botocore.hooks - DEBUG - Event before-parameter-build.s3.PutObject: calling handler <function sse_md5 at 0x101d3c790>
[ 2025-04-09 15:12:48,553 ] botocore.hooks - DEBUG - Event before-parameter-build.s3.PutObject: calling handler <function convert_body_to_file_like_object at 0x101d38ca0>
[ 2025-04-09 15:12:48,553 ] botocore.hooks - DEBUG - Event before-parameter-build.s3.PutObject: calling handler <function validate_bucket_name at 0x101d3c700>
[ 2025-04-09 15:12:48,553 ] botocore.hooks - DEBUG - Event before-parameter-build.s3.PutObject: calling handler <function remove_bucket_from_url_paths_from_model at 0x101d3a5e0>
[ 2025-04-09 15:12:48,553 ] botocore.hooks - DEBUG - Event before-parameter-build.s3.PutObject: calling handler <bound method S3RegionRedirectorv2.annotate_request_context of <botocore.utils.S3RegionRedirectorv2 object at 0x101d10ca0>>
[ 2025-04-09 15:12:48,553 ] botocore.hooks - DEBUG - Event before-parameter-build.s3.PutObject: calling handler <bound method ClientCreator._inject_s3_input_parameters of <botocore.client.ClientCreator object at 0x101c576d0>>
[ 2025-04-09 15:12:48,553 ] botocore.hooks - DEBUG - Event before-parameter-build.s3.PutObject: calling handler <function generate_idempotent_uuid at 0x101d3c550>
[ 2025-04-09 15:12:48,553 ] botocore.hooks - DEBUG - Event before-parameter-build.s3.PutObject: calling handler <function _handle_request_validation_mode_member at 0x101d3aca0>
[ 2025-04-09 15:12:48,553 ] botocore.hooks - DEBUG - Event before-endpoint-resolution.s3: calling handler <function customize_endpoint_resolver_builtins at 0x101d3a790>
[ 2025-04-09 15:12:48,553 ] botocore.hooks - DEBUG - Event before-endpoint-resolution.s3: calling handler <bound method S3RegionRedirectorv2.redirect_from_cache of <botocore.utils.S3RegionRedirectorv2 object at 0x101d10ca0>>
[ 2025-04-09 15:12:48,554 ] botocore.regions - DEBUG - Calling endpoint provider with parameters: {'Bucket': 'hf-predication-model2025', 'Region': 'us-east-1', 'UseFIPS': False, 'UseDualStack': False, 'ForcePathStyle': False, 'Accelerate': False, 'UseGlobalEndpoint': True, 'Key': 'tests/s3_test_20250409_151248.txt', 'DisableMultiRegionAccessPoints': False, 'UseArnRegion': True}
[ 2025-04-09 15:12:48,554 ] botocore.regions - DEBUG - Endpoint provider result: https://hf-predication-model2025.s3.amazonaws.com
[ 2025-04-09 15:12:48,554 ] botocore.regions - DEBUG - Selecting from endpoint provider's list of auth schemes: "sigv4". User selected auth scheme is: "None"
[ 2025-04-09 15:12:48,554 ] botocore.regions - DEBUG - Selected auth type "v4" as "v4" with signing context params: {'region': 'us-east-1', 'signing_name': 's3', 'disableDoubleEncoding': True}
[ 2025-04-09 15:12:48,555 ] botocore.hooks - DEBUG - Event before-call.s3.PutObject: calling handler <function add_expect_header at 0x101d3ca60>
[ 2025-04-09 15:12:48,555 ] botocore.handlers - DEBUG - Adding expect 100 continue header to request.
[ 2025-04-09 15:12:48,555 ] botocore.hooks - DEBUG - Event before-call.s3.PutObject: calling handler <bound method S3ExpressIdentityResolver.apply_signing_cache_key of <botocore.utils.S3ExpressIdentityResolver object at 0x101d10d00>>
[ 2025-04-09 15:12:48,555 ] botocore.hooks - DEBUG - Event before-call.s3.PutObject: calling handler <function add_recursion_detection_header at 0x101d3c160>
[ 2025-04-09 15:12:48,555 ] botocore.hooks - DEBUG - Event before-call.s3.PutObject: calling handler <function add_query_compatibility_header at 0x101d3ac10>
[ 2025-04-09 15:12:48,555 ] botocore.hooks - DEBUG - Event before-call.s3.PutObject: calling handler <function inject_api_version_header_if_needed at 0x101d38dc0>
[ 2025-04-09 15:12:48,555 ] botocore.endpoint - DEBUG - Making request for OperationModel(name=PutObject) with params: {'url_path': '/tests/s3_test_20250409_151248.txt', 'query_string': {}, 'method': 'PUT', 'headers': {'x-amz-sdk-checksum-algorithm': 'CRC32', 'User-Agent': 'Boto3/1.37.28 md/Botocore#1.37.28 ua/2.1 os/macos#24.3.0 md/arch#arm64 lang/python#3.9.6 md/pyimpl#CPython m/G cfg/retry-mode#legacy Botocore/1.37.28', 'Expect': '100-continue', 'Transfer-Encoding': 'chunked', 'Content-Encoding': 'aws-chunked', 'X-Amz-Trailer': 'x-amz-checksum-crc32', 'X-Amz-Decoded-Content-Length': '52'}, 'body': <botocore.httpchecksum.AwsChunkedWrapper object at 0x101ddd1c0>, 'auth_path': '/hf-predication-model2025/tests/s3_test_20250409_151248.txt', 'url': 'https://hf-predication-model2025.s3.amazonaws.com/tests/s3_test_20250409_151248.txt', 'context': {'client_region': 'us-east-1', 'client_config': <botocore.config.Config object at 0x102b2b4f0>, 'has_streaming_input': True, 'auth_type': 'v4', 'unsigned_payload': None, 's3_redirect': {'redirected': False, 'bucket': 'hf-predication-model2025', 'params': {'Bucket': 'hf-predication-model2025', 'Key': 'tests/s3_test_20250409_151248.txt', 'Body': <s3transfer.utils.ReadFileChunk object at 0x1018028b0>, 'ChecksumAlgorithm': 'CRC32'}}, 'input_params': {'Bucket': 'hf-predication-model2025', 'Key': 'tests/s3_test_20250409_151248.txt'}, 'signing': {'region': 'us-east-1', 'signing_name': 's3', 'disableDoubleEncoding': True}, 'endpoint_properties': {'authSchemes': [{'disableDoubleEncoding': True, 'name': 'sigv4', 'signingName': 's3', 'signingRegion': 'us-east-1'}]}, 'checksum': {'request_algorithm': {'algorithm': 'crc32', 'in': 'trailer', 'name': 'x-amz-checksum-crc32'}}}}
[ 2025-04-09 15:12:48,556 ] botocore.hooks - DEBUG - Event request-created.s3.PutObject: calling handler <function signal_not_transferring at 0x102b51310>
[ 2025-04-09 15:12:48,556 ] botocore.hooks - DEBUG - Event request-created.s3.PutObject: calling handler <bound method RequestSigner.handler of <botocore.signers.RequestSigner object at 0x102a06910>>
[ 2025-04-09 15:12:48,556 ] botocore.hooks - DEBUG - Event choose-signer.s3.PutObject: calling handler <bound method ClientCreator._default_s3_presign_to_sigv2 of <botocore.client.ClientCreator object at 0x101c576d0>>
[ 2025-04-09 15:12:48,556 ] botocore.hooks - DEBUG - Event choose-signer.s3.PutObject: calling handler <function set_operation_specific_signer at 0x101d3c3a0>
[ 2025-04-09 15:12:48,556 ] botocore.hooks - DEBUG - Event before-sign.s3.PutObject: calling handler <function remove_arn_from_signing_path at 0x101d3a700>
[ 2025-04-09 15:12:48,556 ] botocore.hooks - DEBUG - Event before-sign.s3.PutObject: calling handler <function _set_extra_headers_for_unsigned_request at 0x101d3ad30>
[ 2025-04-09 15:12:48,556 ] botocore.hooks - DEBUG - Event before-sign.s3.PutObject: calling handler <bound method S3ExpressIdentityResolver.resolve_s3express_identity of <botocore.utils.S3ExpressIdentityResolver object at 0x101d10d00>>
[ 2025-04-09 15:12:48,556 ] botocore.auth - DEBUG - Calculating signature using v4 auth.
[ 2025-04-09 15:12:48,557 ] botocore.auth - DEBUG - CanonicalRequest:
PUT
/tests/s3_test_20250409_151248.txt

content-encoding:aws-chunked
host:hf-predication-model2025.s3.amazonaws.com
x-amz-content-sha256:STREAMING-UNSIGNED-PAYLOAD-TRAILER
x-amz-date:20250409T091248Z
x-amz-decoded-content-length:52
x-amz-sdk-checksum-algorithm:CRC32
x-amz-trailer:x-amz-checksum-crc32

content-encoding;host;x-amz-content-sha256;x-amz-date;x-amz-decoded-content-length;x-amz-sdk-checksum-algorithm;x-amz-trailer
STREAMING-UNSIGNED-PAYLOAD-TRAILER
[ 2025-04-09 15:12:48,557 ] botocore.auth - DEBUG - StringToSign:
AWS4-HMAC-SHA256
20250409T091248Z
20250409/us-east-1/s3/aws4_request
9919f636fcbc8e9b5356ea63b2d0853badc8b319c74591838cd2399d467c88b4
[ 2025-04-09 15:12:48,557 ] botocore.auth - DEBUG - Signature:
265d19d3e50cdabf888666d6c83d324768ef400f30e94ed4d80f56e31563968e
[ 2025-04-09 15:12:48,557 ] botocore.hooks - DEBUG - Event request-created.s3.PutObject: calling handler <bound method UserAgentString.rebuild_and_replace_user_agent_handler of <botocore.useragent.UserAgentString object at 0x101d10d60>>
[ 2025-04-09 15:12:48,557 ] botocore.hooks - DEBUG - Event request-created.s3.PutObject: calling handler <function signal_transferring at 0x102b513a0>
[ 2025-04-09 15:12:48,557 ] botocore.hooks - DEBUG - Event request-created.s3.PutObject: calling handler <function add_retry_headers at 0x101d3a550>
[ 2025-04-09 15:12:48,557 ] botocore.endpoint - DEBUG - Sending http request: <AWSPreparedRequest stream_output=False, method=PUT, url=https://hf-predication-model2025.s3.amazonaws.com/tests/s3_test_20250409_151248.txt, headers={'x-amz-sdk-checksum-algorithm': b'CRC32', 'User-Agent': b'Boto3/1.37.28 md/Botocore#1.37.28 ua/2.1 os/macos#24.3.0 md/arch#arm64 lang/python#3.9.6 md/pyimpl#CPython m/G cfg/retry-mode#legacy Botocore/1.37.28', 'Expect': b'100-continue', 'Transfer-Encoding': b'chunked', 'Content-Encoding': b'aws-chunked', 'X-Amz-Trailer': b'x-amz-checksum-crc32', 'X-Amz-Decoded-Content-Length': b'52', 'X-Amz-Date': b'20250409T091248Z', 'X-Amz-Content-SHA256': b'STREAMING-UNSIGNED-PAYLOAD-TRAILER', 'Authorization': b'AWS4-HMAC-SHA256 Credential=AKIA2RP6H2HI34XE4TN5/20250409/us-east-1/s3/aws4_request, SignedHeaders=content-encoding;host;x-amz-content-sha256;x-amz-date;x-amz-decoded-content-length;x-amz-sdk-checksum-algorithm;x-amz-trailer, Signature=265d19d3e50cdabf888666d6c83d324768ef400f30e94ed4d80f56e31563968e', 'amz-sdk-invocation-id': b'f9a63da4-3df9-4e30-9279-3bbcc21f4871', 'amz-sdk-request': b'attempt=1'}>
[ 2025-04-09 15:12:48,558 ] botocore.httpsession - DEBUG - Certificate path: /Users/khalid/Desktop/ML-Model-Deployment/.venv/lib/python3.9/site-packages/certifi/cacert.pem
[ 2025-04-09 15:12:48,910 ] urllib3.connectionpool - DEBUG - https://hf-predication-model2025.s3.amazonaws.com:443 "PUT /tests/s3_test_20250409_151248.txt HTTP/1.1" 200 0
[ 2025-04-09 15:12:48,911 ] botocore.hooks - DEBUG - Event before-parse.s3.PutObject: calling handler <function _handle_200_error at 0x101d3aa60>
[ 2025-04-09 15:12:48,911 ] botocore.hooks - DEBUG - Event before-parse.s3.PutObject: calling handler <function handle_expires_header at 0x101d3a8b0>
[ 2025-04-09 15:12:48,911 ] botocore.parsers - DEBUG - Response headers: {'x-amz-id-2': 'WrlAwLsPHEZnNCbpEnAK1QQDAvj2nrJZgrx/ieLB65l0ScPih2glcMS6wrKEfejsl4TjstE5k4o=', 'x-amz-request-id': '7SDW02JQ338ENDXM', 'Date': 'Wed, 09 Apr 2025 09:12:49 GMT', 'x-amz-version-id': 'i59B7zGKxsvygswSEUug4zIApi5Zw4Nw', 'x-amz-server-side-encryption': 'AES256', 'ETag': '"6b6be8703f6bcfae59d55b68ace9e7ab"', 'x-amz-checksum-crc32': 'mlfQ3A==', 'x-amz-checksum-type': 'FULL_OBJECT', 'Content-Length': '0', 'Server': 'AmazonS3'}
[ 2025-04-09 15:12:48,911 ] botocore.parsers - DEBUG - Response body:
b''
[ 2025-04-09 15:12:48,911 ] botocore.hooks - DEBUG - Event needs-retry.s3.PutObject: calling handler <function _update_status_code at 0x101d3ab80>
[ 2025-04-09 15:12:48,911 ] botocore.hooks - DEBUG - Event needs-retry.s3.PutObject: calling handler <botocore.retryhandler.RetryHandler object at 0x101d10190>
[ 2025-04-09 15:12:48,912 ] botocore.retryhandler - DEBUG - No retry needed.
[ 2025-04-09 15:12:48,912 ] botocore.hooks - DEBUG - Event needs-retry.s3.PutObject: calling handler <bound method S3RegionRedirectorv2.redirect_from_error of <botocore.utils.S3RegionRedirectorv2 object at 0x101d10ca0>>
[ 2025-04-09 15:12:48,912 ] s3transfer.utils - DEBUG - Releasing acquire 0/None
[ 2025-04-09 15:12:48,912 ] root - INFO - File s3_test.txt uploaded to s3://hf-predication-model2025/tests/s3_test_20250409_151248.txt
[ 2025-04-09 15:12:48,912 ] botocore.hooks - DEBUG - Event before-parameter-build.s3.ListObjectsV2: calling handler <function set_list_objects_encoding_type_url at 0x101d389d0>
[ 2025-04-09 15:12:48,913 ] botocore.hooks - DEBUG - Event before-parameter-build.s3.ListObjectsV2: calling handler <function validate_bucket_name at 0x101d3c700>
[ 2025-04-09 15:12:48,913 ] botocore.hooks - DEBUG - Event before-parameter-build.s3.ListObjectsV2: calling handler <function remove_bucket_from_url_paths_from_model at 0x101d3a5e0>
[ 2025-04-09 15:12:48,913 ] botocore.hooks - DEBUG - Event before-parameter-build.s3.ListObjectsV2: calling handler <bound method S3RegionRedirectorv2.annotate_request_context of <botocore.utils.S3RegionRedirectorv2 object at 0x101d10ca0>>
[ 2025-04-09 15:12:48,913 ] botocore.hooks - DEBUG - Event before-parameter-build.s3.ListObjectsV2: calling handler <bound method ClientCreator._inject_s3_input_parameters of <botocore.client.ClientCreator object at 0x101c576d0>>
[ 2025-04-09 15:12:48,913 ] botocore.hooks - DEBUG - Event before-parameter-build.s3.ListObjectsV2: calling handler <function generate_idempotent_uuid at 0x101d3c550>
[ 2025-04-09 15:12:48,913 ] botocore.hooks - DEBUG - Event before-parameter-build.s3.ListObjectsV2: calling handler <function _handle_request_validation_mode_member at 0x101d3aca0>
[ 2025-04-09 15:12:48,913 ] botocore.hooks - DEBUG - Event before-endpoint-resolution.s3: calling handler <function customize_endpoint_resolver_builtins at 0x101d3a790>
[ 2025-04-09 15:12:48,913 ] botocore.hooks - DEBUG - Event before-endpoint-resolution.s3: calling handler <bound method S3RegionRedirectorv2.redirect_from_cache of <botocore.utils.S3RegionRedirectorv2 object at 0x101d10ca0>>
[ 2025-04-09 15:12:48,913 ] botocore.regions - DEBUG - Calling endpoint provider with parameters: {'Bucket': 'hf-predication-model2025', 'Region': 'us-east-1', 'UseFIPS': False, 'UseDualStack': False, 'ForcePathStyle': False, 'Accelerate': False, 'UseGlobalEndpoint': True, 'Prefix': '', 'DisableMultiRegionAccessPoints': False, 'UseArnRegion': True}
[ 2025-04-09 15:12:48,914 ] botocore.regions - DEBUG - Endpoint provider result: https://hf-predication-model2025.s3.amazonaws.com
[ 2025-04-09 15:12:48,914 ] botocore.regions - DEBUG - Selecting from endpoint provider's list of auth schemes: "sigv4". User selected auth scheme is: "None"
[ 2025-04-09 15:12:48,914 ] botocore.regions - DEBUG - Selected auth type "v4" as "v4" with signing context params: {'region': 'us-east-1', 'signing_name': 's3', 'disableDoubleEncoding': True}
[ 2025-04-09 15:12:48,914 ] botocore.hooks - DEBUG - Event before-call.s3.ListObjectsV2: calling handler <function add_expect_header at 0x101d3ca60>
[ 2025-04-09 15:12:48,914 ] botocore.hooks - DEBUG - Event before-call.s3.ListObjectsV2: calling handler <bound method S3ExpressIdentityResolver.apply_signing_cache_key of <botocore.utils.S3ExpressIdentityResolver object at 0x101d10d00>>
[ 2025-04-09 15:12:48,914 ] botocore.hooks - DEBUG - Event before-call.s3.ListObjectsV2: calling handler <function add_recursion_detection_header at 0x101d3c160>
[ 2025-04-09 15:12:48,915 ] botocore.hooks - DEBUG - Event before-call.s3.ListObjectsV2: calling handler <function add_query_compatibility_header at 0x101d3ac10>
[ 2025-04-09 15:12:48,915 ] botocore.hooks - DEBUG - Event before-call.s3.ListObjectsV2: calling handler <function inject_api_version_header_if_needed at 0x101d38dc0>
[ 2025-04-09 15:12:48,915 ] botocore.endpoint - DEBUG - Making request for OperationModel(name=ListObjectsV2) with params: {'url_path': '?list-type=2', 'query_string': {'prefix': '', 'encoding-type': 'url'}, 'method': 'GET', 'headers': {'User-Agent': 'Boto3/1.37.28 md/Botocore#1.37.28 ua/2.1 os/macos#24.3.0 md/arch#arm64 lang/python#3.9.6 md/pyimpl#CPython cfg/retry-mode#legacy Botocore/1.37.28'}, 'body': b'', 'auth_path': '/hf-predication-model2025/', 'url': 'https://hf-predication-model2025.s3.amazonaws.com/?list-type=2&prefix=&encoding-type=url', 'context': {'client_region': 'us-east-1', 'client_config': <botocore.config.Config object at 0x102b2b4f0>, 'has_streaming_input': False, 'auth_type': 'v4', 'unsigned_payload': None, 'encoding_type_auto_set': True, 's3_redirect': {'redirected': False, 'bucket': 'hf-predication-model2025', 'params': {'Bucket': 'hf-predication-model2025', 'Prefix': '', 'EncodingType': 'url'}}, 'input_params': {'Bucket': 'hf-predication-model2025', 'Prefix': ''}, 'signing': {'region': 'us-east-1', 'signing_name': 's3', 'disableDoubleEncoding': True}, 'endpoint_properties': {'authSchemes': [{'disableDoubleEncoding': True, 'name': 'sigv4', 'signingName': 's3', 'signingRegion': 'us-east-1'}]}}}
[ 2025-04-09 15:12:48,915 ] botocore.hooks - DEBUG - Event request-created.s3.ListObjectsV2: calling handler <function signal_not_transferring at 0x102b51310>
[ 2025-04-09 15:12:48,915 ] botocore.hooks - DEBUG - Event request-created.s3.ListObjectsV2: calling handler <bound method RequestSigner.handler of <botocore.signers.RequestSigner object at 0x102a06910>>
[ 2025-04-09 15:12:48,915 ] botocore.hooks - DEBUG - Event choose-signer.s3.ListObjectsV2: calling handler <bound method ClientCreator._default_s3_presign_to_sigv2 of <botocore.client.ClientCreator object at 0x101c576d0>>
[ 2025-04-09 15:12:48,915 ] botocore.hooks - DEBUG - Event choose-signer.s3.ListObjectsV2: calling handler <function set_operation_specific_signer at 0x101d3c3a0>
[ 2025-04-09 15:12:48,915 ] botocore.hooks - DEBUG - Event before-sign.s3.ListObjectsV2: calling handler <function remove_arn_from_signing_path at 0x101d3a700>
[ 2025-04-09 15:12:48,915 ] botocore.hooks - DEBUG - Event before-sign.s3.ListObjectsV2: calling handler <function _set_extra_headers_for_unsigned_request at 0x101d3ad30>
[ 2025-04-09 15:12:48,915 ] botocore.hooks - DEBUG - Event before-sign.s3.ListObjectsV2: calling handler <bound method S3ExpressIdentityResolver.resolve_s3express_identity of <botocore.utils.S3ExpressIdentityResolver object at 0x101d10d00>>
[ 2025-04-09 15:12:48,916 ] botocore.auth - DEBUG - Calculating signature using v4 auth.
[ 2025-04-09 15:12:48,916 ] botocore.auth - DEBUG - CanonicalRequest:
GET
/
encoding-type=url&list-type=2&prefix=
host:hf-predication-model2025.s3.amazonaws.com
x-amz-content-sha256:e3b0c44298fc1c149afbf4c8996fb92427ae41e4649b934ca495991b7852b855
x-amz-date:20250409T091248Z

host;x-amz-content-sha256;x-amz-date
e3b0c44298fc1c149afbf4c8996fb92427ae41e4649b934ca495991b7852b855
[ 2025-04-09 15:12:48,916 ] botocore.auth - DEBUG - StringToSign:
AWS4-HMAC-SHA256
20250409T091248Z
20250409/us-east-1/s3/aws4_request
4117cc8078dd446a71e5b731315ebad7dc165dcde2a426f76d6c6d415e3382f5
[ 2025-04-09 15:12:48,916 ] botocore.auth - DEBUG - Signature:
06e21913fe712f20f6b48a57febf5591357f488d3cff95088b46d65ca26f77bd
[ 2025-04-09 15:12:48,916 ] botocore.hooks - DEBUG - Event request-created.s3.ListObjectsV2: calling handler <bound method UserAgentString.rebuild_and_replace_user_agent_handler of <botocore.useragent.UserAgentString object at 0x101d10d60>>
[ 2025-04-09 15:12:48,916 ] botocore.hooks - DEBUG - Event request-created.s3.ListObjectsV2: calling handler <function signal_transferring at 0x102b513a0>
[ 2025-04-09 15:12:48,917 ] botocore.hooks - DEBUG - Event request-created.s3.ListObjectsV2: calling handler <function add_retry_headers at 0x101d3a550>
[ 2025-04-09 15:12:48,917 ] botocore.endpoint - DEBUG - Sending http request: <AWSPreparedRequest stream_output=False, method=GET, url=https://hf-predication-model2025.s3.amazonaws.com/?list-type=2&prefix=&encoding-type=url, headers={'User-Agent': b'Boto3/1.37.28 md/Botocore#1.37.28 ua/2.1 os/macos#24.3.0 md/arch#arm64 lang/python#3.9.6 md/pyimpl#CPython cfg/retry-mode#legacy Botocore/1.37.28', 'X-Amz-Date': b'20250409T091248Z', 'X-Amz-Content-SHA256': b'e3b0c44298fc1c149afbf4c8996fb92427ae41e4649b934ca495991b7852b855', 'Authorization': b'AWS4-HMAC-SHA256 Credential=AKIA2RP6H2HI34XE4TN5/20250409/us-east-1/s3/aws4_request, SignedHeaders=host;x-amz-content-sha256;x-amz-date, Signature=06e21913fe712f20f6b48a57febf5591357f488d3cff95088b46d65ca26f77bd', 'amz-sdk-invocation-id': b'ec25f55b-34a6-4008-9ea4-3a944e837e07', 'amz-sdk-request': b'attempt=1'}>
[ 2025-04-09 15:12:48,917 ] botocore.httpsession - DEBUG - Certificate path: /Users/khalid/Desktop/ML-Model-Deployment/.venv/lib/python3.9/site-packages/certifi/cacert.pem
[ 2025-04-09 15:12:49,253 ] urllib3.connectionpool - DEBUG - https://hf-predication-model2025.s3.amazonaws.com:443 "GET /?list-type=2&prefix=&encoding-type=url HTTP/1.1" 200 None
[ 2025-04-09 15:12:49,254 ] botocore.hooks - DEBUG - Event before-parse.s3.ListObjectsV2: calling handler <function _handle_200_error at 0x101d3aa60>
[ 2025-04-09 15:12:49,254 ] botocore.hooks - DEBUG - Event before-parse.s3.ListObjectsV2: calling handler <function handle_expires_header at 0x101d3a8b0>
[ 2025-04-09 15:12:49,254 ] botocore.parsers - DEBUG - Response headers: {'x-amz-id-2': 'ncSCqAhgehIeU/2GWqUckTezmGRn6zPEKxb1R6K804YFwaYnjGTKZJDtGvVdLNzYMJy7iXaBHns=', 'x-amz-request-id': 'HXVJE3JT2YDP11WR', 'Date': 'Wed, 09 Apr 2025 09:12:50 GMT', 'x-amz-bucket-region': 'us-east-1', 'Content-Type': 'application/xml', 'Transfer-Encoding': 'chunked', 'Server': 'AmazonS3'}
[ 2025-04-09 15:12:49,254 ] botocore.parsers - DEBUG - Response body:
b'<?xml version="1.0" encoding="UTF-8"?>\n<ListBucketResult xmlns="http://s3.amazonaws.com/doc/2006-03-01/"><Name>hf-predication-model2025</Name><Prefix></Prefix><KeyCount>1</KeyCount><MaxKeys>1000</MaxKeys><EncodingType>url</EncodingType><IsTruncated>false</IsTruncated><Contents><Key>tests/s3_test_20250409_151248.txt</Key><LastModified>2025-04-09T09:12:49.000Z</LastModified><ETag>&quot;6b6be8703f6bcfae59d55b68ace9e7ab&quot;</ETag><ChecksumAlgorithm>CRC32</ChecksumAlgorithm><ChecksumType>FULL_OBJECT</ChecksumType><Size>52</Size><StorageClass>STANDARD</StorageClass></Contents></ListBucketResult>'
[ 2025-04-09 15:12:49,255 ] botocore.hooks - DEBUG - Event needs-retry.s3.ListObjectsV2: calling handler <function _update_status_code at 0x101d3ab80>
[ 2025-04-09 15:12:49,255 ] botocore.hooks - DEBUG - Event needs-retry.s3.ListObjectsV2: calling handler <botocore.retryhandler.RetryHandler object at 0x101d10190>
[ 2025-04-09 15:12:49,255 ] botocore.retryhandler - DEBUG - No retry needed.
[ 2025-04-09 15:12:49,255 ] botocore.hooks - DEBUG - Event needs-retry.s3.ListObjectsV2: calling handler <bound method S3RegionRedirectorv2.redirect_from_error of <botocore.utils.S3RegionRedirectorv2 object at 0x101d10ca0>>
[ 2025-04-09 15:12:49,255 ] botocore.hooks - DEBUG - Event after-call.s3.ListObjectsV2: calling handler <function decode_list_object_v2 at 0x101d38af0>
[ 2025-04-09 15:12:49,255 ] root - INFO - Found 1 files with prefix 
